[0.019s] Invoking command in '/home/orangepi/follow_camera/build/follow_msg': CMAKE_PREFIX_PATH=${CMAKE_PREFIX_PATH}:/home/orangepi/follow_camera/install/follow_ros:/home/orangepi/car_ros2/install/rknn_yolo:/opt/ros/humble /usr/bin/cmake --build /home/orangepi/follow_camera/build/follow_msg -- -j8 -l8
[0.133s] [  1%] Built target follow_msg__cpp
[0.135s] [ 12%] Built target follow_msg__rosidl_generator_c
[0.150s] [ 12%] Built target ament_cmake_python_copy_follow_msg
[0.168s] [ 25%] Built target follow_msg__rosidl_typesupport_c
[0.169s] [ 34%] Built target follow_msg__rosidl_typesupport_introspection_c
[0.179s] [ 45%] Built target follow_msg__rosidl_typesupport_introspection_cpp
[0.199s] [ 56%] Built target follow_msg__rosidl_typesupport_fastrtps_c
[0.203s] [ 67%] Built target follow_msg__rosidl_typesupport_fastrtps_cpp
[0.210s] [ 78%] Built target follow_msg__rosidl_typesupport_cpp
[0.268s] [ 78%] Built target follow_msg
[0.329s] [ 80%] Built target follow_msg__py
[0.382s] [ 89%] Built target follow_msg__rosidl_generator_py
[0.430s] [ 92%] Built target follow_msg__rosidl_typesupport_fastrtps_c__pyext
[0.434s] [ 96%] Built target follow_msg__rosidl_typesupport_introspection_c__pyext
[0.444s] [100%] Built target follow_msg__rosidl_typesupport_c__pyext
[0.472s] running egg_info
[0.473s] writing follow_msg.egg-info/PKG-INFO
[0.473s] writing dependency_links to follow_msg.egg-info/dependency_links.txt
[0.473s] writing top-level names to follow_msg.egg-info/top_level.txt
[0.478s] reading manifest file 'follow_msg.egg-info/SOURCES.txt'
[0.479s] writing manifest file 'follow_msg.egg-info/SOURCES.txt'
[0.543s] [100%] Built target ament_cmake_python_build_follow_msg_egg
[0.558s] Invoked command in '/home/orangepi/follow_camera/build/follow_msg' returned '0': CMAKE_PREFIX_PATH=${CMAKE_PREFIX_PATH}:/home/orangepi/follow_camera/install/follow_ros:/home/orangepi/car_ros2/install/rknn_yolo:/opt/ros/humble /usr/bin/cmake --build /home/orangepi/follow_camera/build/follow_msg -- -j8 -l8
[0.581s] Invoking command in '/home/orangepi/follow_camera/build/follow_msg': CMAKE_PREFIX_PATH=${CMAKE_PREFIX_PATH}:/home/orangepi/follow_camera/install/follow_ros:/home/orangepi/car_ros2/install/rknn_yolo:/opt/ros/humble /usr/bin/cmake --install /home/orangepi/follow_camera/build/follow_msg
[0.590s] -- Install configuration: ""
[0.590s] -- Up-to-date: /home/orangepi/follow_camera/install/follow_msg/share/ament_index/resource_index/rosidl_interfaces/follow_msg
[0.591s] -- Up-to-date: /home/orangepi/follow_camera/install/follow_msg/include/follow_msg/follow_msg
[0.591s] -- Up-to-date: /home/orangepi/follow_camera/install/follow_msg/include/follow_msg/follow_msg/action
[0.592s] -- Up-to-date: /home/orangepi/follow_camera/install/follow_msg/include/follow_msg/follow_msg/action/track_red_dot.h
[0.592s] -- Up-to-date: /home/orangepi/follow_camera/install/follow_msg/include/follow_msg/follow_msg/action/detail
[0.592s] -- Up-to-date: /home/orangepi/follow_camera/install/follow_msg/include/follow_msg/follow_msg/action/detail/reset_tracker__functions.c
[0.593s] -- Up-to-date: /home/orangepi/follow_camera/install/follow_msg/include/follow_msg/follow_msg/action/detail/get_red_dot_position__functions.c
[0.593s] -- Up-to-date: /home/orangepi/follow_camera/install/follow_msg/include/follow_msg/follow_msg/action/detail/track_red_dot__functions.c
[0.594s] -- Up-to-date: /home/orangepi/follow_camera/install/follow_msg/include/follow_msg/follow_msg/action/detail/reset_tracker__functions.h
[0.594s] -- Up-to-date: /home/orangepi/follow_camera/install/follow_msg/include/follow_msg/follow_msg/action/detail/get_red_dot_position__struct.h
[0.594s] -- Up-to-date: /home/orangepi/follow_camera/install/follow_msg/include/follow_msg/follow_msg/action/detail/reset_tape_tracker__functions.h
[0.595s] -- Up-to-date: /home/orangepi/follow_camera/install/follow_msg/include/follow_msg/follow_msg/action/detail/reset_tape_tracker__struct.h
[0.595s] -- Up-to-date: /home/orangepi/follow_camera/install/follow_msg/include/follow_msg/follow_msg/action/detail/reset_tape_tracker__functions.c
[0.596s] -- Up-to-date: /home/orangepi/follow_camera/install/follow_msg/include/follow_msg/follow_msg/action/detail/reset_tracker__type_support.h
[0.596s] -- Up-to-date: /home/orangepi/follow_camera/install/follow_msg/include/follow_msg/follow_msg/action/detail/reset_tracker__struct.h
[0.596s] -- Up-to-date: /home/orangepi/follow_camera/install/follow_msg/include/follow_msg/follow_msg/action/detail/track_red_dot__functions.h
[0.597s] -- Up-to-date: /home/orangepi/follow_camera/install/follow_msg/include/follow_msg/follow_msg/action/detail/track_red_dot__struct.h
[0.597s] -- Up-to-date: /home/orangepi/follow_camera/install/follow_msg/include/follow_msg/follow_msg/action/detail/get_red_dot_position__functions.h
[0.598s] -- Up-to-date: /home/orangepi/follow_camera/install/follow_msg/include/follow_msg/follow_msg/action/detail/get_red_dot_position__type_support.h
[0.598s] -- Up-to-date: /home/orangepi/follow_camera/install/follow_msg/include/follow_msg/follow_msg/action/detail/track_red_dot__type_support.h
[0.598s] -- Up-to-date: /home/orangepi/follow_camera/install/follow_msg/include/follow_msg/follow_msg/action/detail/reset_tape_tracker__type_support.h
[0.599s] -- Up-to-date: /home/orangepi/follow_camera/install/follow_msg/include/follow_msg/follow_msg/action/reset_tape_tracker.h
[0.599s] -- Up-to-date: /home/orangepi/follow_camera/install/follow_msg/include/follow_msg/follow_msg/action/get_red_dot_position.h
[0.599s] -- Up-to-date: /home/orangepi/follow_camera/install/follow_msg/include/follow_msg/follow_msg/action/reset_tracker.h
[0.600s] -- Up-to-date: /home/orangepi/follow_camera/install/follow_msg/include/follow_msg/follow_msg/msg
[0.600s] -- Up-to-date: /home/orangepi/follow_camera/install/follow_msg/include/follow_msg/follow_msg/msg/rosidl_generator_c__visibility_control.h
[0.601s] -- Up-to-date: /home/orangepi/follow_camera/install/follow_msg/include/follow_msg/follow_msg/srv
[0.601s] -- Up-to-date: /home/orangepi/follow_camera/install/follow_msg/include/follow_msg/follow_msg/srv/detail
[0.601s] -- Up-to-date: /home/orangepi/follow_camera/install/follow_msg/include/follow_msg/follow_msg/srv/detail/get_red_dot_position__functions.c
[0.602s] -- Up-to-date: /home/orangepi/follow_camera/install/follow_msg/include/follow_msg/follow_msg/srv/detail/get_red_dot_position__struct.h
[0.602s] -- Up-to-date: /home/orangepi/follow_camera/install/follow_msg/include/follow_msg/follow_msg/srv/detail/get_red_dot_position__functions.h
[0.602s] -- Up-to-date: /home/orangepi/follow_camera/install/follow_msg/include/follow_msg/follow_msg/srv/detail/get_red_dot_position__type_support.h
[0.603s] -- Up-to-date: /home/orangepi/follow_camera/install/follow_msg/include/follow_msg/follow_msg/srv/get_red_dot_position.h
[0.603s] -- Up-to-date: /home/orangepi/follow_camera/install/follow_msg/share/follow_msg/environment/library_path.sh
[0.604s] -- Up-to-date: /home/orangepi/follow_camera/install/follow_msg/share/follow_msg/environment/library_path.dsv
[0.604s] -- Up-to-date: /home/orangepi/follow_camera/install/follow_msg/lib/libfollow_msg__rosidl_generator_c.so
[0.604s] -- Up-to-date: /home/orangepi/follow_camera/install/follow_msg/include/follow_msg/follow_msg
[0.605s] -- Up-to-date: /home/orangepi/follow_camera/install/follow_msg/include/follow_msg/follow_msg/action
[0.605s] -- Up-to-date: /home/orangepi/follow_camera/install/follow_msg/include/follow_msg/follow_msg/action/detail
[0.605s] -- Up-to-date: /home/orangepi/follow_camera/install/follow_msg/include/follow_msg/follow_msg/action/detail/reset_tracker__rosidl_typesupport_fastrtps_c.h
[0.606s] -- Up-to-date: /home/orangepi/follow_camera/install/follow_msg/include/follow_msg/follow_msg/action/detail/reset_tape_tracker__rosidl_typesupport_fastrtps_c.h
[0.606s] -- Up-to-date: /home/orangepi/follow_camera/install/follow_msg/include/follow_msg/follow_msg/action/detail/get_red_dot_position__rosidl_typesupport_fastrtps_c.h
[0.606s] -- Up-to-date: /home/orangepi/follow_camera/install/follow_msg/include/follow_msg/follow_msg/action/detail/track_red_dot__rosidl_typesupport_fastrtps_c.h
[0.607s] -- Up-to-date: /home/orangepi/follow_camera/install/follow_msg/include/follow_msg/follow_msg/msg
[0.607s] -- Up-to-date: /home/orangepi/follow_camera/install/follow_msg/include/follow_msg/follow_msg/msg/rosidl_typesupport_fastrtps_c__visibility_control.h
[0.607s] -- Up-to-date: /home/orangepi/follow_camera/install/follow_msg/include/follow_msg/follow_msg/srv
[0.608s] -- Up-to-date: /home/orangepi/follow_camera/install/follow_msg/include/follow_msg/follow_msg/srv/detail
[0.608s] -- Up-to-date: /home/orangepi/follow_camera/install/follow_msg/include/follow_msg/follow_msg/srv/detail/get_red_dot_position__rosidl_typesupport_fastrtps_c.h
[0.608s] -- Up-to-date: /home/orangepi/follow_camera/install/follow_msg/lib/libfollow_msg__rosidl_typesupport_fastrtps_c.so
[0.609s] -- Up-to-date: /home/orangepi/follow_camera/install/follow_msg/include/follow_msg/follow_msg
[0.609s] -- Up-to-date: /home/orangepi/follow_camera/install/follow_msg/include/follow_msg/follow_msg/action
[0.610s] -- Up-to-date: /home/orangepi/follow_camera/install/follow_msg/include/follow_msg/follow_msg/action/detail
[0.610s] -- Up-to-date: /home/orangepi/follow_camera/install/follow_msg/include/follow_msg/follow_msg/action/detail/get_red_dot_position__type_support.c
[0.610s] -- Up-to-date: /home/orangepi/follow_camera/install/follow_msg/include/follow_msg/follow_msg/action/detail/reset_tracker__rosidl_typesupport_introspection_c.h
[0.611s] -- Up-to-date: /home/orangepi/follow_camera/install/follow_msg/include/follow_msg/follow_msg/action/detail/get_red_dot_position__rosidl_typesupport_introspection_c.h
[0.611s] -- Up-to-date: /home/orangepi/follow_camera/install/follow_msg/include/follow_msg/follow_msg/action/detail/track_red_dot__rosidl_typesupport_introspection_c.h
[0.611s] -- Up-to-date: /home/orangepi/follow_camera/install/follow_msg/include/follow_msg/follow_msg/action/detail/reset_tape_tracker__type_support.c
[0.612s] -- Up-to-date: /home/orangepi/follow_camera/install/follow_msg/include/follow_msg/follow_msg/action/detail/reset_tape_tracker__rosidl_typesupport_introspection_c.h
[0.612s] -- Up-to-date: /home/orangepi/follow_camera/install/follow_msg/include/follow_msg/follow_msg/action/detail/reset_tracker__type_support.c
[0.612s] -- Up-to-date: /home/orangepi/follow_camera/install/follow_msg/include/follow_msg/follow_msg/action/detail/track_red_dot__type_support.c
[0.613s] -- Up-to-date: /home/orangepi/follow_camera/install/follow_msg/include/follow_msg/follow_msg/msg
[0.613s] -- Up-to-date: /home/orangepi/follow_camera/install/follow_msg/include/follow_msg/follow_msg/msg/rosidl_typesupport_introspection_c__visibility_control.h
[0.613s] -- Up-to-date: /home/orangepi/follow_camera/install/follow_msg/include/follow_msg/follow_msg/srv
[0.614s] -- Up-to-date: /home/orangepi/follow_camera/install/follow_msg/include/follow_msg/follow_msg/srv/detail
[0.614s] -- Up-to-date: /home/orangepi/follow_camera/install/follow_msg/include/follow_msg/follow_msg/srv/detail/get_red_dot_position__type_support.c
[0.615s] -- Up-to-date: /home/orangepi/follow_camera/install/follow_msg/include/follow_msg/follow_msg/srv/detail/get_red_dot_position__rosidl_typesupport_introspection_c.h
[0.615s] -- Up-to-date: /home/orangepi/follow_camera/install/follow_msg/lib/libfollow_msg__rosidl_typesupport_introspection_c.so
[0.615s] -- Up-to-date: /home/orangepi/follow_camera/install/follow_msg/lib/libfollow_msg__rosidl_typesupport_c.so
[0.616s] -- Up-to-date: /home/orangepi/follow_camera/install/follow_msg/include/follow_msg/follow_msg
[0.616s] -- Up-to-date: /home/orangepi/follow_camera/install/follow_msg/include/follow_msg/follow_msg/action
[0.616s] -- Up-to-date: /home/orangepi/follow_camera/install/follow_msg/include/follow_msg/follow_msg/action/get_red_dot_position.hpp
[0.617s] -- Up-to-date: /home/orangepi/follow_camera/install/follow_msg/include/follow_msg/follow_msg/action/reset_tape_tracker.hpp
[0.617s] -- Up-to-date: /home/orangepi/follow_camera/install/follow_msg/include/follow_msg/follow_msg/action/detail
[0.618s] -- Up-to-date: /home/orangepi/follow_camera/install/follow_msg/include/follow_msg/follow_msg/action/detail/track_red_dot__type_support.hpp
[0.618s] -- Up-to-date: /home/orangepi/follow_camera/install/follow_msg/include/follow_msg/follow_msg/action/detail/reset_tracker__struct.hpp
[0.618s] -- Up-to-date: /home/orangepi/follow_camera/install/follow_msg/include/follow_msg/follow_msg/action/detail/get_red_dot_position__traits.hpp
[0.619s] -- Up-to-date: /home/orangepi/follow_camera/install/follow_msg/include/follow_msg/follow_msg/action/detail/track_red_dot__struct.hpp
[0.619s] -- Up-to-date: /home/orangepi/follow_camera/install/follow_msg/include/follow_msg/follow_msg/action/detail/track_red_dot__traits.hpp
[0.620s] -- Up-to-date: /home/orangepi/follow_camera/install/follow_msg/include/follow_msg/follow_msg/action/detail/reset_tape_tracker__builder.hpp
[0.620s] -- Up-to-date: /home/orangepi/follow_camera/install/follow_msg/include/follow_msg/follow_msg/action/detail/reset_tape_tracker__type_support.hpp
[0.620s] -- Up-to-date: /home/orangepi/follow_camera/install/follow_msg/include/follow_msg/follow_msg/action/detail/get_red_dot_position__builder.hpp
[0.621s] -- Up-to-date: /home/orangepi/follow_camera/install/follow_msg/include/follow_msg/follow_msg/action/detail/reset_tracker__type_support.hpp
[0.621s] -- Up-to-date: /home/orangepi/follow_camera/install/follow_msg/include/follow_msg/follow_msg/action/detail/reset_tracker__traits.hpp
[0.621s] -- Up-to-date: /home/orangepi/follow_camera/install/follow_msg/include/follow_msg/follow_msg/action/detail/get_red_dot_position__struct.hpp
[0.622s] -- Up-to-date: /home/orangepi/follow_camera/install/follow_msg/include/follow_msg/follow_msg/action/detail/reset_tape_tracker__traits.hpp
[0.622s] -- Up-to-date: /home/orangepi/follow_camera/install/follow_msg/include/follow_msg/follow_msg/action/detail/reset_tape_tracker__struct.hpp
[0.622s] -- Up-to-date: /home/orangepi/follow_camera/install/follow_msg/include/follow_msg/follow_msg/action/detail/get_red_dot_position__type_support.hpp
[0.623s] -- Up-to-date: /home/orangepi/follow_camera/install/follow_msg/include/follow_msg/follow_msg/action/detail/track_red_dot__builder.hpp
[0.623s] -- Up-to-date: /home/orangepi/follow_camera/install/follow_msg/include/follow_msg/follow_msg/action/detail/reset_tracker__builder.hpp
[0.623s] -- Up-to-date: /home/orangepi/follow_camera/install/follow_msg/include/follow_msg/follow_msg/action/track_red_dot.hpp
[0.624s] -- Up-to-date: /home/orangepi/follow_camera/install/follow_msg/include/follow_msg/follow_msg/action/reset_tracker.hpp
[0.624s] -- Up-to-date: /home/orangepi/follow_camera/install/follow_msg/include/follow_msg/follow_msg/msg
[0.625s] -- Up-to-date: /home/orangepi/follow_camera/install/follow_msg/include/follow_msg/follow_msg/msg/rosidl_generator_cpp__visibility_control.hpp
[0.625s] -- Up-to-date: /home/orangepi/follow_camera/install/follow_msg/include/follow_msg/follow_msg/srv
[0.625s] -- Up-to-date: /home/orangepi/follow_camera/install/follow_msg/include/follow_msg/follow_msg/srv/get_red_dot_position.hpp
[0.626s] -- Up-to-date: /home/orangepi/follow_camera/install/follow_msg/include/follow_msg/follow_msg/srv/detail
[0.626s] -- Up-to-date: /home/orangepi/follow_camera/install/follow_msg/include/follow_msg/follow_msg/srv/detail/get_red_dot_position__traits.hpp
[0.626s] -- Up-to-date: /home/orangepi/follow_camera/install/follow_msg/include/follow_msg/follow_msg/srv/detail/get_red_dot_position__builder.hpp
[0.627s] -- Up-to-date: /home/orangepi/follow_camera/install/follow_msg/include/follow_msg/follow_msg/srv/detail/get_red_dot_position__struct.hpp
[0.627s] -- Up-to-date: /home/orangepi/follow_camera/install/follow_msg/include/follow_msg/follow_msg/srv/detail/get_red_dot_position__type_support.hpp
[0.627s] -- Up-to-date: /home/orangepi/follow_camera/install/follow_msg/include/follow_msg/follow_msg
[0.628s] -- Up-to-date: /home/orangepi/follow_camera/install/follow_msg/include/follow_msg/follow_msg/action
[0.628s] -- Up-to-date: /home/orangepi/follow_camera/install/follow_msg/include/follow_msg/follow_msg/action/detail
[0.628s] -- Up-to-date: /home/orangepi/follow_camera/install/follow_msg/include/follow_msg/follow_msg/action/detail/track_red_dot__rosidl_typesupport_fastrtps_cpp.hpp
[0.629s] -- Up-to-date: /home/orangepi/follow_camera/install/follow_msg/include/follow_msg/follow_msg/action/detail/reset_tape_tracker__rosidl_typesupport_fastrtps_cpp.hpp
[0.629s] -- Up-to-date: /home/orangepi/follow_camera/install/follow_msg/include/follow_msg/follow_msg/action/detail/get_red_dot_position__rosidl_typesupport_fastrtps_cpp.hpp
[0.629s] -- Up-to-date: /home/orangepi/follow_camera/install/follow_msg/include/follow_msg/follow_msg/action/detail/dds_fastrtps
[0.630s] -- Up-to-date: /home/orangepi/follow_camera/install/follow_msg/include/follow_msg/follow_msg/action/detail/reset_tracker__rosidl_typesupport_fastrtps_cpp.hpp
[0.630s] -- Up-to-date: /home/orangepi/follow_camera/install/follow_msg/include/follow_msg/follow_msg/msg
[0.630s] -- Up-to-date: /home/orangepi/follow_camera/install/follow_msg/include/follow_msg/follow_msg/msg/rosidl_typesupport_fastrtps_cpp__visibility_control.h
[0.631s] -- Up-to-date: /home/orangepi/follow_camera/install/follow_msg/include/follow_msg/follow_msg/srv
[0.631s] -- Up-to-date: /home/orangepi/follow_camera/install/follow_msg/include/follow_msg/follow_msg/srv/detail
[0.632s] -- Up-to-date: /home/orangepi/follow_camera/install/follow_msg/include/follow_msg/follow_msg/srv/detail/get_red_dot_position__rosidl_typesupport_fastrtps_cpp.hpp
[0.632s] -- Up-to-date: /home/orangepi/follow_camera/install/follow_msg/include/follow_msg/follow_msg/srv/detail/dds_fastrtps
[0.632s] -- Up-to-date: /home/orangepi/follow_camera/install/follow_msg/lib/libfollow_msg__rosidl_typesupport_fastrtps_cpp.so
[0.633s] -- Up-to-date: /home/orangepi/follow_camera/install/follow_msg/include/follow_msg/follow_msg
[0.633s] -- Up-to-date: /home/orangepi/follow_camera/install/follow_msg/include/follow_msg/follow_msg/action
[0.634s] -- Up-to-date: /home/orangepi/follow_camera/install/follow_msg/include/follow_msg/follow_msg/action/detail
[0.634s] -- Up-to-date: /home/orangepi/follow_camera/install/follow_msg/include/follow_msg/follow_msg/action/detail/reset_tracker__type_support.cpp
[0.634s] -- Up-to-date: /home/orangepi/follow_camera/install/follow_msg/include/follow_msg/follow_msg/action/detail/get_red_dot_position__rosidl_typesupport_introspection_cpp.hpp
[0.635s] -- Up-to-date: /home/orangepi/follow_camera/install/follow_msg/include/follow_msg/follow_msg/action/detail/track_red_dot__type_support.cpp
[0.635s] -- Up-to-date: /home/orangepi/follow_camera/install/follow_msg/include/follow_msg/follow_msg/action/detail/track_red_dot__rosidl_typesupport_introspection_cpp.hpp
[0.636s] -- Up-to-date: /home/orangepi/follow_camera/install/follow_msg/include/follow_msg/follow_msg/action/detail/reset_tape_tracker__rosidl_typesupport_introspection_cpp.hpp
[0.636s] -- Up-to-date: /home/orangepi/follow_camera/install/follow_msg/include/follow_msg/follow_msg/action/detail/get_red_dot_position__type_support.cpp
[0.636s] -- Up-to-date: /home/orangepi/follow_camera/install/follow_msg/include/follow_msg/follow_msg/action/detail/reset_tape_tracker__type_support.cpp
[0.637s] -- Up-to-date: /home/orangepi/follow_camera/install/follow_msg/include/follow_msg/follow_msg/action/detail/reset_tracker__rosidl_typesupport_introspection_cpp.hpp
[0.637s] -- Up-to-date: /home/orangepi/follow_camera/install/follow_msg/include/follow_msg/follow_msg/srv
[0.637s] -- Up-to-date: /home/orangepi/follow_camera/install/follow_msg/include/follow_msg/follow_msg/srv/detail
[0.638s] -- Up-to-date: /home/orangepi/follow_camera/install/follow_msg/include/follow_msg/follow_msg/srv/detail/get_red_dot_position__rosidl_typesupport_introspection_cpp.hpp
[0.638s] -- Up-to-date: /home/orangepi/follow_camera/install/follow_msg/include/follow_msg/follow_msg/srv/detail/get_red_dot_position__type_support.cpp
[0.638s] -- Up-to-date: /home/orangepi/follow_camera/install/follow_msg/lib/libfollow_msg__rosidl_typesupport_introspection_cpp.so
[0.638s] -- Up-to-date: /home/orangepi/follow_camera/install/follow_msg/lib/libfollow_msg__rosidl_typesupport_cpp.so
[0.639s] -- Up-to-date: /home/orangepi/follow_camera/install/follow_msg/share/follow_msg/environment/pythonpath.sh
[0.639s] -- Up-to-date: /home/orangepi/follow_camera/install/follow_msg/share/follow_msg/environment/pythonpath.dsv
[0.639s] -- Up-to-date: /home/orangepi/follow_camera/install/follow_msg/local/lib/python3.10/dist-packages/follow_msg-0.0.0-py3.10.egg-info
[0.639s] -- Installing: /home/orangepi/follow_camera/install/follow_msg/local/lib/python3.10/dist-packages/follow_msg-0.0.0-py3.10.egg-info/top_level.txt
[0.640s] -- Installing: /home/orangepi/follow_camera/install/follow_msg/local/lib/python3.10/dist-packages/follow_msg-0.0.0-py3.10.egg-info/SOURCES.txt
[0.640s] -- Installing: /home/orangepi/follow_camera/install/follow_msg/local/lib/python3.10/dist-packages/follow_msg-0.0.0-py3.10.egg-info/PKG-INFO
[0.640s] -- Installing: /home/orangepi/follow_camera/install/follow_msg/local/lib/python3.10/dist-packages/follow_msg-0.0.0-py3.10.egg-info/dependency_links.txt
[0.640s] -- Up-to-date: /home/orangepi/follow_camera/install/follow_msg/local/lib/python3.10/dist-packages/follow_msg
[0.640s] -- Up-to-date: /home/orangepi/follow_camera/install/follow_msg/local/lib/python3.10/dist-packages/follow_msg/action
[0.640s] -- Up-to-date: /home/orangepi/follow_camera/install/follow_msg/local/lib/python3.10/dist-packages/follow_msg/action/_reset_tracker_s.c
[0.640s] -- Up-to-date: /home/orangepi/follow_camera/install/follow_msg/local/lib/python3.10/dist-packages/follow_msg/action/_get_red_dot_position_s.c
[0.640s] -- Up-to-date: /home/orangepi/follow_camera/install/follow_msg/local/lib/python3.10/dist-packages/follow_msg/action/_reset_tape_tracker_s.c
[0.641s] -- Up-to-date: /home/orangepi/follow_camera/install/follow_msg/local/lib/python3.10/dist-packages/follow_msg/action/_reset_tracker.py
[0.641s] -- Up-to-date: /home/orangepi/follow_camera/install/follow_msg/local/lib/python3.10/dist-packages/follow_msg/action/_reset_tape_tracker.py
[0.641s] -- Up-to-date: /home/orangepi/follow_camera/install/follow_msg/local/lib/python3.10/dist-packages/follow_msg/action/_track_red_dot.py
[0.641s] -- Up-to-date: /home/orangepi/follow_camera/install/follow_msg/local/lib/python3.10/dist-packages/follow_msg/action/__init__.py
[0.641s] -- Up-to-date: /home/orangepi/follow_camera/install/follow_msg/local/lib/python3.10/dist-packages/follow_msg/action/_track_red_dot_s.c
[0.641s] -- Up-to-date: /home/orangepi/follow_camera/install/follow_msg/local/lib/python3.10/dist-packages/follow_msg/action/_get_red_dot_position.py
[0.641s] -- Up-to-date: /home/orangepi/follow_camera/install/follow_msg/local/lib/python3.10/dist-packages/follow_msg/_follow_msg_s.ep.rosidl_typesupport_c.c
[0.641s] -- Up-to-date: /home/orangepi/follow_camera/install/follow_msg/local/lib/python3.10/dist-packages/follow_msg/follow_msg_s__rosidl_typesupport_c.cpython-310-aarch64-linux-gnu.so
[0.642s] -- Up-to-date: /home/orangepi/follow_camera/install/follow_msg/local/lib/python3.10/dist-packages/follow_msg/__init__.py
[0.642s] -- Up-to-date: /home/orangepi/follow_camera/install/follow_msg/local/lib/python3.10/dist-packages/follow_msg/_follow_msg_s.ep.rosidl_typesupport_fastrtps_c.c
[0.642s] -- Up-to-date: /home/orangepi/follow_camera/install/follow_msg/local/lib/python3.10/dist-packages/follow_msg/libfollow_msg__rosidl_generator_py.so
[0.642s] -- Up-to-date: /home/orangepi/follow_camera/install/follow_msg/local/lib/python3.10/dist-packages/follow_msg/follow_msg_s__rosidl_typesupport_introspection_c.cpython-310-aarch64-linux-gnu.so
[0.642s] -- Up-to-date: /home/orangepi/follow_camera/install/follow_msg/local/lib/python3.10/dist-packages/follow_msg/_follow_msg_s.ep.rosidl_typesupport_introspection_c.c
[0.642s] -- Up-to-date: /home/orangepi/follow_camera/install/follow_msg/local/lib/python3.10/dist-packages/follow_msg/follow_msg_s__rosidl_typesupport_fastrtps_c.cpython-310-aarch64-linux-gnu.so
[0.642s] -- Up-to-date: /home/orangepi/follow_camera/install/follow_msg/local/lib/python3.10/dist-packages/follow_msg/srv
[0.642s] -- Up-to-date: /home/orangepi/follow_camera/install/follow_msg/local/lib/python3.10/dist-packages/follow_msg/srv/_get_red_dot_position_s.c
[0.643s] -- Up-to-date: /home/orangepi/follow_camera/install/follow_msg/local/lib/python3.10/dist-packages/follow_msg/srv/__init__.py
[0.643s] -- Up-to-date: /home/orangepi/follow_camera/install/follow_msg/local/lib/python3.10/dist-packages/follow_msg/srv/_get_red_dot_position.py
[0.648s] Listing '/home/orangepi/follow_camera/install/follow_msg/local/lib/python3.10/dist-packages/follow_msg'...
[0.648s] Listing '/home/orangepi/follow_camera/install/follow_msg/local/lib/python3.10/dist-packages/follow_msg/action'...
[0.648s] Listing '/home/orangepi/follow_camera/install/follow_msg/local/lib/python3.10/dist-packages/follow_msg/srv'...
[0.657s] -- Up-to-date: /home/orangepi/follow_camera/install/follow_msg/local/lib/python3.10/dist-packages/follow_msg/follow_msg_s__rosidl_typesupport_fastrtps_c.cpython-310-aarch64-linux-gnu.so
[0.657s] -- Up-to-date: /home/orangepi/follow_camera/install/follow_msg/local/lib/python3.10/dist-packages/follow_msg/follow_msg_s__rosidl_typesupport_introspection_c.cpython-310-aarch64-linux-gnu.so
[0.658s] -- Up-to-date: /home/orangepi/follow_camera/install/follow_msg/local/lib/python3.10/dist-packages/follow_msg/follow_msg_s__rosidl_typesupport_c.cpython-310-aarch64-linux-gnu.so
[0.658s] -- Up-to-date: /home/orangepi/follow_camera/install/follow_msg/lib/libfollow_msg__rosidl_generator_py.so
[0.658s] -- Up-to-date: /home/orangepi/follow_camera/install/follow_msg/share/follow_msg/action/TrackRedDot.idl
[0.659s] -- Up-to-date: /home/orangepi/follow_camera/install/follow_msg/share/follow_msg/action/ResetTapeTracker.idl
[0.659s] -- Up-to-date: /home/orangepi/follow_camera/install/follow_msg/share/follow_msg/action/ResetTracker.idl
[0.659s] -- Up-to-date: /home/orangepi/follow_camera/install/follow_msg/share/follow_msg/action/GetRedDotPosition.idl
[0.659s] -- Up-to-date: /home/orangepi/follow_camera/install/follow_msg/share/follow_msg/action/TrackRedDot.action
[0.659s] -- Up-to-date: /home/orangepi/follow_camera/install/follow_msg/share/follow_msg/action/ResetTapeTracker.action
[0.659s] -- Up-to-date: /home/orangepi/follow_camera/install/follow_msg/share/follow_msg/action/ResetTracker.action
[0.659s] -- Up-to-date: /home/orangepi/follow_camera/install/follow_msg/share/follow_msg/action/GetRedDotPosition.action
[0.659s] -- Up-to-date: /home/orangepi/follow_camera/install/follow_msg/share/ament_index/resource_index/package_run_dependencies/follow_msg
[0.659s] -- Up-to-date: /home/orangepi/follow_camera/install/follow_msg/share/ament_index/resource_index/parent_prefix_path/follow_msg
[0.660s] -- Up-to-date: /home/orangepi/follow_camera/install/follow_msg/share/follow_msg/environment/ament_prefix_path.sh
[0.660s] -- Up-to-date: /home/orangepi/follow_camera/install/follow_msg/share/follow_msg/environment/ament_prefix_path.dsv
[0.660s] -- Up-to-date: /home/orangepi/follow_camera/install/follow_msg/share/follow_msg/environment/path.sh
[0.660s] -- Up-to-date: /home/orangepi/follow_camera/install/follow_msg/share/follow_msg/environment/path.dsv
[0.660s] -- Up-to-date: /home/orangepi/follow_camera/install/follow_msg/share/follow_msg/local_setup.bash
[0.660s] -- Up-to-date: /home/orangepi/follow_camera/install/follow_msg/share/follow_msg/local_setup.sh
[0.660s] -- Up-to-date: /home/orangepi/follow_camera/install/follow_msg/share/follow_msg/local_setup.zsh
[0.660s] -- Up-to-date: /home/orangepi/follow_camera/install/follow_msg/share/follow_msg/local_setup.dsv
[0.660s] -- Installing: /home/orangepi/follow_camera/install/follow_msg/share/follow_msg/package.dsv
[0.661s] -- Up-to-date: /home/orangepi/follow_camera/install/follow_msg/share/ament_index/resource_index/packages/follow_msg
[0.661s] -- Up-to-date: /home/orangepi/follow_camera/install/follow_msg/share/follow_msg/cmake/export_follow_msg__rosidl_generator_cExport.cmake
[0.661s] -- Up-to-date: /home/orangepi/follow_camera/install/follow_msg/share/follow_msg/cmake/export_follow_msg__rosidl_generator_cExport-noconfig.cmake
[0.661s] -- Up-to-date: /home/orangepi/follow_camera/install/follow_msg/share/follow_msg/cmake/export_follow_msg__rosidl_typesupport_fastrtps_cExport.cmake
[0.661s] -- Up-to-date: /home/orangepi/follow_camera/install/follow_msg/share/follow_msg/cmake/export_follow_msg__rosidl_typesupport_fastrtps_cExport-noconfig.cmake
[0.661s] -- Up-to-date: /home/orangepi/follow_camera/install/follow_msg/share/follow_msg/cmake/follow_msg__rosidl_typesupport_introspection_cExport.cmake
[0.661s] -- Up-to-date: /home/orangepi/follow_camera/install/follow_msg/share/follow_msg/cmake/follow_msg__rosidl_typesupport_introspection_cExport-noconfig.cmake
[0.661s] -- Up-to-date: /home/orangepi/follow_camera/install/follow_msg/share/follow_msg/cmake/follow_msg__rosidl_typesupport_cExport.cmake
[0.661s] -- Up-to-date: /home/orangepi/follow_camera/install/follow_msg/share/follow_msg/cmake/follow_msg__rosidl_typesupport_cExport-noconfig.cmake
[0.661s] -- Up-to-date: /home/orangepi/follow_camera/install/follow_msg/share/follow_msg/cmake/export_follow_msg__rosidl_generator_cppExport.cmake
[0.662s] -- Up-to-date: /home/orangepi/follow_camera/install/follow_msg/share/follow_msg/cmake/export_follow_msg__rosidl_typesupport_fastrtps_cppExport.cmake
[0.662s] -- Up-to-date: /home/orangepi/follow_camera/install/follow_msg/share/follow_msg/cmake/export_follow_msg__rosidl_typesupport_fastrtps_cppExport-noconfig.cmake
[0.662s] -- Up-to-date: /home/orangepi/follow_camera/install/follow_msg/share/follow_msg/cmake/follow_msg__rosidl_typesupport_introspection_cppExport.cmake
[0.662s] -- Up-to-date: /home/orangepi/follow_camera/install/follow_msg/share/follow_msg/cmake/follow_msg__rosidl_typesupport_introspection_cppExport-noconfig.cmake
[0.662s] -- Up-to-date: /home/orangepi/follow_camera/install/follow_msg/share/follow_msg/cmake/follow_msg__rosidl_typesupport_cppExport.cmake
[0.662s] -- Up-to-date: /home/orangepi/follow_camera/install/follow_msg/share/follow_msg/cmake/follow_msg__rosidl_typesupport_cppExport-noconfig.cmake
[0.662s] -- Up-to-date: /home/orangepi/follow_camera/install/follow_msg/share/follow_msg/cmake/export_follow_msg__rosidl_generator_pyExport.cmake
[0.662s] -- Up-to-date: /home/orangepi/follow_camera/install/follow_msg/share/follow_msg/cmake/export_follow_msg__rosidl_generator_pyExport-noconfig.cmake
[0.663s] -- Up-to-date: /home/orangepi/follow_camera/install/follow_msg/share/follow_msg/cmake/rosidl_cmake-extras.cmake
[0.663s] -- Up-to-date: /home/orangepi/follow_camera/install/follow_msg/share/follow_msg/cmake/ament_cmake_export_dependencies-extras.cmake
[0.663s] -- Up-to-date: /home/orangepi/follow_camera/install/follow_msg/share/follow_msg/cmake/ament_cmake_export_include_directories-extras.cmake
[0.663s] -- Up-to-date: /home/orangepi/follow_camera/install/follow_msg/share/follow_msg/cmake/ament_cmake_export_libraries-extras.cmake
[0.663s] -- Up-to-date: /home/orangepi/follow_camera/install/follow_msg/share/follow_msg/cmake/ament_cmake_export_targets-extras.cmake
[0.663s] -- Up-to-date: /home/orangepi/follow_camera/install/follow_msg/share/follow_msg/cmake/rosidl_cmake_export_typesupport_targets-extras.cmake
[0.663s] -- Up-to-date: /home/orangepi/follow_camera/install/follow_msg/share/follow_msg/cmake/rosidl_cmake_export_typesupport_libraries-extras.cmake
[0.663s] -- Up-to-date: /home/orangepi/follow_camera/install/follow_msg/share/follow_msg/cmake/follow_msgConfig.cmake
[0.663s] -- Up-to-date: /home/orangepi/follow_camera/install/follow_msg/share/follow_msg/cmake/follow_msgConfig-version.cmake
[0.663s] -- Up-to-date: /home/orangepi/follow_camera/install/follow_msg/share/follow_msg/package.xml
[0.667s] Invoked command in '/home/orangepi/follow_camera/build/follow_msg' returned '0': CMAKE_PREFIX_PATH=${CMAKE_PREFIX_PATH}:/home/orangepi/follow_camera/install/follow_ros:/home/orangepi/car_ros2/install/rknn_yolo:/opt/ros/humble /usr/bin/cmake --install /home/orangepi/follow_camera/build/follow_msg
