[1.148s] Invoking command in '/home/orangepi/follow_camera/src/follow_ros': PYTHONPATH=/home/orangepi/follow_camera/build/follow_ros/prefix_override:/usr/lib/python3/dist-packages/colcon_core/task/python/colcon_distutils_commands:/home/orangepi/follow_camera/install/follow_ros/lib/python3.10/site-packages:${PYTHONPATH} /usr/bin/python3 -W ignore:setup.py install is deprecated -W ignore:easy_install command is deprecated setup.py egg_info --egg-base ../../build/follow_ros build --build-base /home/orangepi/follow_camera/build/follow_ros/build install --record /home/orangepi/follow_camera/build/follow_ros/install.log --single-version-externally-managed install_data
[1.503s] running egg_info
[1.504s] writing ../../build/follow_ros/follow_ros.egg-info/PKG-INFO
[1.505s] writing dependency_links to ../../build/follow_ros/follow_ros.egg-info/dependency_links.txt
[1.505s] writing entry points to ../../build/follow_ros/follow_ros.egg-info/entry_points.txt
[1.506s] writing requirements to ../../build/follow_ros/follow_ros.egg-info/requires.txt
[1.506s] writing top-level names to ../../build/follow_ros/follow_ros.egg-info/top_level.txt
[1.508s] reading manifest file '../../build/follow_ros/follow_ros.egg-info/SOURCES.txt'
[1.509s] writing manifest file '../../build/follow_ros/follow_ros.egg-info/SOURCES.txt'
[1.510s] running build
[1.510s] running build_py
[1.511s] copying follow_ros/tape_tracker.py -> /home/orangepi/follow_camera/build/follow_ros/build/lib/follow_ros
[1.511s] running install
[1.512s] running install_lib
[1.514s] copying /home/orangepi/follow_camera/build/follow_ros/build/lib/follow_ros/tape_tracker.py -> /home/orangepi/follow_camera/install/follow_ros/lib/python3.10/site-packages/follow_ros
[1.516s] byte-compiling /home/orangepi/follow_camera/install/follow_ros/lib/python3.10/site-packages/follow_ros/tape_tracker.py to tape_tracker.cpython-310.pyc
[1.524s] running install_data
[1.525s] running install_egg_info
[1.527s] removing '/home/orangepi/follow_camera/install/follow_ros/lib/python3.10/site-packages/follow_ros-0.0.0-py3.10.egg-info' (and everything under it)
[1.528s] Copying ../../build/follow_ros/follow_ros.egg-info to /home/orangepi/follow_camera/install/follow_ros/lib/python3.10/site-packages/follow_ros-0.0.0-py3.10.egg-info
[1.528s] running install_scripts
[1.565s] Installing camer_node script to /home/orangepi/follow_camera/install/follow_ros/lib/follow_ros
[1.565s] Installing gimbal_controller script to /home/orangepi/follow_camera/install/follow_ros/lib/follow_ros
[1.566s] Installing red_dot_tracker script to /home/orangepi/follow_camera/install/follow_ros/lib/follow_ros
[1.566s] Installing reset_controller script to /home/orangepi/follow_camera/install/follow_ros/lib/follow_ros
[1.566s] Installing tape_tracker script to /home/orangepi/follow_camera/install/follow_ros/lib/follow_ros
[1.567s] writing list of installed files to '/home/orangepi/follow_camera/build/follow_ros/install.log'
[1.664s] Invoked command in '/home/orangepi/follow_camera/src/follow_ros' returned '0': PYTHONPATH=/home/orangepi/follow_camera/build/follow_ros/prefix_override:/usr/lib/python3/dist-packages/colcon_core/task/python/colcon_distutils_commands:/home/orangepi/follow_camera/install/follow_ros/lib/python3.10/site-packages:${PYTHONPATH} /usr/bin/python3 -W ignore:setup.py install is deprecated -W ignore:easy_install command is deprecated setup.py egg_info --egg-base ../../build/follow_ros build --build-base /home/orangepi/follow_camera/build/follow_ros/build install --record /home/orangepi/follow_camera/build/follow_ros/install.log --single-version-externally-managed install_data
