[0.018s] Invoking command in '/home/orangepi/follow_camera/build/follow_msg': CMAKE_PREFIX_PATH=${CMAKE_PREFIX_PATH}:/home/orangepi/follow_camera/install/follow_ros:/home/orangepi/car_ros2/install/rknn_yolo:/opt/ros/humble /usr/bin/cmake --build /home/orangepi/follow_camera/build/follow_msg -- -j8 -l8
[0.200s] [  1%] Built target follow_msg__cpp
[0.221s] [ 12%] Built target follow_msg__rosidl_generator_c
[0.247s] [ 12%] Built target ament_cmake_python_copy_follow_msg
[0.276s] [ 23%] Built target follow_msg__rosidl_typesupport_c
[0.279s] [ 34%] Built target follow_msg__rosidl_typesupport_cpp
[0.282s] [ 56%] Built target follow_msg__rosidl_typesupport_fastrtps_cpp
[0.282s] [ 56%] Built target follow_msg__rosidl_typesupport_fastrtps_c
[0.293s] [ 67%] Built target follow_msg__rosidl_typesupport_introspection_c
[0.298s] [ 78%] Built target follow_msg__rosidl_typesupport_introspection_cpp
[0.359s] [ 78%] Built target follow_msg
[0.427s] [ 80%] Built target follow_msg__py
[0.512s] [ 89%] Built target follow_msg__rosidl_generator_py
[0.561s] [ 92%] Built target follow_msg__rosidl_typesupport_introspection_c__pyext
[0.595s] [100%] Built target follow_msg__rosidl_typesupport_c__pyext
[0.595s] [100%] Built target follow_msg__rosidl_typesupport_fastrtps_c__pyext
[0.689s] running egg_info
[0.690s] writing follow_msg.egg-info/PKG-INFO
[0.691s] writing dependency_links to follow_msg.egg-info/dependency_links.txt
[0.691s] writing top-level names to follow_msg.egg-info/top_level.txt
[0.696s] reading manifest file 'follow_msg.egg-info/SOURCES.txt'
[0.696s] writing manifest file 'follow_msg.egg-info/SOURCES.txt'
[0.797s] [100%] Built target ament_cmake_python_build_follow_msg_egg
[0.834s] Invoked command in '/home/orangepi/follow_camera/build/follow_msg' returned '0': CMAKE_PREFIX_PATH=${CMAKE_PREFIX_PATH}:/home/orangepi/follow_camera/install/follow_ros:/home/orangepi/car_ros2/install/rknn_yolo:/opt/ros/humble /usr/bin/cmake --build /home/orangepi/follow_camera/build/follow_msg -- -j8 -l8
[0.876s] Invoking command in '/home/orangepi/follow_camera/build/follow_msg': CMAKE_PREFIX_PATH=${CMAKE_PREFIX_PATH}:/home/orangepi/follow_camera/install/follow_ros:/home/orangepi/car_ros2/install/rknn_yolo:/opt/ros/humble /usr/bin/cmake --install /home/orangepi/follow_camera/build/follow_msg
[0.915s] -- Install configuration: ""
[0.916s] -- Up-to-date: /home/orangepi/follow_camera/install/follow_msg/share/ament_index/resource_index/rosidl_interfaces/follow_msg
[0.916s] -- Up-to-date: /home/orangepi/follow_camera/install/follow_msg/include/follow_msg/follow_msg
[0.918s] -- Up-to-date: /home/orangepi/follow_camera/install/follow_msg/include/follow_msg/follow_msg/action
[0.918s] -- Up-to-date: /home/orangepi/follow_camera/install/follow_msg/include/follow_msg/follow_msg/action/track_red_dot.h
[0.918s] -- Up-to-date: /home/orangepi/follow_camera/install/follow_msg/include/follow_msg/follow_msg/action/detail
[0.919s] -- Up-to-date: /home/orangepi/follow_camera/install/follow_msg/include/follow_msg/follow_msg/action/detail/reset_tracker__functions.c
[0.920s] -- Up-to-date: /home/orangepi/follow_camera/install/follow_msg/include/follow_msg/follow_msg/action/detail/get_red_dot_position__functions.c
[0.920s] -- Up-to-date: /home/orangepi/follow_camera/install/follow_msg/include/follow_msg/follow_msg/action/detail/track_red_dot__functions.c
[0.920s] -- Up-to-date: /home/orangepi/follow_camera/install/follow_msg/include/follow_msg/follow_msg/action/detail/reset_tracker__functions.h
[0.921s] -- Up-to-date: /home/orangepi/follow_camera/install/follow_msg/include/follow_msg/follow_msg/action/detail/get_red_dot_position__struct.h
[0.921s] -- Up-to-date: /home/orangepi/follow_camera/install/follow_msg/include/follow_msg/follow_msg/action/detail/reset_tape_tracker__functions.h
[0.922s] -- Up-to-date: /home/orangepi/follow_camera/install/follow_msg/include/follow_msg/follow_msg/action/detail/reset_tape_tracker__struct.h
[0.922s] -- Up-to-date: /home/orangepi/follow_camera/install/follow_msg/include/follow_msg/follow_msg/action/detail/reset_tape_tracker__functions.c
[0.922s] -- Up-to-date: /home/orangepi/follow_camera/install/follow_msg/include/follow_msg/follow_msg/action/detail/reset_tracker__type_support.h
[0.923s] -- Up-to-date: /home/orangepi/follow_camera/install/follow_msg/include/follow_msg/follow_msg/action/detail/reset_tracker__struct.h
[0.923s] -- Up-to-date: /home/orangepi/follow_camera/install/follow_msg/include/follow_msg/follow_msg/action/detail/track_red_dot__functions.h
[0.923s] -- Up-to-date: /home/orangepi/follow_camera/install/follow_msg/include/follow_msg/follow_msg/action/detail/track_red_dot__struct.h
[0.924s] -- Up-to-date: /home/orangepi/follow_camera/install/follow_msg/include/follow_msg/follow_msg/action/detail/get_red_dot_position__functions.h
[0.924s] -- Up-to-date: /home/orangepi/follow_camera/install/follow_msg/include/follow_msg/follow_msg/action/detail/get_red_dot_position__type_support.h
[0.924s] -- Up-to-date: /home/orangepi/follow_camera/install/follow_msg/include/follow_msg/follow_msg/action/detail/track_red_dot__type_support.h
[0.925s] -- Up-to-date: /home/orangepi/follow_camera/install/follow_msg/include/follow_msg/follow_msg/action/detail/reset_tape_tracker__type_support.h
[0.925s] -- Up-to-date: /home/orangepi/follow_camera/install/follow_msg/include/follow_msg/follow_msg/action/reset_tape_tracker.h
[0.926s] -- Up-to-date: /home/orangepi/follow_camera/install/follow_msg/include/follow_msg/follow_msg/action/get_red_dot_position.h
[0.926s] -- Up-to-date: /home/orangepi/follow_camera/install/follow_msg/include/follow_msg/follow_msg/action/reset_tracker.h
[0.926s] -- Up-to-date: /home/orangepi/follow_camera/install/follow_msg/include/follow_msg/follow_msg/msg
[0.927s] -- Up-to-date: /home/orangepi/follow_camera/install/follow_msg/include/follow_msg/follow_msg/msg/rosidl_generator_c__visibility_control.h
[0.927s] -- Up-to-date: /home/orangepi/follow_camera/install/follow_msg/share/follow_msg/environment/library_path.sh
[0.928s] -- Up-to-date: /home/orangepi/follow_camera/install/follow_msg/share/follow_msg/environment/library_path.dsv
[0.928s] -- Up-to-date: /home/orangepi/follow_camera/install/follow_msg/lib/libfollow_msg__rosidl_generator_c.so
[0.928s] -- Up-to-date: /home/orangepi/follow_camera/install/follow_msg/include/follow_msg/follow_msg
[0.929s] -- Up-to-date: /home/orangepi/follow_camera/install/follow_msg/include/follow_msg/follow_msg/action
[0.929s] -- Up-to-date: /home/orangepi/follow_camera/install/follow_msg/include/follow_msg/follow_msg/action/detail
[0.930s] -- Up-to-date: /home/orangepi/follow_camera/install/follow_msg/include/follow_msg/follow_msg/action/detail/reset_tracker__rosidl_typesupport_fastrtps_c.h
[0.930s] -- Up-to-date: /home/orangepi/follow_camera/install/follow_msg/include/follow_msg/follow_msg/action/detail/reset_tape_tracker__rosidl_typesupport_fastrtps_c.h
[0.930s] -- Up-to-date: /home/orangepi/follow_camera/install/follow_msg/include/follow_msg/follow_msg/action/detail/get_red_dot_position__rosidl_typesupport_fastrtps_c.h
[0.931s] -- Up-to-date: /home/orangepi/follow_camera/install/follow_msg/include/follow_msg/follow_msg/action/detail/track_red_dot__rosidl_typesupport_fastrtps_c.h
[0.931s] -- Up-to-date: /home/orangepi/follow_camera/install/follow_msg/include/follow_msg/follow_msg/msg
[0.931s] -- Up-to-date: /home/orangepi/follow_camera/install/follow_msg/include/follow_msg/follow_msg/msg/rosidl_typesupport_fastrtps_c__visibility_control.h
[0.932s] -- Up-to-date: /home/orangepi/follow_camera/install/follow_msg/lib/libfollow_msg__rosidl_typesupport_fastrtps_c.so
[0.932s] -- Up-to-date: /home/orangepi/follow_camera/install/follow_msg/include/follow_msg/follow_msg
[0.932s] -- Up-to-date: /home/orangepi/follow_camera/install/follow_msg/include/follow_msg/follow_msg/action
[0.933s] -- Up-to-date: /home/orangepi/follow_camera/install/follow_msg/include/follow_msg/follow_msg/action/detail
[0.933s] -- Up-to-date: /home/orangepi/follow_camera/install/follow_msg/include/follow_msg/follow_msg/action/detail/get_red_dot_position__type_support.c
[0.933s] -- Up-to-date: /home/orangepi/follow_camera/install/follow_msg/include/follow_msg/follow_msg/action/detail/reset_tracker__rosidl_typesupport_introspection_c.h
[0.934s] -- Up-to-date: /home/orangepi/follow_camera/install/follow_msg/include/follow_msg/follow_msg/action/detail/get_red_dot_position__rosidl_typesupport_introspection_c.h
[0.934s] -- Up-to-date: /home/orangepi/follow_camera/install/follow_msg/include/follow_msg/follow_msg/action/detail/track_red_dot__rosidl_typesupport_introspection_c.h
[0.935s] -- Up-to-date: /home/orangepi/follow_camera/install/follow_msg/include/follow_msg/follow_msg/action/detail/reset_tape_tracker__type_support.c
[0.935s] -- Up-to-date: /home/orangepi/follow_camera/install/follow_msg/include/follow_msg/follow_msg/action/detail/reset_tape_tracker__rosidl_typesupport_introspection_c.h
[0.935s] -- Up-to-date: /home/orangepi/follow_camera/install/follow_msg/include/follow_msg/follow_msg/action/detail/reset_tracker__type_support.c
[0.936s] -- Up-to-date: /home/orangepi/follow_camera/install/follow_msg/include/follow_msg/follow_msg/action/detail/track_red_dot__type_support.c
[0.936s] -- Up-to-date: /home/orangepi/follow_camera/install/follow_msg/include/follow_msg/follow_msg/msg
[0.936s] -- Up-to-date: /home/orangepi/follow_camera/install/follow_msg/include/follow_msg/follow_msg/msg/rosidl_typesupport_introspection_c__visibility_control.h
[0.937s] -- Up-to-date: /home/orangepi/follow_camera/install/follow_msg/lib/libfollow_msg__rosidl_typesupport_introspection_c.so
[0.937s] -- Up-to-date: /home/orangepi/follow_camera/install/follow_msg/lib/libfollow_msg__rosidl_typesupport_c.so
[0.937s] -- Up-to-date: /home/orangepi/follow_camera/install/follow_msg/include/follow_msg/follow_msg
[0.938s] -- Up-to-date: /home/orangepi/follow_camera/install/follow_msg/include/follow_msg/follow_msg/action
[0.938s] -- Up-to-date: /home/orangepi/follow_camera/install/follow_msg/include/follow_msg/follow_msg/action/get_red_dot_position.hpp
[0.939s] -- Up-to-date: /home/orangepi/follow_camera/install/follow_msg/include/follow_msg/follow_msg/action/reset_tape_tracker.hpp
[0.939s] -- Up-to-date: /home/orangepi/follow_camera/install/follow_msg/include/follow_msg/follow_msg/action/detail
[0.939s] -- Up-to-date: /home/orangepi/follow_camera/install/follow_msg/include/follow_msg/follow_msg/action/detail/track_red_dot__type_support.hpp
[0.940s] -- Up-to-date: /home/orangepi/follow_camera/install/follow_msg/include/follow_msg/follow_msg/action/detail/reset_tracker__struct.hpp
[0.940s] -- Up-to-date: /home/orangepi/follow_camera/install/follow_msg/include/follow_msg/follow_msg/action/detail/get_red_dot_position__traits.hpp
[0.941s] -- Up-to-date: /home/orangepi/follow_camera/install/follow_msg/include/follow_msg/follow_msg/action/detail/track_red_dot__struct.hpp
[0.941s] -- Up-to-date: /home/orangepi/follow_camera/install/follow_msg/include/follow_msg/follow_msg/action/detail/track_red_dot__traits.hpp
[0.941s] -- Up-to-date: /home/orangepi/follow_camera/install/follow_msg/include/follow_msg/follow_msg/action/detail/reset_tape_tracker__builder.hpp
[0.942s] -- Up-to-date: /home/orangepi/follow_camera/install/follow_msg/include/follow_msg/follow_msg/action/detail/reset_tape_tracker__type_support.hpp
[0.942s] -- Up-to-date: /home/orangepi/follow_camera/install/follow_msg/include/follow_msg/follow_msg/action/detail/get_red_dot_position__builder.hpp
[0.943s] -- Up-to-date: /home/orangepi/follow_camera/install/follow_msg/include/follow_msg/follow_msg/action/detail/reset_tracker__type_support.hpp
[0.943s] -- Up-to-date: /home/orangepi/follow_camera/install/follow_msg/include/follow_msg/follow_msg/action/detail/reset_tracker__traits.hpp
[0.943s] -- Up-to-date: /home/orangepi/follow_camera/install/follow_msg/include/follow_msg/follow_msg/action/detail/get_red_dot_position__struct.hpp
[0.944s] -- Up-to-date: /home/orangepi/follow_camera/install/follow_msg/include/follow_msg/follow_msg/action/detail/reset_tape_tracker__traits.hpp
[0.944s] -- Up-to-date: /home/orangepi/follow_camera/install/follow_msg/include/follow_msg/follow_msg/action/detail/reset_tape_tracker__struct.hpp
[0.944s] -- Up-to-date: /home/orangepi/follow_camera/install/follow_msg/include/follow_msg/follow_msg/action/detail/get_red_dot_position__type_support.hpp
[0.945s] -- Up-to-date: /home/orangepi/follow_camera/install/follow_msg/include/follow_msg/follow_msg/action/detail/track_red_dot__builder.hpp
[0.945s] -- Up-to-date: /home/orangepi/follow_camera/install/follow_msg/include/follow_msg/follow_msg/action/detail/reset_tracker__builder.hpp
[0.945s] -- Up-to-date: /home/orangepi/follow_camera/install/follow_msg/include/follow_msg/follow_msg/action/track_red_dot.hpp
[0.946s] -- Up-to-date: /home/orangepi/follow_camera/install/follow_msg/include/follow_msg/follow_msg/action/reset_tracker.hpp
[0.946s] -- Up-to-date: /home/orangepi/follow_camera/install/follow_msg/include/follow_msg/follow_msg/msg
[0.946s] -- Up-to-date: /home/orangepi/follow_camera/install/follow_msg/include/follow_msg/follow_msg/msg/rosidl_generator_cpp__visibility_control.hpp
[0.947s] -- Up-to-date: /home/orangepi/follow_camera/install/follow_msg/include/follow_msg/follow_msg
[0.947s] -- Up-to-date: /home/orangepi/follow_camera/install/follow_msg/include/follow_msg/follow_msg/action
[0.947s] -- Up-to-date: /home/orangepi/follow_camera/install/follow_msg/include/follow_msg/follow_msg/action/detail
[0.948s] -- Up-to-date: /home/orangepi/follow_camera/install/follow_msg/include/follow_msg/follow_msg/action/detail/track_red_dot__rosidl_typesupport_fastrtps_cpp.hpp
[0.948s] -- Up-to-date: /home/orangepi/follow_camera/install/follow_msg/include/follow_msg/follow_msg/action/detail/reset_tape_tracker__rosidl_typesupport_fastrtps_cpp.hpp
[0.948s] -- Up-to-date: /home/orangepi/follow_camera/install/follow_msg/include/follow_msg/follow_msg/action/detail/get_red_dot_position__rosidl_typesupport_fastrtps_cpp.hpp
[0.949s] -- Up-to-date: /home/orangepi/follow_camera/install/follow_msg/include/follow_msg/follow_msg/action/detail/dds_fastrtps
[0.949s] -- Up-to-date: /home/orangepi/follow_camera/install/follow_msg/include/follow_msg/follow_msg/action/detail/reset_tracker__rosidl_typesupport_fastrtps_cpp.hpp
[0.950s] -- Up-to-date: /home/orangepi/follow_camera/install/follow_msg/include/follow_msg/follow_msg/msg
[0.950s] -- Up-to-date: /home/orangepi/follow_camera/install/follow_msg/include/follow_msg/follow_msg/msg/rosidl_typesupport_fastrtps_cpp__visibility_control.h
[0.950s] -- Up-to-date: /home/orangepi/follow_camera/install/follow_msg/lib/libfollow_msg__rosidl_typesupport_fastrtps_cpp.so
[0.951s] -- Up-to-date: /home/orangepi/follow_camera/install/follow_msg/include/follow_msg/follow_msg
[0.951s] -- Up-to-date: /home/orangepi/follow_camera/install/follow_msg/include/follow_msg/follow_msg/action
[0.951s] -- Up-to-date: /home/orangepi/follow_camera/install/follow_msg/include/follow_msg/follow_msg/action/detail
[0.952s] -- Up-to-date: /home/orangepi/follow_camera/install/follow_msg/include/follow_msg/follow_msg/action/detail/reset_tracker__type_support.cpp
[0.952s] -- Up-to-date: /home/orangepi/follow_camera/install/follow_msg/include/follow_msg/follow_msg/action/detail/get_red_dot_position__rosidl_typesupport_introspection_cpp.hpp
[0.952s] -- Up-to-date: /home/orangepi/follow_camera/install/follow_msg/include/follow_msg/follow_msg/action/detail/track_red_dot__type_support.cpp
[0.953s] -- Up-to-date: /home/orangepi/follow_camera/install/follow_msg/include/follow_msg/follow_msg/action/detail/track_red_dot__rosidl_typesupport_introspection_cpp.hpp
[0.953s] -- Up-to-date: /home/orangepi/follow_camera/install/follow_msg/include/follow_msg/follow_msg/action/detail/reset_tape_tracker__rosidl_typesupport_introspection_cpp.hpp
[0.954s] -- Up-to-date: /home/orangepi/follow_camera/install/follow_msg/include/follow_msg/follow_msg/action/detail/get_red_dot_position__type_support.cpp
[0.954s] -- Up-to-date: /home/orangepi/follow_camera/install/follow_msg/include/follow_msg/follow_msg/action/detail/reset_tape_tracker__type_support.cpp
[0.954s] -- Up-to-date: /home/orangepi/follow_camera/install/follow_msg/include/follow_msg/follow_msg/action/detail/reset_tracker__rosidl_typesupport_introspection_cpp.hpp
[0.955s] -- Up-to-date: /home/orangepi/follow_camera/install/follow_msg/lib/libfollow_msg__rosidl_typesupport_introspection_cpp.so
[0.955s] -- Up-to-date: /home/orangepi/follow_camera/install/follow_msg/lib/libfollow_msg__rosidl_typesupport_cpp.so
[0.955s] -- Up-to-date: /home/orangepi/follow_camera/install/follow_msg/share/follow_msg/environment/pythonpath.sh
[0.956s] -- Up-to-date: /home/orangepi/follow_camera/install/follow_msg/share/follow_msg/environment/pythonpath.dsv
[0.956s] -- Up-to-date: /home/orangepi/follow_camera/install/follow_msg/local/lib/python3.10/dist-packages/follow_msg-0.0.0-py3.10.egg-info
[0.956s] -- Installing: /home/orangepi/follow_camera/install/follow_msg/local/lib/python3.10/dist-packages/follow_msg-0.0.0-py3.10.egg-info/top_level.txt
[0.957s] -- Installing: /home/orangepi/follow_camera/install/follow_msg/local/lib/python3.10/dist-packages/follow_msg-0.0.0-py3.10.egg-info/SOURCES.txt
[0.957s] -- Installing: /home/orangepi/follow_camera/install/follow_msg/local/lib/python3.10/dist-packages/follow_msg-0.0.0-py3.10.egg-info/PKG-INFO
[0.958s] -- Installing: /home/orangepi/follow_camera/install/follow_msg/local/lib/python3.10/dist-packages/follow_msg-0.0.0-py3.10.egg-info/dependency_links.txt
[0.958s] -- Up-to-date: /home/orangepi/follow_camera/install/follow_msg/local/lib/python3.10/dist-packages/follow_msg
[0.958s] -- Up-to-date: /home/orangepi/follow_camera/install/follow_msg/local/lib/python3.10/dist-packages/follow_msg/action
[0.959s] -- Up-to-date: /home/orangepi/follow_camera/install/follow_msg/local/lib/python3.10/dist-packages/follow_msg/action/_reset_tracker_s.c
[0.959s] -- Up-to-date: /home/orangepi/follow_camera/install/follow_msg/local/lib/python3.10/dist-packages/follow_msg/action/_get_red_dot_position_s.c
[0.959s] -- Up-to-date: /home/orangepi/follow_camera/install/follow_msg/local/lib/python3.10/dist-packages/follow_msg/action/_reset_tape_tracker_s.c
[0.960s] -- Up-to-date: /home/orangepi/follow_camera/install/follow_msg/local/lib/python3.10/dist-packages/follow_msg/action/_reset_tracker.py
[0.960s] -- Up-to-date: /home/orangepi/follow_camera/install/follow_msg/local/lib/python3.10/dist-packages/follow_msg/action/_reset_tape_tracker.py
[0.960s] -- Up-to-date: /home/orangepi/follow_camera/install/follow_msg/local/lib/python3.10/dist-packages/follow_msg/action/_track_red_dot.py
[0.960s] -- Up-to-date: /home/orangepi/follow_camera/install/follow_msg/local/lib/python3.10/dist-packages/follow_msg/action/__init__.py
[0.960s] -- Up-to-date: /home/orangepi/follow_camera/install/follow_msg/local/lib/python3.10/dist-packages/follow_msg/action/_track_red_dot_s.c
[0.960s] -- Up-to-date: /home/orangepi/follow_camera/install/follow_msg/local/lib/python3.10/dist-packages/follow_msg/action/_get_red_dot_position.py
[0.961s] -- Up-to-date: /home/orangepi/follow_camera/install/follow_msg/local/lib/python3.10/dist-packages/follow_msg/_follow_msg_s.ep.rosidl_typesupport_c.c
[0.961s] -- Up-to-date: /home/orangepi/follow_camera/install/follow_msg/local/lib/python3.10/dist-packages/follow_msg/follow_msg_s__rosidl_typesupport_c.cpython-310-aarch64-linux-gnu.so
[0.961s] -- Up-to-date: /home/orangepi/follow_camera/install/follow_msg/local/lib/python3.10/dist-packages/follow_msg/__init__.py
[0.961s] -- Up-to-date: /home/orangepi/follow_camera/install/follow_msg/local/lib/python3.10/dist-packages/follow_msg/_follow_msg_s.ep.rosidl_typesupport_fastrtps_c.c
[0.961s] -- Up-to-date: /home/orangepi/follow_camera/install/follow_msg/local/lib/python3.10/dist-packages/follow_msg/libfollow_msg__rosidl_generator_py.so
[0.961s] -- Up-to-date: /home/orangepi/follow_camera/install/follow_msg/local/lib/python3.10/dist-packages/follow_msg/follow_msg_s__rosidl_typesupport_introspection_c.cpython-310-aarch64-linux-gnu.so
[0.961s] -- Up-to-date: /home/orangepi/follow_camera/install/follow_msg/local/lib/python3.10/dist-packages/follow_msg/_follow_msg_s.ep.rosidl_typesupport_introspection_c.c
[0.961s] -- Up-to-date: /home/orangepi/follow_camera/install/follow_msg/local/lib/python3.10/dist-packages/follow_msg/follow_msg_s__rosidl_typesupport_fastrtps_c.cpython-310-aarch64-linux-gnu.so
[0.987s] Listing '/home/orangepi/follow_camera/install/follow_msg/local/lib/python3.10/dist-packages/follow_msg'...
[0.987s] Listing '/home/orangepi/follow_camera/install/follow_msg/local/lib/python3.10/dist-packages/follow_msg/action'...
[1.001s] -- Up-to-date: /home/orangepi/follow_camera/install/follow_msg/local/lib/python3.10/dist-packages/follow_msg/follow_msg_s__rosidl_typesupport_fastrtps_c.cpython-310-aarch64-linux-gnu.so
[1.001s] -- Up-to-date: /home/orangepi/follow_camera/install/follow_msg/local/lib/python3.10/dist-packages/follow_msg/follow_msg_s__rosidl_typesupport_introspection_c.cpython-310-aarch64-linux-gnu.so
[1.002s] -- Up-to-date: /home/orangepi/follow_camera/install/follow_msg/local/lib/python3.10/dist-packages/follow_msg/follow_msg_s__rosidl_typesupport_c.cpython-310-aarch64-linux-gnu.so
[1.003s] -- Up-to-date: /home/orangepi/follow_camera/install/follow_msg/lib/libfollow_msg__rosidl_generator_py.so
[1.004s] -- Up-to-date: /home/orangepi/follow_camera/install/follow_msg/share/follow_msg/action/TrackRedDot.idl
[1.004s] -- Up-to-date: /home/orangepi/follow_camera/install/follow_msg/share/follow_msg/action/ResetTapeTracker.idl
[1.004s] -- Up-to-date: /home/orangepi/follow_camera/install/follow_msg/share/follow_msg/action/ResetTracker.idl
[1.005s] -- Up-to-date: /home/orangepi/follow_camera/install/follow_msg/share/follow_msg/action/GetRedDotPosition.idl
[1.005s] -- Up-to-date: /home/orangepi/follow_camera/install/follow_msg/share/follow_msg/action/TrackRedDot.action
[1.005s] -- Up-to-date: /home/orangepi/follow_camera/install/follow_msg/share/follow_msg/action/ResetTapeTracker.action
[1.005s] -- Up-to-date: /home/orangepi/follow_camera/install/follow_msg/share/follow_msg/action/ResetTracker.action
[1.005s] -- Up-to-date: /home/orangepi/follow_camera/install/follow_msg/share/follow_msg/action/GetRedDotPosition.action
[1.005s] -- Up-to-date: /home/orangepi/follow_camera/install/follow_msg/share/ament_index/resource_index/package_run_dependencies/follow_msg
[1.005s] -- Up-to-date: /home/orangepi/follow_camera/install/follow_msg/share/ament_index/resource_index/parent_prefix_path/follow_msg
[1.006s] -- Up-to-date: /home/orangepi/follow_camera/install/follow_msg/share/follow_msg/environment/ament_prefix_path.sh
[1.006s] -- Up-to-date: /home/orangepi/follow_camera/install/follow_msg/share/follow_msg/environment/ament_prefix_path.dsv
[1.006s] -- Up-to-date: /home/orangepi/follow_camera/install/follow_msg/share/follow_msg/environment/path.sh
[1.006s] -- Up-to-date: /home/orangepi/follow_camera/install/follow_msg/share/follow_msg/environment/path.dsv
[1.006s] -- Up-to-date: /home/orangepi/follow_camera/install/follow_msg/share/follow_msg/local_setup.bash
[1.006s] -- Up-to-date: /home/orangepi/follow_camera/install/follow_msg/share/follow_msg/local_setup.sh
[1.006s] -- Up-to-date: /home/orangepi/follow_camera/install/follow_msg/share/follow_msg/local_setup.zsh
[1.007s] -- Up-to-date: /home/orangepi/follow_camera/install/follow_msg/share/follow_msg/local_setup.dsv
[1.007s] -- Installing: /home/orangepi/follow_camera/install/follow_msg/share/follow_msg/package.dsv
[1.007s] -- Up-to-date: /home/orangepi/follow_camera/install/follow_msg/share/ament_index/resource_index/packages/follow_msg
[1.008s] -- Up-to-date: /home/orangepi/follow_camera/install/follow_msg/share/follow_msg/cmake/export_follow_msg__rosidl_generator_cExport.cmake
[1.008s] -- Up-to-date: /home/orangepi/follow_camera/install/follow_msg/share/follow_msg/cmake/export_follow_msg__rosidl_generator_cExport-noconfig.cmake
[1.008s] -- Up-to-date: /home/orangepi/follow_camera/install/follow_msg/share/follow_msg/cmake/export_follow_msg__rosidl_typesupport_fastrtps_cExport.cmake
[1.009s] -- Up-to-date: /home/orangepi/follow_camera/install/follow_msg/share/follow_msg/cmake/export_follow_msg__rosidl_typesupport_fastrtps_cExport-noconfig.cmake
[1.009s] -- Up-to-date: /home/orangepi/follow_camera/install/follow_msg/share/follow_msg/cmake/follow_msg__rosidl_typesupport_introspection_cExport.cmake
[1.009s] -- Up-to-date: /home/orangepi/follow_camera/install/follow_msg/share/follow_msg/cmake/follow_msg__rosidl_typesupport_introspection_cExport-noconfig.cmake
[1.009s] -- Up-to-date: /home/orangepi/follow_camera/install/follow_msg/share/follow_msg/cmake/follow_msg__rosidl_typesupport_cExport.cmake
[1.009s] -- Up-to-date: /home/orangepi/follow_camera/install/follow_msg/share/follow_msg/cmake/follow_msg__rosidl_typesupport_cExport-noconfig.cmake
[1.010s] -- Up-to-date: /home/orangepi/follow_camera/install/follow_msg/share/follow_msg/cmake/export_follow_msg__rosidl_generator_cppExport.cmake
[1.010s] -- Up-to-date: /home/orangepi/follow_camera/install/follow_msg/share/follow_msg/cmake/export_follow_msg__rosidl_typesupport_fastrtps_cppExport.cmake
[1.010s] -- Up-to-date: /home/orangepi/follow_camera/install/follow_msg/share/follow_msg/cmake/export_follow_msg__rosidl_typesupport_fastrtps_cppExport-noconfig.cmake
[1.011s] -- Up-to-date: /home/orangepi/follow_camera/install/follow_msg/share/follow_msg/cmake/follow_msg__rosidl_typesupport_introspection_cppExport.cmake
[1.011s] -- Up-to-date: /home/orangepi/follow_camera/install/follow_msg/share/follow_msg/cmake/follow_msg__rosidl_typesupport_introspection_cppExport-noconfig.cmake
[1.011s] -- Up-to-date: /home/orangepi/follow_camera/install/follow_msg/share/follow_msg/cmake/follow_msg__rosidl_typesupport_cppExport.cmake
[1.011s] -- Up-to-date: /home/orangepi/follow_camera/install/follow_msg/share/follow_msg/cmake/follow_msg__rosidl_typesupport_cppExport-noconfig.cmake
[1.012s] -- Up-to-date: /home/orangepi/follow_camera/install/follow_msg/share/follow_msg/cmake/export_follow_msg__rosidl_generator_pyExport.cmake
[1.012s] -- Up-to-date: /home/orangepi/follow_camera/install/follow_msg/share/follow_msg/cmake/export_follow_msg__rosidl_generator_pyExport-noconfig.cmake
[1.012s] -- Up-to-date: /home/orangepi/follow_camera/install/follow_msg/share/follow_msg/cmake/rosidl_cmake-extras.cmake
[1.012s] -- Up-to-date: /home/orangepi/follow_camera/install/follow_msg/share/follow_msg/cmake/ament_cmake_export_dependencies-extras.cmake
[1.012s] -- Up-to-date: /home/orangepi/follow_camera/install/follow_msg/share/follow_msg/cmake/ament_cmake_export_include_directories-extras.cmake
[1.012s] -- Up-to-date: /home/orangepi/follow_camera/install/follow_msg/share/follow_msg/cmake/ament_cmake_export_libraries-extras.cmake
[1.012s] -- Up-to-date: /home/orangepi/follow_camera/install/follow_msg/share/follow_msg/cmake/ament_cmake_export_targets-extras.cmake
[1.013s] -- Up-to-date: /home/orangepi/follow_camera/install/follow_msg/share/follow_msg/cmake/rosidl_cmake_export_typesupport_targets-extras.cmake
[1.013s] -- Up-to-date: /home/orangepi/follow_camera/install/follow_msg/share/follow_msg/cmake/rosidl_cmake_export_typesupport_libraries-extras.cmake
[1.013s] -- Up-to-date: /home/orangepi/follow_camera/install/follow_msg/share/follow_msg/cmake/follow_msgConfig.cmake
[1.013s] -- Up-to-date: /home/orangepi/follow_camera/install/follow_msg/share/follow_msg/cmake/follow_msgConfig-version.cmake
[1.013s] -- Up-to-date: /home/orangepi/follow_camera/install/follow_msg/share/follow_msg/package.xml
[1.022s] Invoked command in '/home/orangepi/follow_camera/build/follow_msg' returned '0': CMAKE_PREFIX_PATH=${CMAKE_PREFIX_PATH}:/home/orangepi/follow_camera/install/follow_ros:/home/orangepi/car_ros2/install/rknn_yolo:/opt/ros/humble /usr/bin/cmake --install /home/orangepi/follow_camera/build/follow_msg
