[0.016s] Invoking command in '/home/orangepi/follow_camera/build/follow_msg': CMAKE_PREFIX_PATH=${CMAKE_PREFIX_PATH}:/home/orangepi/follow_camera/install/follow_ros:/home/orangepi/car_ros2/install/rknn_yolo:/opt/ros/humble /usr/bin/cmake --build /home/orangepi/follow_camera/build/follow_msg -- -j8 -l8
[0.089s] -- Found ament_cmake: 1.3.11 (/opt/ros/humble/share/ament_cmake/cmake)
[0.369s] -- Found rosidl_default_generators: 1.2.0 (/opt/ros/humble/share/rosidl_default_generators/cmake)
[0.373s] -- Using all available rosidl_typesupport_c: rosidl_typesupport_fastrtps_c;rosidl_typesupport_introspection_c
[0.377s] -- Found rosidl_adapter: 3.1.6 (/opt/ros/humble/share/rosidl_adapter/cmake)
[0.413s] -- Using all available rosidl_typesupport_cpp: rosidl_typesupport_fastrtps_cpp;rosidl_typesupport_introspection_cpp
[0.444s] -- Found geometry_msgs: 4.8.0 (/opt/ros/humble/share/geometry_msgs/cmake)
[0.494s] -- Found action_msgs: 1.2.1 (/opt/ros/humble/share/action_msgs/cmake)
[0.524s] [31mCMake Error at /opt/ros/humble/share/rosidl_cmake/cmake/rosidl_generate_interfaces.cmake:93 (message):
[0.524s]   rosidl_generate_interfaces() the passed file 'action/ResetTracker' doesn't
[0.524s]   exist relative to the CMAKE_CURRENT_SOURCE_DIR
[0.525s]   '/home/orangepi/follow_camera/src/follow_msg'
[0.525s] Call Stack (most recent call first):
[0.525s]   CMakeLists.txt:14 (rosidl_generate_interfaces)
[0.526s] 
[0.526s] [0m
[0.526s] -- Configuring incomplete, errors occurred!
[0.527s] See also "/home/orangepi/follow_camera/build/follow_msg/CMakeFiles/CMakeOutput.log".
[0.532s] gmake: *** [Makefile:1179: cmake_check_build_system] Error 1
[0.535s] Invoked command in '/home/orangepi/follow_camera/build/follow_msg' returned '2': CMAKE_PREFIX_PATH=${CMAKE_PREFIX_PATH}:/home/orangepi/follow_camera/install/follow_ros:/home/orangepi/car_ros2/install/rknn_yolo:/opt/ros/humble /usr/bin/cmake --build /home/orangepi/follow_camera/build/follow_msg -- -j8 -l8
