[1.131s] Invoking command in '/home/orangepi/follow_camera/src/follow_ros': LD_LIBRARY_PATH=/home/orangepi/follow_camera/install/follow_msg/lib:/usr/local/lib:/usr/local/lib:/home/orangepi/uvg_car/install/oakchina_vio_package/lib:/home/orangepi/uvg_car/install/lslidar_msgs/lib:/opt/ros/humble/opt/rviz_ogre_vendor/lib:/opt/ros/humble/lib/aarch64-linux-gnu:/opt/ros/humble/lib PYTHONPATH=/home/orangepi/follow_camera/build/follow_ros/prefix_override:/usr/lib/python3/dist-packages/colcon_core/task/python/colcon_distutils_commands:/home/orangepi/follow_camera/install/follow_ros/lib/python3.10/site-packages:${PYTHONPATH} /usr/bin/python3 -W ignore:setup.py install is deprecated -W ignore:easy_install command is deprecated setup.py egg_info --egg-base ../../build/follow_ros build --build-base /home/orangepi/follow_camera/build/follow_ros/build install --record /home/orangepi/follow_camera/build/follow_ros/install.log --single-version-externally-managed install_data
[1.490s] running egg_info
[1.491s] writing ../../build/follow_ros/follow_ros.egg-info/PKG-INFO
[1.492s] writing dependency_links to ../../build/follow_ros/follow_ros.egg-info/dependency_links.txt
[1.493s] writing entry points to ../../build/follow_ros/follow_ros.egg-info/entry_points.txt
[1.493s] writing requirements to ../../build/follow_ros/follow_ros.egg-info/requires.txt
[1.494s] writing top-level names to ../../build/follow_ros/follow_ros.egg-info/top_level.txt
[1.496s] reading manifest file '../../build/follow_ros/follow_ros.egg-info/SOURCES.txt'
[1.498s] writing manifest file '../../build/follow_ros/follow_ros.egg-info/SOURCES.txt'
[1.498s] running build
[1.498s] running build_py
[1.499s] copying follow_ros/tape_tracker.py -> /home/orangepi/follow_camera/build/follow_ros/build/lib/follow_ros
[1.499s] running install
[1.499s] running install_lib
[1.500s] copying /home/orangepi/follow_camera/build/follow_ros/build/lib/follow_ros/tape_tracker.py -> /home/orangepi/follow_camera/install/follow_ros/lib/python3.10/site-packages/follow_ros
[1.502s] byte-compiling /home/orangepi/follow_camera/install/follow_ros/lib/python3.10/site-packages/follow_ros/tape_tracker.py to tape_tracker.cpython-310.pyc
[1.505s] running install_data
[1.506s] running install_egg_info
[1.509s] removing '/home/orangepi/follow_camera/install/follow_ros/lib/python3.10/site-packages/follow_ros-0.0.0-py3.10.egg-info' (and everything under it)
[1.510s] Copying ../../build/follow_ros/follow_ros.egg-info to /home/orangepi/follow_camera/install/follow_ros/lib/python3.10/site-packages/follow_ros-0.0.0-py3.10.egg-info
[1.511s] running install_scripts
[1.548s] Installing camer_node script to /home/orangepi/follow_camera/install/follow_ros/lib/follow_ros
[1.549s] Installing gimbal_controller script to /home/orangepi/follow_camera/install/follow_ros/lib/follow_ros
[1.549s] Installing red_dot_tracker script to /home/orangepi/follow_camera/install/follow_ros/lib/follow_ros
[1.550s] Installing reset_controller script to /home/orangepi/follow_camera/install/follow_ros/lib/follow_ros
[1.550s] Installing tape_tracker script to /home/orangepi/follow_camera/install/follow_ros/lib/follow_ros
[1.550s] writing list of installed files to '/home/orangepi/follow_camera/build/follow_ros/install.log'
[1.652s] Invoked command in '/home/orangepi/follow_camera/src/follow_ros' returned '0': LD_LIBRARY_PATH=/home/orangepi/follow_camera/install/follow_msg/lib:/usr/local/lib:/usr/local/lib:/home/orangepi/uvg_car/install/oakchina_vio_package/lib:/home/orangepi/uvg_car/install/lslidar_msgs/lib:/opt/ros/humble/opt/rviz_ogre_vendor/lib:/opt/ros/humble/lib/aarch64-linux-gnu:/opt/ros/humble/lib PYTHONPATH=/home/orangepi/follow_camera/build/follow_ros/prefix_override:/usr/lib/python3/dist-packages/colcon_core/task/python/colcon_distutils_commands:/home/orangepi/follow_camera/install/follow_ros/lib/python3.10/site-packages:${PYTHONPATH} /usr/bin/python3 -W ignore:setup.py install is deprecated -W ignore:easy_install command is deprecated setup.py egg_info --egg-base ../../build/follow_ros build --build-base /home/orangepi/follow_camera/build/follow_ros/build install --record /home/orangepi/follow_camera/build/follow_ros/install.log --single-version-externally-managed install_data
