running egg_info
creating ../../build/follow_ros/follow_ros.egg-info
writing ../../build/follow_ros/follow_ros.egg-info/PKG-INFO
writing dependency_links to ../../build/follow_ros/follow_ros.egg-info/dependency_links.txt
writing entry points to ../../build/follow_ros/follow_ros.egg-info/entry_points.txt
writing requirements to ../../build/follow_ros/follow_ros.egg-info/requires.txt
writing top-level names to ../../build/follow_ros/follow_ros.egg-info/top_level.txt
writing manifest file '../../build/follow_ros/follow_ros.egg-info/SOURCES.txt'
reading manifest file '../../build/follow_ros/follow_ros.egg-info/SOURCES.txt'
writing manifest file '../../build/follow_ros/follow_ros.egg-info/SOURCES.txt'
running build
running build_py
creating /home/orangepi/follow_camera/build/follow_ros/build
creating /home/orangepi/follow_camera/build/follow_ros/build/lib
creating /home/orangepi/follow_camera/build/follow_ros/build/lib/follow_ros
copying follow_ros/tape_tracker.py -> /home/orangepi/follow_camera/build/follow_ros/build/lib/follow_ros
copying follow_ros/__init__.py -> /home/orangepi/follow_camera/build/follow_ros/build/lib/follow_ros
copying follow_ros/camer_node.py -> /home/orangepi/follow_camera/build/follow_ros/build/lib/follow_ros
copying follow_ros/red_dot_tracker.py -> /home/orangepi/follow_camera/build/follow_ros/build/lib/follow_ros
copying follow_ros/gimbal_controller.py -> /home/orangepi/follow_camera/build/follow_ros/build/lib/follow_ros
running install
running install_lib
creating /home/orangepi/follow_camera/install/follow_ros/lib/python3.10/site-packages/follow_ros
copying /home/orangepi/follow_camera/build/follow_ros/build/lib/follow_ros/tape_tracker.py -> /home/orangepi/follow_camera/install/follow_ros/lib/python3.10/site-packages/follow_ros
copying /home/orangepi/follow_camera/build/follow_ros/build/lib/follow_ros/__init__.py -> /home/orangepi/follow_camera/install/follow_ros/lib/python3.10/site-packages/follow_ros
copying /home/orangepi/follow_camera/build/follow_ros/build/lib/follow_ros/camer_node.py -> /home/orangepi/follow_camera/install/follow_ros/lib/python3.10/site-packages/follow_ros
copying /home/orangepi/follow_camera/build/follow_ros/build/lib/follow_ros/red_dot_tracker.py -> /home/orangepi/follow_camera/install/follow_ros/lib/python3.10/site-packages/follow_ros
copying /home/orangepi/follow_camera/build/follow_ros/build/lib/follow_ros/gimbal_controller.py -> /home/orangepi/follow_camera/install/follow_ros/lib/python3.10/site-packages/follow_ros
byte-compiling /home/orangepi/follow_camera/install/follow_ros/lib/python3.10/site-packages/follow_ros/tape_tracker.py to tape_tracker.cpython-310.pyc
byte-compiling /home/orangepi/follow_camera/install/follow_ros/lib/python3.10/site-packages/follow_ros/__init__.py to __init__.cpython-310.pyc
byte-compiling /home/orangepi/follow_camera/install/follow_ros/lib/python3.10/site-packages/follow_ros/camer_node.py to camer_node.cpython-310.pyc
byte-compiling /home/orangepi/follow_camera/install/follow_ros/lib/python3.10/site-packages/follow_ros/red_dot_tracker.py to red_dot_tracker.cpython-310.pyc
byte-compiling /home/orangepi/follow_camera/install/follow_ros/lib/python3.10/site-packages/follow_ros/gimbal_controller.py to gimbal_controller.cpython-310.pyc
running install_data
creating /home/orangepi/follow_camera/install/follow_ros/share/ament_index
creating /home/orangepi/follow_camera/install/follow_ros/share/ament_index/resource_index
creating /home/orangepi/follow_camera/install/follow_ros/share/ament_index/resource_index/packages
copying resource/follow_ros -> /home/orangepi/follow_camera/install/follow_ros/share/ament_index/resource_index/packages
copying package.xml -> /home/orangepi/follow_camera/install/follow_ros/share/follow_ros
running install_egg_info
Copying ../../build/follow_ros/follow_ros.egg-info to /home/orangepi/follow_camera/install/follow_ros/lib/python3.10/site-packages/follow_ros-0.0.0-py3.10.egg-info
running install_scripts
Installing camer_node script to /home/orangepi/follow_camera/install/follow_ros/lib/follow_ros
Installing red_dot_tracker script to /home/orangepi/follow_camera/install/follow_ros/lib/follow_ros
Installing tape_tracker script to /home/orangepi/follow_camera/install/follow_ros/lib/follow_ros
writing list of installed files to '/home/orangepi/follow_camera/build/follow_ros/install.log'
