[1.115s] Invoking command in '/home/orangepi/follow_camera/src/follow_ros': AMENT_PREFIX_PATH=/home/orangepi/follow_camera/install/follow_msg:${AMENT_PREFIX_PATH} CMAKE_PREFIX_PATH=/home/orangepi/follow_camera/install/follow_msg:${CMAKE_PREFIX_PATH} LD_LIBRARY_PATH=/home/orangepi/follow_camera/install/follow_msg/lib:${LD_LIBRARY_PATH} PYTHONPATH=/home/orangepi/follow_camera/build/follow_ros/prefix_override:/usr/lib/python3/dist-packages/colcon_core/task/python/colcon_distutils_commands:/home/orangepi/follow_camera/install/follow_ros/lib/python3.10/site-packages:/home/orangepi/follow_camera/install/follow_msg/local/lib/python3.10/dist-packages:${PYTHONPATH} /usr/bin/python3 -W ignore:setup.py install is deprecated -W ignore:easy_install command is deprecated setup.py egg_info --egg-base ../../build/follow_ros build --build-base /home/orangepi/follow_camera/build/follow_ros/build install --record /home/orangepi/follow_camera/build/follow_ros/install.log --single-version-externally-managed install_data
[1.478s] running egg_info
[1.479s] creating ../../build/follow_ros/follow_ros.egg-info
[1.480s] writing ../../build/follow_ros/follow_ros.egg-info/PKG-INFO
[1.480s] writing dependency_links to ../../build/follow_ros/follow_ros.egg-info/dependency_links.txt
[1.481s] writing entry points to ../../build/follow_ros/follow_ros.egg-info/entry_points.txt
[1.481s] writing requirements to ../../build/follow_ros/follow_ros.egg-info/requires.txt
[1.481s] writing top-level names to ../../build/follow_ros/follow_ros.egg-info/top_level.txt
[1.482s] writing manifest file '../../build/follow_ros/follow_ros.egg-info/SOURCES.txt'
[1.483s] reading manifest file '../../build/follow_ros/follow_ros.egg-info/SOURCES.txt'
[1.484s] writing manifest file '../../build/follow_ros/follow_ros.egg-info/SOURCES.txt'
[1.484s] running build
[1.485s] running build_py
[1.485s] creating /home/orangepi/follow_camera/build/follow_ros/build
[1.486s] creating /home/orangepi/follow_camera/build/follow_ros/build/lib
[1.486s] creating /home/orangepi/follow_camera/build/follow_ros/build/lib/follow_ros
[1.486s] copying follow_ros/tape_tracker.py -> /home/orangepi/follow_camera/build/follow_ros/build/lib/follow_ros
[1.487s] copying follow_ros/__init__.py -> /home/orangepi/follow_camera/build/follow_ros/build/lib/follow_ros
[1.487s] copying follow_ros/camer_node.py -> /home/orangepi/follow_camera/build/follow_ros/build/lib/follow_ros
[1.488s] copying follow_ros/red_dot_tracker.py -> /home/orangepi/follow_camera/build/follow_ros/build/lib/follow_ros
[1.488s] copying follow_ros/gimbal_controller.py -> /home/orangepi/follow_camera/build/follow_ros/build/lib/follow_ros
[1.489s] running install
[1.489s] running install_lib
[1.489s] creating /home/orangepi/follow_camera/install/follow_ros/lib/python3.10/site-packages/follow_ros
[1.490s] copying /home/orangepi/follow_camera/build/follow_ros/build/lib/follow_ros/tape_tracker.py -> /home/orangepi/follow_camera/install/follow_ros/lib/python3.10/site-packages/follow_ros
[1.490s] copying /home/orangepi/follow_camera/build/follow_ros/build/lib/follow_ros/__init__.py -> /home/orangepi/follow_camera/install/follow_ros/lib/python3.10/site-packages/follow_ros
[1.490s] copying /home/orangepi/follow_camera/build/follow_ros/build/lib/follow_ros/camer_node.py -> /home/orangepi/follow_camera/install/follow_ros/lib/python3.10/site-packages/follow_ros
[1.491s] copying /home/orangepi/follow_camera/build/follow_ros/build/lib/follow_ros/red_dot_tracker.py -> /home/orangepi/follow_camera/install/follow_ros/lib/python3.10/site-packages/follow_ros
[1.491s] copying /home/orangepi/follow_camera/build/follow_ros/build/lib/follow_ros/gimbal_controller.py -> /home/orangepi/follow_camera/install/follow_ros/lib/python3.10/site-packages/follow_ros
[1.491s] byte-compiling /home/orangepi/follow_camera/install/follow_ros/lib/python3.10/site-packages/follow_ros/tape_tracker.py to tape_tracker.cpython-310.pyc
[1.492s] byte-compiling /home/orangepi/follow_camera/install/follow_ros/lib/python3.10/site-packages/follow_ros/__init__.py to __init__.cpython-310.pyc
[1.492s] byte-compiling /home/orangepi/follow_camera/install/follow_ros/lib/python3.10/site-packages/follow_ros/camer_node.py to camer_node.cpython-310.pyc
[1.492s] byte-compiling /home/orangepi/follow_camera/install/follow_ros/lib/python3.10/site-packages/follow_ros/red_dot_tracker.py to red_dot_tracker.cpython-310.pyc
[1.493s] byte-compiling /home/orangepi/follow_camera/install/follow_ros/lib/python3.10/site-packages/follow_ros/gimbal_controller.py to gimbal_controller.cpython-310.pyc
[1.494s] running install_data
[1.495s] creating /home/orangepi/follow_camera/install/follow_ros/share/ament_index
[1.495s] creating /home/orangepi/follow_camera/install/follow_ros/share/ament_index/resource_index
[1.496s] creating /home/orangepi/follow_camera/install/follow_ros/share/ament_index/resource_index/packages
[1.496s] copying resource/follow_ros -> /home/orangepi/follow_camera/install/follow_ros/share/ament_index/resource_index/packages
[1.497s] copying package.xml -> /home/orangepi/follow_camera/install/follow_ros/share/follow_ros
[1.497s] running install_egg_info
[1.499s] Copying ../../build/follow_ros/follow_ros.egg-info to /home/orangepi/follow_camera/install/follow_ros/lib/python3.10/site-packages/follow_ros-0.0.0-py3.10.egg-info
[1.500s] running install_scripts
[1.535s] Installing camer_node script to /home/orangepi/follow_camera/install/follow_ros/lib/follow_ros
[1.536s] Installing red_dot_tracker script to /home/orangepi/follow_camera/install/follow_ros/lib/follow_ros
[1.537s] Installing tape_tracker script to /home/orangepi/follow_camera/install/follow_ros/lib/follow_ros
[1.537s] writing list of installed files to '/home/orangepi/follow_camera/build/follow_ros/install.log'
[1.622s] Invoked command in '/home/orangepi/follow_camera/src/follow_ros' returned '0': AMENT_PREFIX_PATH=/home/orangepi/follow_camera/install/follow_msg:${AMENT_PREFIX_PATH} CMAKE_PREFIX_PATH=/home/orangepi/follow_camera/install/follow_msg:${CMAKE_PREFIX_PATH} LD_LIBRARY_PATH=/home/orangepi/follow_camera/install/follow_msg/lib:${LD_LIBRARY_PATH} PYTHONPATH=/home/orangepi/follow_camera/build/follow_ros/prefix_override:/usr/lib/python3/dist-packages/colcon_core/task/python/colcon_distutils_commands:/home/orangepi/follow_camera/install/follow_ros/lib/python3.10/site-packages:/home/orangepi/follow_camera/install/follow_msg/local/lib/python3.10/dist-packages:${PYTHONPATH} /usr/bin/python3 -W ignore:setup.py install is deprecated -W ignore:easy_install command is deprecated setup.py egg_info --egg-base ../../build/follow_ros build --build-base /home/orangepi/follow_camera/build/follow_ros/build install --record /home/orangepi/follow_camera/build/follow_ros/install.log --single-version-externally-managed install_data
