[0.018s] Invoking command in '/home/orangepi/follow_camera/build/follow_msg': CMAKE_PREFIX_PATH=${CMAKE_PREFIX_PATH}:/home/orangepi/follow_camera/install/follow_ros:/home/orangepi/car_ros2/install/rknn_yolo:/opt/ros/humble /usr/bin/cmake --build /home/orangepi/follow_camera/build/follow_msg -- -j8 -l8
[0.094s] -- Found ament_cmake: 1.3.11 (/opt/ros/humble/share/ament_cmake/cmake)
[0.335s] -- Found rosidl_default_generators: 1.2.0 (/opt/ros/humble/share/rosidl_default_generators/cmake)
[0.338s] -- Using all available rosidl_typesupport_c: rosidl_typesupport_fastrtps_c;rosidl_typesupport_introspection_c
[0.341s] -- Found rosidl_adapter: 3.1.6 (/opt/ros/humble/share/rosidl_adapter/cmake)
[0.377s] -- Using all available rosidl_typesupport_cpp: rosidl_typesupport_fastrtps_cpp;rosidl_typesupport_introspection_cpp
[0.408s] -- Found geometry_msgs: 4.8.0 (/opt/ros/humble/share/geometry_msgs/cmake)
[0.458s] -- Found action_msgs: 1.2.1 (/opt/ros/humble/share/action_msgs/cmake)
[1.044s] -- Found ament_cmake_ros: 0.10.0 (/opt/ros/humble/share/ament_cmake_ros/cmake)
[1.526s] -- Using all available rosidl_typesupport_c: rosidl_typesupport_fastrtps_c;rosidl_typesupport_introspection_c
[2.207s] -- Using all available rosidl_typesupport_cpp: rosidl_typesupport_fastrtps_cpp;rosidl_typesupport_introspection_cpp
[2.275s] -- Found python_cmake_module: 0.10.0 (/opt/ros/humble/share/python_cmake_module/cmake)
[2.338s] -- Using PYTHON_EXECUTABLE: /usr/bin/python3
[2.338s] -- Using PYTHON_INCLUDE_DIRS: /usr/include/python3.10
[2.338s] -- Using PYTHON_LIBRARIES: /usr/lib/aarch64-linux-gnu/libpython3.10.so
[2.409s] -- Found ament_lint_auto: 0.12.12 (/opt/ros/humble/share/ament_lint_auto/cmake)
[2.415s] -- Configuring done
[2.463s] -- Generating done
[2.480s] -- Build files have been written to: /home/orangepi/follow_camera/build/follow_msg
[2.546s] [  1%] [34m[1mGenerating C code for ROS interfaces[0m
[2.576s] [  3%] [34m[1mGenerating C++ code for ROS interfaces[0m
[2.610s] [  3%] Built target ament_cmake_python_copy_follow_msg
[2.967s] running egg_info
[2.968s] writing follow_msg.egg-info/PKG-INFO
[2.969s] writing dependency_links to follow_msg.egg-info/dependency_links.txt
[2.969s] writing top-level names to follow_msg.egg-info/top_level.txt
[2.973s] reading manifest file 'follow_msg.egg-info/SOURCES.txt'
[2.973s] writing manifest file 'follow_msg.egg-info/SOURCES.txt'
[3.024s] [  3%] Built target ament_cmake_python_build_follow_msg_egg
[4.243s] [35m[1mConsolidate compiler generated dependencies of target follow_msg__rosidl_generator_c[0m
[4.258s] [  5%] [32mBuilding C object CMakeFiles/follow_msg__rosidl_generator_c.dir/rosidl_generator_c/follow_msg/action/detail/track_red_dot__functions.c.o[0m
[4.267s] [  7%] [32mBuilding C object CMakeFiles/follow_msg__rosidl_generator_c.dir/rosidl_generator_c/follow_msg/action/detail/reset_tracker__functions.c.o[0m
[4.271s] [  9%] [32mBuilding C object CMakeFiles/follow_msg__rosidl_generator_c.dir/rosidl_generator_c/follow_msg/action/detail/get_red_dot_position__functions.c.o[0m
[4.280s] [ 10%] [32mBuilding C object CMakeFiles/follow_msg__rosidl_generator_c.dir/rosidl_generator_c/follow_msg/action/detail/reset_tape_tracker__functions.c.o[0m
[4.305s] [ 10%] Built target follow_msg__cpp
[4.336s] [ 12%] [34m[1mGenerating C++ introspection for ROS interfaces[0m
[4.338s] [ 14%] [34m[1mGenerating C++ type support dispatch for ROS interfaces[0m
[4.342s] [ 16%] [34m[1mGenerating C++ type support for eProsima Fast-RTPS[0m
[4.527s] [ 18%] [32m[1mLinking C shared library libfollow_msg__rosidl_generator_c.so[0m
[4.616s] [ 18%] Built target follow_msg__rosidl_generator_c
[4.632s] [ 20%] [34m[1mGenerating C type support for eProsima Fast-RTPS[0m
[4.644s] [ 23%] [34m[1mGenerating C type support dispatch for ROS interfaces[0m
[4.644s] [ 23%] [34m[1mGenerating C introspection for ROS interfaces[0m
[5.311s] [35m[1mConsolidate compiler generated dependencies of target follow_msg__rosidl_typesupport_cpp[0m
[5.366s] [ 27%] [32mBuilding CXX object CMakeFiles/follow_msg__rosidl_typesupport_cpp.dir/rosidl_typesupport_cpp/follow_msg/action/reset_tracker__type_support.cpp.o[0m
[5.369s] [ 27%] [32mBuilding CXX object CMakeFiles/follow_msg__rosidl_typesupport_cpp.dir/rosidl_typesupport_cpp/follow_msg/action/track_red_dot__type_support.cpp.o[0m
[5.370s] [ 29%] [32mBuilding CXX object CMakeFiles/follow_msg__rosidl_typesupport_cpp.dir/rosidl_typesupport_cpp/follow_msg/action/reset_tape_tracker__type_support.cpp.o[0m
[5.586s] [35m[1mConsolidate compiler generated dependencies of target follow_msg__rosidl_typesupport_introspection_cpp[0m
[5.616s] [ 30%] [32mBuilding CXX object CMakeFiles/follow_msg__rosidl_typesupport_introspection_cpp.dir/rosidl_typesupport_introspection_cpp/follow_msg/action/detail/track_red_dot__type_support.cpp.o[0m
[5.960s] [35m[1mConsolidate compiler generated dependencies of target follow_msg__rosidl_typesupport_fastrtps_cpp[0m
[5.987s] [35m[1mConsolidate compiler generated dependencies of target follow_msg__rosidl_typesupport_c[0m
[6.002s] [ 32%] [32mBuilding CXX object CMakeFiles/follow_msg__rosidl_typesupport_fastrtps_cpp.dir/rosidl_typesupport_fastrtps_cpp/follow_msg/action/detail/dds_fastrtps/track_red_dot__type_support.cpp.o[0m
[6.018s] [ 34%] [32mBuilding CXX object CMakeFiles/follow_msg__rosidl_typesupport_c.dir/rosidl_typesupport_c/follow_msg/action/track_red_dot__type_support.cpp.o[0m
[6.213s] [ 36%] [32mBuilding CXX object CMakeFiles/follow_msg__rosidl_typesupport_c.dir/rosidl_typesupport_c/follow_msg/action/reset_tape_tracker__type_support.cpp.o[0m
[6.220s] [35m[1mConsolidate compiler generated dependencies of target follow_msg__rosidl_typesupport_fastrtps_c[0m
[6.276s] [ 38%] [32mBuilding CXX object CMakeFiles/follow_msg__rosidl_typesupport_fastrtps_c.dir/rosidl_typesupport_fastrtps_c/follow_msg/action/detail/track_red_dot__type_support_c.cpp.o[0m
[6.297s] [ 40%] [32mBuilding CXX object CMakeFiles/follow_msg__rosidl_typesupport_c.dir/rosidl_typesupport_c/follow_msg/action/reset_tracker__type_support.cpp.o[0m
[6.372s] [ 41%] [32mBuilding CXX object CMakeFiles/follow_msg__rosidl_typesupport_c.dir/rosidl_typesupport_c/follow_msg/action/get_red_dot_position__type_support.cpp.o[0m
[6.443s] [ 43%] [32m[1mLinking CXX shared library libfollow_msg__rosidl_typesupport_c.so[0m
[6.503s] [ 45%] [32mBuilding CXX object CMakeFiles/follow_msg__rosidl_typesupport_fastrtps_cpp.dir/rosidl_typesupport_fastrtps_cpp/follow_msg/action/detail/dds_fastrtps/reset_tape_tracker__type_support.cpp.o[0m
[6.526s] [ 45%] Built target follow_msg__rosidl_typesupport_c
[6.561s] [ 49%] [32mBuilding CXX object CMakeFiles/follow_msg__rosidl_typesupport_introspection_cpp.dir/rosidl_typesupport_introspection_cpp/follow_msg/action/detail/reset_tape_tracker__type_support.cpp.o[0m
[6.563s] [ 49%] [32mBuilding CXX object CMakeFiles/follow_msg__rosidl_typesupport_fastrtps_cpp.dir/rosidl_typesupport_fastrtps_cpp/follow_msg/action/detail/dds_fastrtps/reset_tracker__type_support.cpp.o[0m
[6.861s] [ 50%] [32mBuilding CXX object CMakeFiles/follow_msg__rosidl_typesupport_introspection_cpp.dir/rosidl_typesupport_introspection_cpp/follow_msg/action/detail/reset_tracker__type_support.cpp.o[0m
[6.891s] [ 52%] [32mBuilding CXX object CMakeFiles/follow_msg__rosidl_typesupport_fastrtps_cpp.dir/rosidl_typesupport_fastrtps_cpp/follow_msg/action/detail/dds_fastrtps/get_red_dot_position__type_support.cpp.o[0m
[6.986s] [ 54%] [32mBuilding CXX object CMakeFiles/follow_msg__rosidl_typesupport_fastrtps_c.dir/rosidl_typesupport_fastrtps_c/follow_msg/action/detail/reset_tape_tracker__type_support_c.cpp.o[0m
[7.353s] [ 56%] [32mBuilding CXX object CMakeFiles/follow_msg__rosidl_typesupport_fastrtps_c.dir/rosidl_typesupport_fastrtps_c/follow_msg/action/detail/reset_tracker__type_support_c.cpp.o[0m
[7.409s] [ 58%] [32mBuilding CXX object CMakeFiles/follow_msg__rosidl_typesupport_cpp.dir/rosidl_typesupport_cpp/follow_msg/action/get_red_dot_position__type_support.cpp.o[0m
[7.551s] [ 60%] [32mBuilding CXX object CMakeFiles/follow_msg__rosidl_typesupport_fastrtps_c.dir/rosidl_typesupport_fastrtps_c/follow_msg/action/detail/get_red_dot_position__type_support_c.cpp.o[0m
[7.564s] [ 61%] [32mBuilding CXX object CMakeFiles/follow_msg__rosidl_typesupport_introspection_cpp.dir/rosidl_typesupport_introspection_cpp/follow_msg/action/detail/get_red_dot_position__type_support.cpp.o[0m
[7.785s] [ 63%] [32m[1mLinking CXX shared library libfollow_msg__rosidl_typesupport_fastrtps_cpp.so[0m
[7.926s] [ 63%] Built target follow_msg__rosidl_typesupport_fastrtps_cpp
[8.188s] [ 65%] [32m[1mLinking CXX shared library libfollow_msg__rosidl_typesupport_fastrtps_c.so[0m
[8.416s] [ 67%] [32m[1mLinking CXX shared library libfollow_msg__rosidl_typesupport_cpp.so[0m
[8.449s] [ 67%] Built target follow_msg__rosidl_typesupport_fastrtps_c
[8.501s] [ 67%] Built target follow_msg__rosidl_typesupport_cpp
[8.539s] [35m[1mConsolidate compiler generated dependencies of target follow_msg__rosidl_typesupport_introspection_c[0m
[8.578s] [ 69%] [32mBuilding C object CMakeFiles/follow_msg__rosidl_typesupport_introspection_c.dir/rosidl_typesupport_introspection_c/follow_msg/action/detail/track_red_dot__type_support.c.o[0m
[8.580s] [ 74%] [32mBuilding C object CMakeFiles/follow_msg__rosidl_typesupport_introspection_c.dir/rosidl_typesupport_introspection_c/follow_msg/action/detail/reset_tape_tracker__type_support.c.o[0m
[8.580s] [ 74%] [32mBuilding C object CMakeFiles/follow_msg__rosidl_typesupport_introspection_c.dir/rosidl_typesupport_introspection_c/follow_msg/action/detail/reset_tracker__type_support.c.o[0m
[8.581s] [ 74%] [32mBuilding C object CMakeFiles/follow_msg__rosidl_typesupport_introspection_c.dir/rosidl_typesupport_introspection_c/follow_msg/action/detail/get_red_dot_position__type_support.c.o[0m
[8.692s] [ 78%] [32m[1mLinking CXX shared library libfollow_msg__rosidl_typesupport_introspection_cpp.so[0m
[8.692s] [ 78%] [32m[1mLinking C shared library libfollow_msg__rosidl_typesupport_introspection_c.so[0m
[8.758s] [ 78%] Built target follow_msg__rosidl_typesupport_introspection_c
[8.860s] [ 78%] Built target follow_msg__rosidl_typesupport_introspection_cpp
[8.921s] [ 78%] Built target follow_msg
[8.981s] [ 80%] [34m[1mGenerating Python code for ROS interfaces[0m
[12.275s] [ 80%] Built target follow_msg__py
[12.299s] [35m[1mConsolidate compiler generated dependencies of target follow_msg__rosidl_generator_py[0m
[12.325s] [ 81%] [32mBuilding C object CMakeFiles/follow_msg__rosidl_generator_py.dir/rosidl_generator_py/follow_msg/action/_track_red_dot_s.c.o[0m
[12.335s] [ 83%] [32mBuilding C object CMakeFiles/follow_msg__rosidl_generator_py.dir/rosidl_generator_py/follow_msg/action/_reset_tracker_s.c.o[0m
[12.336s] [ 85%] [32mBuilding C object CMakeFiles/follow_msg__rosidl_generator_py.dir/rosidl_generator_py/follow_msg/action/_reset_tape_tracker_s.c.o[0m
[12.337s] [ 87%] [32mBuilding C object CMakeFiles/follow_msg__rosidl_generator_py.dir/rosidl_generator_py/follow_msg/action/_get_red_dot_position_s.c.o[0m
[12.561s] [ 89%] [32m[1mLinking C shared library rosidl_generator_py/follow_msg/libfollow_msg__rosidl_generator_py.so[0m
[12.655s] [ 89%] Built target follow_msg__rosidl_generator_py
[12.675s] [35m[1mConsolidate compiler generated dependencies of target follow_msg__rosidl_typesupport_introspection_c__pyext[0m
[12.684s] [35m[1mConsolidate compiler generated dependencies of target follow_msg__rosidl_typesupport_fastrtps_c__pyext[0m
[12.685s] [35m[1mConsolidate compiler generated dependencies of target follow_msg__rosidl_typesupport_c__pyext[0m
[12.701s] [ 90%] [32mBuilding C object CMakeFiles/follow_msg__rosidl_typesupport_introspection_c__pyext.dir/rosidl_generator_py/follow_msg/_follow_msg_s.ep.rosidl_typesupport_introspection_c.c.o[0m
[12.720s] [ 92%] [32mBuilding C object CMakeFiles/follow_msg__rosidl_typesupport_fastrtps_c__pyext.dir/rosidl_generator_py/follow_msg/_follow_msg_s.ep.rosidl_typesupport_fastrtps_c.c.o[0m
[12.726s] [ 94%] [32mBuilding C object CMakeFiles/follow_msg__rosidl_typesupport_c__pyext.dir/rosidl_generator_py/follow_msg/_follow_msg_s.ep.rosidl_typesupport_c.c.o[0m
[12.984s] [ 96%] [32m[1mLinking C shared library rosidl_generator_py/follow_msg/follow_msg_s__rosidl_typesupport_introspection_c.cpython-310-aarch64-linux-gnu.so[0m
[13.012s] [ 98%] [32m[1mLinking C shared library rosidl_generator_py/follow_msg/follow_msg_s__rosidl_typesupport_c.cpython-310-aarch64-linux-gnu.so[0m
[13.051s] [100%] [32m[1mLinking C shared library rosidl_generator_py/follow_msg/follow_msg_s__rosidl_typesupport_fastrtps_c.cpython-310-aarch64-linux-gnu.so[0m
[13.060s] [100%] Built target follow_msg__rosidl_typesupport_introspection_c__pyext
[13.120s] [100%] Built target follow_msg__rosidl_typesupport_c__pyext
[13.136s] [100%] Built target follow_msg__rosidl_typesupport_fastrtps_c__pyext
[13.160s] Invoked command in '/home/orangepi/follow_camera/build/follow_msg' returned '0': CMAKE_PREFIX_PATH=${CMAKE_PREFIX_PATH}:/home/orangepi/follow_camera/install/follow_ros:/home/orangepi/car_ros2/install/rknn_yolo:/opt/ros/humble /usr/bin/cmake --build /home/orangepi/follow_camera/build/follow_msg -- -j8 -l8
[13.185s] Invoking command in '/home/orangepi/follow_camera/build/follow_msg': CMAKE_PREFIX_PATH=${CMAKE_PREFIX_PATH}:/home/orangepi/follow_camera/install/follow_ros:/home/orangepi/car_ros2/install/rknn_yolo:/opt/ros/humble /usr/bin/cmake --install /home/orangepi/follow_camera/build/follow_msg
[13.195s] -- Install configuration: ""
[13.195s] -- Installing: /home/orangepi/follow_camera/install/follow_msg/share/ament_index/resource_index/rosidl_interfaces/follow_msg
[13.196s] -- Up-to-date: /home/orangepi/follow_camera/install/follow_msg/include/follow_msg/follow_msg
[13.196s] -- Up-to-date: /home/orangepi/follow_camera/install/follow_msg/include/follow_msg/follow_msg/action
[13.196s] -- Installing: /home/orangepi/follow_camera/install/follow_msg/include/follow_msg/follow_msg/action/track_red_dot.h
[13.197s] -- Up-to-date: /home/orangepi/follow_camera/install/follow_msg/include/follow_msg/follow_msg/action/detail
[13.197s] -- Installing: /home/orangepi/follow_camera/install/follow_msg/include/follow_msg/follow_msg/action/detail/reset_tracker__functions.c
[13.198s] -- Installing: /home/orangepi/follow_camera/install/follow_msg/include/follow_msg/follow_msg/action/detail/get_red_dot_position__functions.c
[13.198s] -- Installing: /home/orangepi/follow_camera/install/follow_msg/include/follow_msg/follow_msg/action/detail/track_red_dot__functions.c
[13.198s] -- Installing: /home/orangepi/follow_camera/install/follow_msg/include/follow_msg/follow_msg/action/detail/reset_tracker__functions.h
[13.199s] -- Installing: /home/orangepi/follow_camera/install/follow_msg/include/follow_msg/follow_msg/action/detail/get_red_dot_position__struct.h
[13.199s] -- Installing: /home/orangepi/follow_camera/install/follow_msg/include/follow_msg/follow_msg/action/detail/reset_tape_tracker__functions.h
[13.200s] -- Installing: /home/orangepi/follow_camera/install/follow_msg/include/follow_msg/follow_msg/action/detail/reset_tape_tracker__struct.h
[13.200s] -- Installing: /home/orangepi/follow_camera/install/follow_msg/include/follow_msg/follow_msg/action/detail/reset_tape_tracker__functions.c
[13.200s] -- Installing: /home/orangepi/follow_camera/install/follow_msg/include/follow_msg/follow_msg/action/detail/reset_tracker__type_support.h
[13.201s] -- Installing: /home/orangepi/follow_camera/install/follow_msg/include/follow_msg/follow_msg/action/detail/reset_tracker__struct.h
[13.201s] -- Installing: /home/orangepi/follow_camera/install/follow_msg/include/follow_msg/follow_msg/action/detail/track_red_dot__functions.h
[13.202s] -- Installing: /home/orangepi/follow_camera/install/follow_msg/include/follow_msg/follow_msg/action/detail/track_red_dot__struct.h
[13.202s] -- Installing: /home/orangepi/follow_camera/install/follow_msg/include/follow_msg/follow_msg/action/detail/get_red_dot_position__functions.h
[13.202s] -- Installing: /home/orangepi/follow_camera/install/follow_msg/include/follow_msg/follow_msg/action/detail/get_red_dot_position__type_support.h
[13.203s] -- Installing: /home/orangepi/follow_camera/install/follow_msg/include/follow_msg/follow_msg/action/detail/track_red_dot__type_support.h
[13.203s] -- Installing: /home/orangepi/follow_camera/install/follow_msg/include/follow_msg/follow_msg/action/detail/reset_tape_tracker__type_support.h
[13.203s] -- Installing: /home/orangepi/follow_camera/install/follow_msg/include/follow_msg/follow_msg/action/reset_tape_tracker.h
[13.204s] -- Installing: /home/orangepi/follow_camera/install/follow_msg/include/follow_msg/follow_msg/action/get_red_dot_position.h
[13.204s] -- Installing: /home/orangepi/follow_camera/install/follow_msg/include/follow_msg/follow_msg/action/reset_tracker.h
[13.205s] -- Up-to-date: /home/orangepi/follow_camera/install/follow_msg/include/follow_msg/follow_msg/msg
[13.205s] -- Up-to-date: /home/orangepi/follow_camera/install/follow_msg/include/follow_msg/follow_msg/msg/rosidl_generator_c__visibility_control.h
[13.206s] -- Up-to-date: /home/orangepi/follow_camera/install/follow_msg/include/follow_msg/follow_msg/srv
[13.206s] -- Up-to-date: /home/orangepi/follow_camera/install/follow_msg/include/follow_msg/follow_msg/srv/detail
[13.206s] -- Up-to-date: /home/orangepi/follow_camera/install/follow_msg/include/follow_msg/follow_msg/srv/detail/get_red_dot_position__functions.c
[13.207s] -- Up-to-date: /home/orangepi/follow_camera/install/follow_msg/include/follow_msg/follow_msg/srv/detail/get_red_dot_position__struct.h
[13.207s] -- Up-to-date: /home/orangepi/follow_camera/install/follow_msg/include/follow_msg/follow_msg/srv/detail/get_red_dot_position__functions.h
[13.207s] -- Up-to-date: /home/orangepi/follow_camera/install/follow_msg/include/follow_msg/follow_msg/srv/detail/get_red_dot_position__type_support.h
[13.208s] -- Up-to-date: /home/orangepi/follow_camera/install/follow_msg/include/follow_msg/follow_msg/srv/get_red_dot_position.h
[13.208s] -- Up-to-date: /home/orangepi/follow_camera/install/follow_msg/share/follow_msg/environment/library_path.sh
[13.209s] -- Installing: /home/orangepi/follow_camera/install/follow_msg/share/follow_msg/environment/library_path.dsv
[13.209s] -- Installing: /home/orangepi/follow_camera/install/follow_msg/lib/libfollow_msg__rosidl_generator_c.so
[13.209s] -- Set runtime path of "/home/orangepi/follow_camera/install/follow_msg/lib/libfollow_msg__rosidl_generator_c.so" to ""
[13.210s] -- Up-to-date: /home/orangepi/follow_camera/install/follow_msg/include/follow_msg/follow_msg
[13.210s] -- Up-to-date: /home/orangepi/follow_camera/install/follow_msg/include/follow_msg/follow_msg/action
[13.211s] -- Up-to-date: /home/orangepi/follow_camera/install/follow_msg/include/follow_msg/follow_msg/action/detail
[13.211s] -- Installing: /home/orangepi/follow_camera/install/follow_msg/include/follow_msg/follow_msg/action/detail/reset_tracker__rosidl_typesupport_fastrtps_c.h
[13.211s] -- Installing: /home/orangepi/follow_camera/install/follow_msg/include/follow_msg/follow_msg/action/detail/reset_tape_tracker__rosidl_typesupport_fastrtps_c.h
[13.212s] -- Installing: /home/orangepi/follow_camera/install/follow_msg/include/follow_msg/follow_msg/action/detail/get_red_dot_position__rosidl_typesupport_fastrtps_c.h
[13.212s] -- Installing: /home/orangepi/follow_camera/install/follow_msg/include/follow_msg/follow_msg/action/detail/track_red_dot__rosidl_typesupport_fastrtps_c.h
[13.213s] -- Up-to-date: /home/orangepi/follow_camera/install/follow_msg/include/follow_msg/follow_msg/msg
[13.213s] -- Up-to-date: /home/orangepi/follow_camera/install/follow_msg/include/follow_msg/follow_msg/msg/rosidl_typesupport_fastrtps_c__visibility_control.h
[13.214s] -- Up-to-date: /home/orangepi/follow_camera/install/follow_msg/include/follow_msg/follow_msg/srv
[13.214s] -- Up-to-date: /home/orangepi/follow_camera/install/follow_msg/include/follow_msg/follow_msg/srv/detail
[13.215s] -- Up-to-date: /home/orangepi/follow_camera/install/follow_msg/include/follow_msg/follow_msg/srv/detail/get_red_dot_position__rosidl_typesupport_fastrtps_c.h
[13.215s] -- Installing: /home/orangepi/follow_camera/install/follow_msg/lib/libfollow_msg__rosidl_typesupport_fastrtps_c.so
[13.215s] -- Set runtime path of "/home/orangepi/follow_camera/install/follow_msg/lib/libfollow_msg__rosidl_typesupport_fastrtps_c.so" to ""
[13.216s] -- Up-to-date: /home/orangepi/follow_camera/install/follow_msg/include/follow_msg/follow_msg
[13.216s] -- Up-to-date: /home/orangepi/follow_camera/install/follow_msg/include/follow_msg/follow_msg/action
[13.216s] -- Up-to-date: /home/orangepi/follow_camera/install/follow_msg/include/follow_msg/follow_msg/action/detail
[13.217s] -- Installing: /home/orangepi/follow_camera/install/follow_msg/include/follow_msg/follow_msg/action/detail/get_red_dot_position__type_support.c
[13.217s] -- Installing: /home/orangepi/follow_camera/install/follow_msg/include/follow_msg/follow_msg/action/detail/reset_tracker__rosidl_typesupport_introspection_c.h
[13.218s] -- Installing: /home/orangepi/follow_camera/install/follow_msg/include/follow_msg/follow_msg/action/detail/get_red_dot_position__rosidl_typesupport_introspection_c.h
[13.218s] -- Installing: /home/orangepi/follow_camera/install/follow_msg/include/follow_msg/follow_msg/action/detail/track_red_dot__rosidl_typesupport_introspection_c.h
[13.218s] -- Installing: /home/orangepi/follow_camera/install/follow_msg/include/follow_msg/follow_msg/action/detail/reset_tape_tracker__type_support.c
[13.219s] -- Installing: /home/orangepi/follow_camera/install/follow_msg/include/follow_msg/follow_msg/action/detail/reset_tape_tracker__rosidl_typesupport_introspection_c.h
[13.219s] -- Installing: /home/orangepi/follow_camera/install/follow_msg/include/follow_msg/follow_msg/action/detail/reset_tracker__type_support.c
[13.219s] -- Installing: /home/orangepi/follow_camera/install/follow_msg/include/follow_msg/follow_msg/action/detail/track_red_dot__type_support.c
[13.220s] -- Up-to-date: /home/orangepi/follow_camera/install/follow_msg/include/follow_msg/follow_msg/msg
[13.220s] -- Up-to-date: /home/orangepi/follow_camera/install/follow_msg/include/follow_msg/follow_msg/msg/rosidl_typesupport_introspection_c__visibility_control.h
[13.220s] -- Up-to-date: /home/orangepi/follow_camera/install/follow_msg/include/follow_msg/follow_msg/srv
[13.221s] -- Up-to-date: /home/orangepi/follow_camera/install/follow_msg/include/follow_msg/follow_msg/srv/detail
[13.221s] -- Up-to-date: /home/orangepi/follow_camera/install/follow_msg/include/follow_msg/follow_msg/srv/detail/get_red_dot_position__type_support.c
[13.221s] -- Up-to-date: /home/orangepi/follow_camera/install/follow_msg/include/follow_msg/follow_msg/srv/detail/get_red_dot_position__rosidl_typesupport_introspection_c.h
[13.222s] -- Installing: /home/orangepi/follow_camera/install/follow_msg/lib/libfollow_msg__rosidl_typesupport_introspection_c.so
[13.222s] -- Set runtime path of "/home/orangepi/follow_camera/install/follow_msg/lib/libfollow_msg__rosidl_typesupport_introspection_c.so" to ""
[13.223s] -- Installing: /home/orangepi/follow_camera/install/follow_msg/lib/libfollow_msg__rosidl_typesupport_c.so
[13.223s] -- Set runtime path of "/home/orangepi/follow_camera/install/follow_msg/lib/libfollow_msg__rosidl_typesupport_c.so" to ""
[13.223s] -- Up-to-date: /home/orangepi/follow_camera/install/follow_msg/include/follow_msg/follow_msg
[13.224s] -- Up-to-date: /home/orangepi/follow_camera/install/follow_msg/include/follow_msg/follow_msg/action
[13.224s] -- Installing: /home/orangepi/follow_camera/install/follow_msg/include/follow_msg/follow_msg/action/get_red_dot_position.hpp
[13.224s] -- Installing: /home/orangepi/follow_camera/install/follow_msg/include/follow_msg/follow_msg/action/reset_tape_tracker.hpp
[13.225s] -- Up-to-date: /home/orangepi/follow_camera/install/follow_msg/include/follow_msg/follow_msg/action/detail
[13.225s] -- Installing: /home/orangepi/follow_camera/install/follow_msg/include/follow_msg/follow_msg/action/detail/track_red_dot__type_support.hpp
[13.225s] -- Installing: /home/orangepi/follow_camera/install/follow_msg/include/follow_msg/follow_msg/action/detail/reset_tracker__struct.hpp
[13.226s] -- Installing: /home/orangepi/follow_camera/install/follow_msg/include/follow_msg/follow_msg/action/detail/get_red_dot_position__traits.hpp
[13.226s] -- Installing: /home/orangepi/follow_camera/install/follow_msg/include/follow_msg/follow_msg/action/detail/track_red_dot__struct.hpp
[13.226s] -- Installing: /home/orangepi/follow_camera/install/follow_msg/include/follow_msg/follow_msg/action/detail/track_red_dot__traits.hpp
[13.227s] -- Installing: /home/orangepi/follow_camera/install/follow_msg/include/follow_msg/follow_msg/action/detail/reset_tape_tracker__builder.hpp
[13.227s] -- Installing: /home/orangepi/follow_camera/install/follow_msg/include/follow_msg/follow_msg/action/detail/reset_tape_tracker__type_support.hpp
[13.227s] -- Installing: /home/orangepi/follow_camera/install/follow_msg/include/follow_msg/follow_msg/action/detail/get_red_dot_position__builder.hpp
[13.228s] -- Installing: /home/orangepi/follow_camera/install/follow_msg/include/follow_msg/follow_msg/action/detail/reset_tracker__type_support.hpp
[13.228s] -- Installing: /home/orangepi/follow_camera/install/follow_msg/include/follow_msg/follow_msg/action/detail/reset_tracker__traits.hpp
[13.229s] -- Installing: /home/orangepi/follow_camera/install/follow_msg/include/follow_msg/follow_msg/action/detail/get_red_dot_position__struct.hpp
[13.229s] -- Installing: /home/orangepi/follow_camera/install/follow_msg/include/follow_msg/follow_msg/action/detail/reset_tape_tracker__traits.hpp
[13.229s] -- Installing: /home/orangepi/follow_camera/install/follow_msg/include/follow_msg/follow_msg/action/detail/reset_tape_tracker__struct.hpp
[13.230s] -- Installing: /home/orangepi/follow_camera/install/follow_msg/include/follow_msg/follow_msg/action/detail/get_red_dot_position__type_support.hpp
[13.230s] -- Installing: /home/orangepi/follow_camera/install/follow_msg/include/follow_msg/follow_msg/action/detail/track_red_dot__builder.hpp
[13.230s] -- Installing: /home/orangepi/follow_camera/install/follow_msg/include/follow_msg/follow_msg/action/detail/reset_tracker__builder.hpp
[13.231s] -- Installing: /home/orangepi/follow_camera/install/follow_msg/include/follow_msg/follow_msg/action/track_red_dot.hpp
[13.231s] -- Installing: /home/orangepi/follow_camera/install/follow_msg/include/follow_msg/follow_msg/action/reset_tracker.hpp
[13.231s] -- Up-to-date: /home/orangepi/follow_camera/install/follow_msg/include/follow_msg/follow_msg/msg
[13.232s] -- Up-to-date: /home/orangepi/follow_camera/install/follow_msg/include/follow_msg/follow_msg/msg/rosidl_generator_cpp__visibility_control.hpp
[13.232s] -- Up-to-date: /home/orangepi/follow_camera/install/follow_msg/include/follow_msg/follow_msg/srv
[13.232s] -- Up-to-date: /home/orangepi/follow_camera/install/follow_msg/include/follow_msg/follow_msg/srv/get_red_dot_position.hpp
[13.233s] -- Up-to-date: /home/orangepi/follow_camera/install/follow_msg/include/follow_msg/follow_msg/srv/detail
[13.233s] -- Up-to-date: /home/orangepi/follow_camera/install/follow_msg/include/follow_msg/follow_msg/srv/detail/get_red_dot_position__traits.hpp
[13.234s] -- Up-to-date: /home/orangepi/follow_camera/install/follow_msg/include/follow_msg/follow_msg/srv/detail/get_red_dot_position__builder.hpp
[13.234s] -- Up-to-date: /home/orangepi/follow_camera/install/follow_msg/include/follow_msg/follow_msg/srv/detail/get_red_dot_position__struct.hpp
[13.234s] -- Up-to-date: /home/orangepi/follow_camera/install/follow_msg/include/follow_msg/follow_msg/srv/detail/get_red_dot_position__type_support.hpp
[13.235s] -- Up-to-date: /home/orangepi/follow_camera/install/follow_msg/include/follow_msg/follow_msg
[13.235s] -- Up-to-date: /home/orangepi/follow_camera/install/follow_msg/include/follow_msg/follow_msg/action
[13.235s] -- Up-to-date: /home/orangepi/follow_camera/install/follow_msg/include/follow_msg/follow_msg/action/detail
[13.236s] -- Installing: /home/orangepi/follow_camera/install/follow_msg/include/follow_msg/follow_msg/action/detail/track_red_dot__rosidl_typesupport_fastrtps_cpp.hpp
[13.236s] -- Installing: /home/orangepi/follow_camera/install/follow_msg/include/follow_msg/follow_msg/action/detail/reset_tape_tracker__rosidl_typesupport_fastrtps_cpp.hpp
[13.236s] -- Installing: /home/orangepi/follow_camera/install/follow_msg/include/follow_msg/follow_msg/action/detail/get_red_dot_position__rosidl_typesupport_fastrtps_cpp.hpp
[13.237s] -- Up-to-date: /home/orangepi/follow_camera/install/follow_msg/include/follow_msg/follow_msg/action/detail/dds_fastrtps
[13.237s] -- Installing: /home/orangepi/follow_camera/install/follow_msg/include/follow_msg/follow_msg/action/detail/reset_tracker__rosidl_typesupport_fastrtps_cpp.hpp
[13.237s] -- Up-to-date: /home/orangepi/follow_camera/install/follow_msg/include/follow_msg/follow_msg/msg
[13.238s] -- Up-to-date: /home/orangepi/follow_camera/install/follow_msg/include/follow_msg/follow_msg/msg/rosidl_typesupport_fastrtps_cpp__visibility_control.h
[13.238s] -- Up-to-date: /home/orangepi/follow_camera/install/follow_msg/include/follow_msg/follow_msg/srv
[13.238s] -- Up-to-date: /home/orangepi/follow_camera/install/follow_msg/include/follow_msg/follow_msg/srv/detail
[13.239s] -- Up-to-date: /home/orangepi/follow_camera/install/follow_msg/include/follow_msg/follow_msg/srv/detail/get_red_dot_position__rosidl_typesupport_fastrtps_cpp.hpp
[13.239s] -- Up-to-date: /home/orangepi/follow_camera/install/follow_msg/include/follow_msg/follow_msg/srv/detail/dds_fastrtps
[13.240s] -- Installing: /home/orangepi/follow_camera/install/follow_msg/lib/libfollow_msg__rosidl_typesupport_fastrtps_cpp.so
[13.240s] -- Set runtime path of "/home/orangepi/follow_camera/install/follow_msg/lib/libfollow_msg__rosidl_typesupport_fastrtps_cpp.so" to ""
[13.240s] -- Up-to-date: /home/orangepi/follow_camera/install/follow_msg/include/follow_msg/follow_msg
[13.241s] -- Up-to-date: /home/orangepi/follow_camera/install/follow_msg/include/follow_msg/follow_msg/action
[13.241s] -- Up-to-date: /home/orangepi/follow_camera/install/follow_msg/include/follow_msg/follow_msg/action/detail
[13.241s] -- Installing: /home/orangepi/follow_camera/install/follow_msg/include/follow_msg/follow_msg/action/detail/reset_tracker__type_support.cpp
[13.242s] -- Installing: /home/orangepi/follow_camera/install/follow_msg/include/follow_msg/follow_msg/action/detail/get_red_dot_position__rosidl_typesupport_introspection_cpp.hpp
[13.242s] -- Installing: /home/orangepi/follow_camera/install/follow_msg/include/follow_msg/follow_msg/action/detail/track_red_dot__type_support.cpp
[13.242s] -- Installing: /home/orangepi/follow_camera/install/follow_msg/include/follow_msg/follow_msg/action/detail/track_red_dot__rosidl_typesupport_introspection_cpp.hpp
[13.243s] -- Installing: /home/orangepi/follow_camera/install/follow_msg/include/follow_msg/follow_msg/action/detail/reset_tape_tracker__rosidl_typesupport_introspection_cpp.hpp
[13.243s] -- Installing: /home/orangepi/follow_camera/install/follow_msg/include/follow_msg/follow_msg/action/detail/get_red_dot_position__type_support.cpp
[13.243s] -- Installing: /home/orangepi/follow_camera/install/follow_msg/include/follow_msg/follow_msg/action/detail/reset_tape_tracker__type_support.cpp
[13.244s] -- Installing: /home/orangepi/follow_camera/install/follow_msg/include/follow_msg/follow_msg/action/detail/reset_tracker__rosidl_typesupport_introspection_cpp.hpp
[13.244s] -- Up-to-date: /home/orangepi/follow_camera/install/follow_msg/include/follow_msg/follow_msg/srv
[13.245s] -- Up-to-date: /home/orangepi/follow_camera/install/follow_msg/include/follow_msg/follow_msg/srv/detail
[13.245s] -- Up-to-date: /home/orangepi/follow_camera/install/follow_msg/include/follow_msg/follow_msg/srv/detail/get_red_dot_position__rosidl_typesupport_introspection_cpp.hpp
[13.245s] -- Up-to-date: /home/orangepi/follow_camera/install/follow_msg/include/follow_msg/follow_msg/srv/detail/get_red_dot_position__type_support.cpp
[13.246s] -- Installing: /home/orangepi/follow_camera/install/follow_msg/lib/libfollow_msg__rosidl_typesupport_introspection_cpp.so
[13.246s] -- Set runtime path of "/home/orangepi/follow_camera/install/follow_msg/lib/libfollow_msg__rosidl_typesupport_introspection_cpp.so" to ""
[13.246s] -- Installing: /home/orangepi/follow_camera/install/follow_msg/lib/libfollow_msg__rosidl_typesupport_cpp.so
[13.246s] -- Set runtime path of "/home/orangepi/follow_camera/install/follow_msg/lib/libfollow_msg__rosidl_typesupport_cpp.so" to ""
[13.246s] -- Up-to-date: /home/orangepi/follow_camera/install/follow_msg/share/follow_msg/environment/pythonpath.sh
[13.246s] -- Installing: /home/orangepi/follow_camera/install/follow_msg/share/follow_msg/environment/pythonpath.dsv
[13.247s] -- Up-to-date: /home/orangepi/follow_camera/install/follow_msg/local/lib/python3.10/dist-packages/follow_msg-0.0.0-py3.10.egg-info
[13.247s] -- Installing: /home/orangepi/follow_camera/install/follow_msg/local/lib/python3.10/dist-packages/follow_msg-0.0.0-py3.10.egg-info/top_level.txt
[13.247s] -- Installing: /home/orangepi/follow_camera/install/follow_msg/local/lib/python3.10/dist-packages/follow_msg-0.0.0-py3.10.egg-info/SOURCES.txt
[13.247s] -- Installing: /home/orangepi/follow_camera/install/follow_msg/local/lib/python3.10/dist-packages/follow_msg-0.0.0-py3.10.egg-info/PKG-INFO
[13.247s] -- Installing: /home/orangepi/follow_camera/install/follow_msg/local/lib/python3.10/dist-packages/follow_msg-0.0.0-py3.10.egg-info/dependency_links.txt
[13.247s] -- Up-to-date: /home/orangepi/follow_camera/install/follow_msg/local/lib/python3.10/dist-packages/follow_msg
[13.247s] -- Up-to-date: /home/orangepi/follow_camera/install/follow_msg/local/lib/python3.10/dist-packages/follow_msg/action
[13.247s] -- Installing: /home/orangepi/follow_camera/install/follow_msg/local/lib/python3.10/dist-packages/follow_msg/action/_reset_tracker_s.c
[13.247s] -- Installing: /home/orangepi/follow_camera/install/follow_msg/local/lib/python3.10/dist-packages/follow_msg/action/_get_red_dot_position_s.c
[13.247s] -- Installing: /home/orangepi/follow_camera/install/follow_msg/local/lib/python3.10/dist-packages/follow_msg/action/_reset_tape_tracker_s.c
[13.247s] -- Installing: /home/orangepi/follow_camera/install/follow_msg/local/lib/python3.10/dist-packages/follow_msg/action/_reset_tracker.py
[13.247s] -- Installing: /home/orangepi/follow_camera/install/follow_msg/local/lib/python3.10/dist-packages/follow_msg/action/_reset_tape_tracker.py
[13.247s] -- Installing: /home/orangepi/follow_camera/install/follow_msg/local/lib/python3.10/dist-packages/follow_msg/action/_track_red_dot.py
[13.247s] -- Installing: /home/orangepi/follow_camera/install/follow_msg/local/lib/python3.10/dist-packages/follow_msg/action/__init__.py
[13.247s] -- Installing: /home/orangepi/follow_camera/install/follow_msg/local/lib/python3.10/dist-packages/follow_msg/action/_track_red_dot_s.c
[13.248s] -- Installing: /home/orangepi/follow_camera/install/follow_msg/local/lib/python3.10/dist-packages/follow_msg/action/_get_red_dot_position.py
[13.248s] -- Installing: /home/orangepi/follow_camera/install/follow_msg/local/lib/python3.10/dist-packages/follow_msg/_follow_msg_s.ep.rosidl_typesupport_c.c
[13.248s] -- Installing: /home/orangepi/follow_camera/install/follow_msg/local/lib/python3.10/dist-packages/follow_msg/follow_msg_s__rosidl_typesupport_c.cpython-310-aarch64-linux-gnu.so
[13.248s] -- Installing: /home/orangepi/follow_camera/install/follow_msg/local/lib/python3.10/dist-packages/follow_msg/__init__.py
[13.248s] -- Installing: /home/orangepi/follow_camera/install/follow_msg/local/lib/python3.10/dist-packages/follow_msg/_follow_msg_s.ep.rosidl_typesupport_fastrtps_c.c
[13.248s] -- Installing: /home/orangepi/follow_camera/install/follow_msg/local/lib/python3.10/dist-packages/follow_msg/libfollow_msg__rosidl_generator_py.so
[13.248s] -- Installing: /home/orangepi/follow_camera/install/follow_msg/local/lib/python3.10/dist-packages/follow_msg/follow_msg_s__rosidl_typesupport_introspection_c.cpython-310-aarch64-linux-gnu.so
[13.248s] -- Installing: /home/orangepi/follow_camera/install/follow_msg/local/lib/python3.10/dist-packages/follow_msg/_follow_msg_s.ep.rosidl_typesupport_introspection_c.c
[13.248s] -- Installing: /home/orangepi/follow_camera/install/follow_msg/local/lib/python3.10/dist-packages/follow_msg/follow_msg_s__rosidl_typesupport_fastrtps_c.cpython-310-aarch64-linux-gnu.so
[13.248s] -- Up-to-date: /home/orangepi/follow_camera/install/follow_msg/local/lib/python3.10/dist-packages/follow_msg/srv
[13.248s] -- Up-to-date: /home/orangepi/follow_camera/install/follow_msg/local/lib/python3.10/dist-packages/follow_msg/srv/_get_red_dot_position_s.c
[13.248s] -- Up-to-date: /home/orangepi/follow_camera/install/follow_msg/local/lib/python3.10/dist-packages/follow_msg/srv/__init__.py
[13.248s] -- Up-to-date: /home/orangepi/follow_camera/install/follow_msg/local/lib/python3.10/dist-packages/follow_msg/srv/_get_red_dot_position.py
[13.300s] Listing '/home/orangepi/follow_camera/install/follow_msg/local/lib/python3.10/dist-packages/follow_msg'...
[13.301s] Compiling '/home/orangepi/follow_camera/install/follow_msg/local/lib/python3.10/dist-packages/follow_msg/__init__.py'...
[13.301s] Listing '/home/orangepi/follow_camera/install/follow_msg/local/lib/python3.10/dist-packages/follow_msg/action'...
[13.301s] Compiling '/home/orangepi/follow_camera/install/follow_msg/local/lib/python3.10/dist-packages/follow_msg/action/__init__.py'...
[13.301s] Compiling '/home/orangepi/follow_camera/install/follow_msg/local/lib/python3.10/dist-packages/follow_msg/action/_get_red_dot_position.py'...
[13.301s] Compiling '/home/orangepi/follow_camera/install/follow_msg/local/lib/python3.10/dist-packages/follow_msg/action/_reset_tape_tracker.py'...
[13.301s] Compiling '/home/orangepi/follow_camera/install/follow_msg/local/lib/python3.10/dist-packages/follow_msg/action/_reset_tracker.py'...
[13.301s] Compiling '/home/orangepi/follow_camera/install/follow_msg/local/lib/python3.10/dist-packages/follow_msg/action/_track_red_dot.py'...
[13.301s] Listing '/home/orangepi/follow_camera/install/follow_msg/local/lib/python3.10/dist-packages/follow_msg/srv'...
[13.311s] -- Installing: /home/orangepi/follow_camera/install/follow_msg/local/lib/python3.10/dist-packages/follow_msg/follow_msg_s__rosidl_typesupport_fastrtps_c.cpython-310-aarch64-linux-gnu.so
[13.311s] -- Set runtime path of "/home/orangepi/follow_camera/install/follow_msg/local/lib/python3.10/dist-packages/follow_msg/follow_msg_s__rosidl_typesupport_fastrtps_c.cpython-310-aarch64-linux-gnu.so" to ""
[13.312s] -- Installing: /home/orangepi/follow_camera/install/follow_msg/local/lib/python3.10/dist-packages/follow_msg/follow_msg_s__rosidl_typesupport_introspection_c.cpython-310-aarch64-linux-gnu.so
[13.312s] -- Set runtime path of "/home/orangepi/follow_camera/install/follow_msg/local/lib/python3.10/dist-packages/follow_msg/follow_msg_s__rosidl_typesupport_introspection_c.cpython-310-aarch64-linux-gnu.so" to ""
[13.312s] -- Installing: /home/orangepi/follow_camera/install/follow_msg/local/lib/python3.10/dist-packages/follow_msg/follow_msg_s__rosidl_typesupport_c.cpython-310-aarch64-linux-gnu.so
[13.313s] -- Set runtime path of "/home/orangepi/follow_camera/install/follow_msg/local/lib/python3.10/dist-packages/follow_msg/follow_msg_s__rosidl_typesupport_c.cpython-310-aarch64-linux-gnu.so" to ""
[13.313s] -- Installing: /home/orangepi/follow_camera/install/follow_msg/lib/libfollow_msg__rosidl_generator_py.so
[13.314s] -- Set runtime path of "/home/orangepi/follow_camera/install/follow_msg/lib/libfollow_msg__rosidl_generator_py.so" to ""
[13.314s] -- Up-to-date: /home/orangepi/follow_camera/install/follow_msg/share/follow_msg/action/TrackRedDot.idl
[13.314s] -- Installing: /home/orangepi/follow_camera/install/follow_msg/share/follow_msg/action/ResetTapeTracker.idl
[13.315s] -- Installing: /home/orangepi/follow_camera/install/follow_msg/share/follow_msg/action/ResetTracker.idl
[13.315s] -- Installing: /home/orangepi/follow_camera/install/follow_msg/share/follow_msg/action/GetRedDotPosition.idl
[13.315s] -- Up-to-date: /home/orangepi/follow_camera/install/follow_msg/share/follow_msg/action/TrackRedDot.action
[13.316s] -- Installing: /home/orangepi/follow_camera/install/follow_msg/share/follow_msg/action/ResetTapeTracker.action
[13.316s] -- Installing: /home/orangepi/follow_camera/install/follow_msg/share/follow_msg/action/ResetTracker.action
[13.317s] -- Installing: /home/orangepi/follow_camera/install/follow_msg/share/follow_msg/action/GetRedDotPosition.action
[13.317s] -- Up-to-date: /home/orangepi/follow_camera/install/follow_msg/share/ament_index/resource_index/package_run_dependencies/follow_msg
[13.319s] -- Installing: /home/orangepi/follow_camera/install/follow_msg/share/ament_index/resource_index/parent_prefix_path/follow_msg
[13.320s] -- Up-to-date: /home/orangepi/follow_camera/install/follow_msg/share/follow_msg/environment/ament_prefix_path.sh
[13.320s] -- Installing: /home/orangepi/follow_camera/install/follow_msg/share/follow_msg/environment/ament_prefix_path.dsv
[13.321s] -- Up-to-date: /home/orangepi/follow_camera/install/follow_msg/share/follow_msg/environment/path.sh
[13.321s] -- Installing: /home/orangepi/follow_camera/install/follow_msg/share/follow_msg/environment/path.dsv
[13.322s] -- Up-to-date: /home/orangepi/follow_camera/install/follow_msg/share/follow_msg/local_setup.bash
[13.323s] -- Up-to-date: /home/orangepi/follow_camera/install/follow_msg/share/follow_msg/local_setup.sh
[13.324s] -- Up-to-date: /home/orangepi/follow_camera/install/follow_msg/share/follow_msg/local_setup.zsh
[13.324s] -- Installing: /home/orangepi/follow_camera/install/follow_msg/share/follow_msg/local_setup.dsv
[13.325s] -- Installing: /home/orangepi/follow_camera/install/follow_msg/share/follow_msg/package.dsv
[13.325s] -- Up-to-date: /home/orangepi/follow_camera/install/follow_msg/share/ament_index/resource_index/packages/follow_msg
[13.326s] -- Up-to-date: /home/orangepi/follow_camera/install/follow_msg/share/follow_msg/cmake/export_follow_msg__rosidl_generator_cExport.cmake
[13.326s] -- Up-to-date: /home/orangepi/follow_camera/install/follow_msg/share/follow_msg/cmake/export_follow_msg__rosidl_generator_cExport-noconfig.cmake
[13.327s] -- Up-to-date: /home/orangepi/follow_camera/install/follow_msg/share/follow_msg/cmake/export_follow_msg__rosidl_typesupport_fastrtps_cExport.cmake
[13.327s] -- Up-to-date: /home/orangepi/follow_camera/install/follow_msg/share/follow_msg/cmake/export_follow_msg__rosidl_typesupport_fastrtps_cExport-noconfig.cmake
[13.328s] -- Up-to-date: /home/orangepi/follow_camera/install/follow_msg/share/follow_msg/cmake/follow_msg__rosidl_typesupport_introspection_cExport.cmake
[13.328s] -- Up-to-date: /home/orangepi/follow_camera/install/follow_msg/share/follow_msg/cmake/follow_msg__rosidl_typesupport_introspection_cExport-noconfig.cmake
[13.329s] -- Up-to-date: /home/orangepi/follow_camera/install/follow_msg/share/follow_msg/cmake/follow_msg__rosidl_typesupport_cExport.cmake
[13.330s] -- Up-to-date: /home/orangepi/follow_camera/install/follow_msg/share/follow_msg/cmake/follow_msg__rosidl_typesupport_cExport-noconfig.cmake
[13.331s] -- Up-to-date: /home/orangepi/follow_camera/install/follow_msg/share/follow_msg/cmake/export_follow_msg__rosidl_generator_cppExport.cmake
[13.331s] -- Up-to-date: /home/orangepi/follow_camera/install/follow_msg/share/follow_msg/cmake/export_follow_msg__rosidl_typesupport_fastrtps_cppExport.cmake
[13.332s] -- Up-to-date: /home/orangepi/follow_camera/install/follow_msg/share/follow_msg/cmake/export_follow_msg__rosidl_typesupport_fastrtps_cppExport-noconfig.cmake
[13.332s] -- Up-to-date: /home/orangepi/follow_camera/install/follow_msg/share/follow_msg/cmake/follow_msg__rosidl_typesupport_introspection_cppExport.cmake
[13.333s] -- Up-to-date: /home/orangepi/follow_camera/install/follow_msg/share/follow_msg/cmake/follow_msg__rosidl_typesupport_introspection_cppExport-noconfig.cmake
[13.333s] -- Up-to-date: /home/orangepi/follow_camera/install/follow_msg/share/follow_msg/cmake/follow_msg__rosidl_typesupport_cppExport.cmake
[13.334s] -- Up-to-date: /home/orangepi/follow_camera/install/follow_msg/share/follow_msg/cmake/follow_msg__rosidl_typesupport_cppExport-noconfig.cmake
[13.334s] -- Up-to-date: /home/orangepi/follow_camera/install/follow_msg/share/follow_msg/cmake/export_follow_msg__rosidl_generator_pyExport.cmake
[13.335s] -- Up-to-date: /home/orangepi/follow_camera/install/follow_msg/share/follow_msg/cmake/export_follow_msg__rosidl_generator_pyExport-noconfig.cmake
[13.335s] -- Installing: /home/orangepi/follow_camera/install/follow_msg/share/follow_msg/cmake/rosidl_cmake-extras.cmake
[13.336s] -- Up-to-date: /home/orangepi/follow_camera/install/follow_msg/share/follow_msg/cmake/ament_cmake_export_dependencies-extras.cmake
[13.336s] -- Up-to-date: /home/orangepi/follow_camera/install/follow_msg/share/follow_msg/cmake/ament_cmake_export_include_directories-extras.cmake
[13.338s] -- Up-to-date: /home/orangepi/follow_camera/install/follow_msg/share/follow_msg/cmake/ament_cmake_export_libraries-extras.cmake
[13.339s] -- Up-to-date: /home/orangepi/follow_camera/install/follow_msg/share/follow_msg/cmake/ament_cmake_export_targets-extras.cmake
[13.339s] -- Up-to-date: /home/orangepi/follow_camera/install/follow_msg/share/follow_msg/cmake/rosidl_cmake_export_typesupport_targets-extras.cmake
[13.341s] -- Up-to-date: /home/orangepi/follow_camera/install/follow_msg/share/follow_msg/cmake/rosidl_cmake_export_typesupport_libraries-extras.cmake
[13.342s] -- Up-to-date: /home/orangepi/follow_camera/install/follow_msg/share/follow_msg/cmake/follow_msgConfig.cmake
[13.342s] -- Up-to-date: /home/orangepi/follow_camera/install/follow_msg/share/follow_msg/cmake/follow_msgConfig-version.cmake
[13.344s] -- Up-to-date: /home/orangepi/follow_camera/install/follow_msg/share/follow_msg/package.xml
[13.345s] Invoked command in '/home/orangepi/follow_camera/build/follow_msg' returned '0': CMAKE_PREFIX_PATH=${CMAKE_PREFIX_PATH}:/home/orangepi/follow_camera/install/follow_ros:/home/orangepi/car_ros2/install/rknn_yolo:/opt/ros/humble /usr/bin/cmake --install /home/orangepi/follow_camera/build/follow_msg
