[0.023s] Invoking command in '/home/orangepi/follow_camera/build/follow_msg': CMAKE_PREFIX_PATH=${CMAKE_PREFIX_PATH}:/home/orangepi/follow_camera/install/follow_ros:/home/orangepi/car_ros2/install/rknn_yolo:/opt/ros/humble /usr/bin/cmake --build /home/orangepi/follow_camera/build/follow_msg -- -j8 -l8
[0.190s] [  1%] Built target follow_msg__cpp
[0.205s] [ 12%] Built target follow_msg__rosidl_generator_c
[0.236s] [ 12%] Built target ament_cmake_python_copy_follow_msg
[0.255s] [ 34%] Built target follow_msg__rosidl_typesupport_fastrtps_cpp
[0.257s] [ 45%] Built target follow_msg__rosidl_typesupport_c
[0.258s] [ 45%] Built target follow_msg__rosidl_typesupport_introspection_cpp
[0.287s] [ 56%] Built target follow_msg__rosidl_typesupport_introspection_c
[0.288s] [ 67%] Built target follow_msg__rosidl_typesupport_cpp
[0.320s] [ 78%] Built target follow_msg__rosidl_typesupport_fastrtps_c
[0.374s] [ 78%] Built target follow_msg
[0.437s] [ 80%] Built target follow_msg__py
[0.524s] [ 89%] Built target follow_msg__rosidl_generator_py
[0.585s] [ 92%] Built target follow_msg__rosidl_typesupport_c__pyext
[0.598s] [100%] Built target follow_msg__rosidl_typesupport_introspection_c__pyext
[0.598s] [100%] Built target follow_msg__rosidl_typesupport_fastrtps_c__pyext
[0.677s] running egg_info
[0.678s] writing follow_msg.egg-info/PKG-INFO
[0.679s] writing dependency_links to follow_msg.egg-info/dependency_links.txt
[0.679s] writing top-level names to follow_msg.egg-info/top_level.txt
[0.684s] reading manifest file 'follow_msg.egg-info/SOURCES.txt'
[0.684s] writing manifest file 'follow_msg.egg-info/SOURCES.txt'
[0.789s] [100%] Built target ament_cmake_python_build_follow_msg_egg
[0.828s] Invoked command in '/home/orangepi/follow_camera/build/follow_msg' returned '0': CMAKE_PREFIX_PATH=${CMAKE_PREFIX_PATH}:/home/orangepi/follow_camera/install/follow_ros:/home/orangepi/car_ros2/install/rknn_yolo:/opt/ros/humble /usr/bin/cmake --build /home/orangepi/follow_camera/build/follow_msg -- -j8 -l8
[0.853s] Invoking command in '/home/orangepi/follow_camera/build/follow_msg': CMAKE_PREFIX_PATH=${CMAKE_PREFIX_PATH}:/home/orangepi/follow_camera/install/follow_ros:/home/orangepi/car_ros2/install/rknn_yolo:/opt/ros/humble /usr/bin/cmake --install /home/orangepi/follow_camera/build/follow_msg
[0.888s] -- Install configuration: ""
[0.889s] -- Up-to-date: /home/orangepi/follow_camera/install/follow_msg/share/ament_index/resource_index/rosidl_interfaces/follow_msg
[0.891s] -- Up-to-date: /home/orangepi/follow_camera/install/follow_msg/include/follow_msg/follow_msg
[0.892s] -- Up-to-date: /home/orangepi/follow_camera/install/follow_msg/include/follow_msg/follow_msg/action
[0.893s] -- Up-to-date: /home/orangepi/follow_camera/install/follow_msg/include/follow_msg/follow_msg/action/track_red_dot.h
[0.893s] -- Up-to-date: /home/orangepi/follow_camera/install/follow_msg/include/follow_msg/follow_msg/action/detail
[0.893s] -- Up-to-date: /home/orangepi/follow_camera/install/follow_msg/include/follow_msg/follow_msg/action/detail/reset_tracker__functions.c
[0.894s] -- Up-to-date: /home/orangepi/follow_camera/install/follow_msg/include/follow_msg/follow_msg/action/detail/get_red_dot_position__functions.c
[0.894s] -- Up-to-date: /home/orangepi/follow_camera/install/follow_msg/include/follow_msg/follow_msg/action/detail/track_red_dot__functions.c
[0.894s] -- Up-to-date: /home/orangepi/follow_camera/install/follow_msg/include/follow_msg/follow_msg/action/detail/reset_tracker__functions.h
[0.895s] -- Up-to-date: /home/orangepi/follow_camera/install/follow_msg/include/follow_msg/follow_msg/action/detail/get_red_dot_position__struct.h
[0.895s] -- Up-to-date: /home/orangepi/follow_camera/install/follow_msg/include/follow_msg/follow_msg/action/detail/reset_tape_tracker__functions.h
[0.895s] -- Up-to-date: /home/orangepi/follow_camera/install/follow_msg/include/follow_msg/follow_msg/action/detail/reset_tape_tracker__struct.h
[0.896s] -- Up-to-date: /home/orangepi/follow_camera/install/follow_msg/include/follow_msg/follow_msg/action/detail/reset_tape_tracker__functions.c
[0.896s] -- Up-to-date: /home/orangepi/follow_camera/install/follow_msg/include/follow_msg/follow_msg/action/detail/reset_tracker__type_support.h
[0.896s] -- Up-to-date: /home/orangepi/follow_camera/install/follow_msg/include/follow_msg/follow_msg/action/detail/reset_tracker__struct.h
[0.897s] -- Up-to-date: /home/orangepi/follow_camera/install/follow_msg/include/follow_msg/follow_msg/action/detail/track_red_dot__functions.h
[0.897s] -- Up-to-date: /home/orangepi/follow_camera/install/follow_msg/include/follow_msg/follow_msg/action/detail/track_red_dot__struct.h
[0.898s] -- Up-to-date: /home/orangepi/follow_camera/install/follow_msg/include/follow_msg/follow_msg/action/detail/get_red_dot_position__functions.h
[0.898s] -- Up-to-date: /home/orangepi/follow_camera/install/follow_msg/include/follow_msg/follow_msg/action/detail/get_red_dot_position__type_support.h
[0.898s] -- Up-to-date: /home/orangepi/follow_camera/install/follow_msg/include/follow_msg/follow_msg/action/detail/track_red_dot__type_support.h
[0.899s] -- Up-to-date: /home/orangepi/follow_camera/install/follow_msg/include/follow_msg/follow_msg/action/detail/reset_tape_tracker__type_support.h
[0.899s] -- Up-to-date: /home/orangepi/follow_camera/install/follow_msg/include/follow_msg/follow_msg/action/reset_tape_tracker.h
[0.899s] -- Up-to-date: /home/orangepi/follow_camera/install/follow_msg/include/follow_msg/follow_msg/action/get_red_dot_position.h
[0.900s] -- Up-to-date: /home/orangepi/follow_camera/install/follow_msg/include/follow_msg/follow_msg/action/reset_tracker.h
[0.900s] -- Up-to-date: /home/orangepi/follow_camera/install/follow_msg/include/follow_msg/follow_msg/msg
[0.901s] -- Up-to-date: /home/orangepi/follow_camera/install/follow_msg/include/follow_msg/follow_msg/msg/rosidl_generator_c__visibility_control.h
[0.901s] -- Up-to-date: /home/orangepi/follow_camera/install/follow_msg/share/follow_msg/environment/library_path.sh
[0.902s] -- Up-to-date: /home/orangepi/follow_camera/install/follow_msg/share/follow_msg/environment/library_path.dsv
[0.902s] -- Up-to-date: /home/orangepi/follow_camera/install/follow_msg/lib/libfollow_msg__rosidl_generator_c.so
[0.902s] -- Up-to-date: /home/orangepi/follow_camera/install/follow_msg/include/follow_msg/follow_msg
[0.903s] -- Up-to-date: /home/orangepi/follow_camera/install/follow_msg/include/follow_msg/follow_msg/action
[0.903s] -- Up-to-date: /home/orangepi/follow_camera/install/follow_msg/include/follow_msg/follow_msg/action/detail
[0.903s] -- Up-to-date: /home/orangepi/follow_camera/install/follow_msg/include/follow_msg/follow_msg/action/detail/reset_tracker__rosidl_typesupport_fastrtps_c.h
[0.904s] -- Up-to-date: /home/orangepi/follow_camera/install/follow_msg/include/follow_msg/follow_msg/action/detail/reset_tape_tracker__rosidl_typesupport_fastrtps_c.h
[0.904s] -- Up-to-date: /home/orangepi/follow_camera/install/follow_msg/include/follow_msg/follow_msg/action/detail/get_red_dot_position__rosidl_typesupport_fastrtps_c.h
[0.904s] -- Up-to-date: /home/orangepi/follow_camera/install/follow_msg/include/follow_msg/follow_msg/action/detail/track_red_dot__rosidl_typesupport_fastrtps_c.h
[0.905s] -- Up-to-date: /home/orangepi/follow_camera/install/follow_msg/include/follow_msg/follow_msg/msg
[0.905s] -- Up-to-date: /home/orangepi/follow_camera/install/follow_msg/include/follow_msg/follow_msg/msg/rosidl_typesupport_fastrtps_c__visibility_control.h
[0.905s] -- Up-to-date: /home/orangepi/follow_camera/install/follow_msg/lib/libfollow_msg__rosidl_typesupport_fastrtps_c.so
[0.906s] -- Up-to-date: /home/orangepi/follow_camera/install/follow_msg/include/follow_msg/follow_msg
[0.906s] -- Up-to-date: /home/orangepi/follow_camera/install/follow_msg/include/follow_msg/follow_msg/action
[0.907s] -- Up-to-date: /home/orangepi/follow_camera/install/follow_msg/include/follow_msg/follow_msg/action/detail
[0.907s] -- Up-to-date: /home/orangepi/follow_camera/install/follow_msg/include/follow_msg/follow_msg/action/detail/get_red_dot_position__type_support.c
[0.907s] -- Up-to-date: /home/orangepi/follow_camera/install/follow_msg/include/follow_msg/follow_msg/action/detail/reset_tracker__rosidl_typesupport_introspection_c.h
[0.908s] -- Up-to-date: /home/orangepi/follow_camera/install/follow_msg/include/follow_msg/follow_msg/action/detail/get_red_dot_position__rosidl_typesupport_introspection_c.h
[0.908s] -- Up-to-date: /home/orangepi/follow_camera/install/follow_msg/include/follow_msg/follow_msg/action/detail/track_red_dot__rosidl_typesupport_introspection_c.h
[0.908s] -- Up-to-date: /home/orangepi/follow_camera/install/follow_msg/include/follow_msg/follow_msg/action/detail/reset_tape_tracker__type_support.c
[0.909s] -- Up-to-date: /home/orangepi/follow_camera/install/follow_msg/include/follow_msg/follow_msg/action/detail/reset_tape_tracker__rosidl_typesupport_introspection_c.h
[0.909s] -- Up-to-date: /home/orangepi/follow_camera/install/follow_msg/include/follow_msg/follow_msg/action/detail/reset_tracker__type_support.c
[0.909s] -- Up-to-date: /home/orangepi/follow_camera/install/follow_msg/include/follow_msg/follow_msg/action/detail/track_red_dot__type_support.c
[0.910s] -- Up-to-date: /home/orangepi/follow_camera/install/follow_msg/include/follow_msg/follow_msg/msg
[0.910s] -- Up-to-date: /home/orangepi/follow_camera/install/follow_msg/include/follow_msg/follow_msg/msg/rosidl_typesupport_introspection_c__visibility_control.h
[0.910s] -- Up-to-date: /home/orangepi/follow_camera/install/follow_msg/lib/libfollow_msg__rosidl_typesupport_introspection_c.so
[0.911s] -- Up-to-date: /home/orangepi/follow_camera/install/follow_msg/lib/libfollow_msg__rosidl_typesupport_c.so
[0.911s] -- Up-to-date: /home/orangepi/follow_camera/install/follow_msg/include/follow_msg/follow_msg
[0.912s] -- Up-to-date: /home/orangepi/follow_camera/install/follow_msg/include/follow_msg/follow_msg/action
[0.912s] -- Up-to-date: /home/orangepi/follow_camera/install/follow_msg/include/follow_msg/follow_msg/action/get_red_dot_position.hpp
[0.912s] -- Up-to-date: /home/orangepi/follow_camera/install/follow_msg/include/follow_msg/follow_msg/action/reset_tape_tracker.hpp
[0.913s] -- Up-to-date: /home/orangepi/follow_camera/install/follow_msg/include/follow_msg/follow_msg/action/detail
[0.913s] -- Up-to-date: /home/orangepi/follow_camera/install/follow_msg/include/follow_msg/follow_msg/action/detail/track_red_dot__type_support.hpp
[0.913s] -- Up-to-date: /home/orangepi/follow_camera/install/follow_msg/include/follow_msg/follow_msg/action/detail/reset_tracker__struct.hpp
[0.914s] -- Up-to-date: /home/orangepi/follow_camera/install/follow_msg/include/follow_msg/follow_msg/action/detail/get_red_dot_position__traits.hpp
[0.914s] -- Up-to-date: /home/orangepi/follow_camera/install/follow_msg/include/follow_msg/follow_msg/action/detail/track_red_dot__struct.hpp
[0.914s] -- Up-to-date: /home/orangepi/follow_camera/install/follow_msg/include/follow_msg/follow_msg/action/detail/track_red_dot__traits.hpp
[0.915s] -- Up-to-date: /home/orangepi/follow_camera/install/follow_msg/include/follow_msg/follow_msg/action/detail/reset_tape_tracker__builder.hpp
[0.915s] -- Up-to-date: /home/orangepi/follow_camera/install/follow_msg/include/follow_msg/follow_msg/action/detail/reset_tape_tracker__type_support.hpp
[0.915s] -- Up-to-date: /home/orangepi/follow_camera/install/follow_msg/include/follow_msg/follow_msg/action/detail/get_red_dot_position__builder.hpp
[0.916s] -- Up-to-date: /home/orangepi/follow_camera/install/follow_msg/include/follow_msg/follow_msg/action/detail/reset_tracker__type_support.hpp
[0.916s] -- Up-to-date: /home/orangepi/follow_camera/install/follow_msg/include/follow_msg/follow_msg/action/detail/reset_tracker__traits.hpp
[0.916s] -- Up-to-date: /home/orangepi/follow_camera/install/follow_msg/include/follow_msg/follow_msg/action/detail/get_red_dot_position__struct.hpp
[0.917s] -- Up-to-date: /home/orangepi/follow_camera/install/follow_msg/include/follow_msg/follow_msg/action/detail/reset_tape_tracker__traits.hpp
[0.917s] -- Up-to-date: /home/orangepi/follow_camera/install/follow_msg/include/follow_msg/follow_msg/action/detail/reset_tape_tracker__struct.hpp
[0.918s] -- Up-to-date: /home/orangepi/follow_camera/install/follow_msg/include/follow_msg/follow_msg/action/detail/get_red_dot_position__type_support.hpp
[0.918s] -- Up-to-date: /home/orangepi/follow_camera/install/follow_msg/include/follow_msg/follow_msg/action/detail/track_red_dot__builder.hpp
[0.918s] -- Up-to-date: /home/orangepi/follow_camera/install/follow_msg/include/follow_msg/follow_msg/action/detail/reset_tracker__builder.hpp
[0.919s] -- Up-to-date: /home/orangepi/follow_camera/install/follow_msg/include/follow_msg/follow_msg/action/track_red_dot.hpp
[0.919s] -- Up-to-date: /home/orangepi/follow_camera/install/follow_msg/include/follow_msg/follow_msg/action/reset_tracker.hpp
[0.919s] -- Up-to-date: /home/orangepi/follow_camera/install/follow_msg/include/follow_msg/follow_msg/msg
[0.920s] -- Up-to-date: /home/orangepi/follow_camera/install/follow_msg/include/follow_msg/follow_msg/msg/rosidl_generator_cpp__visibility_control.hpp
[0.920s] -- Up-to-date: /home/orangepi/follow_camera/install/follow_msg/include/follow_msg/follow_msg
[0.920s] -- Up-to-date: /home/orangepi/follow_camera/install/follow_msg/include/follow_msg/follow_msg/action
[0.921s] -- Up-to-date: /home/orangepi/follow_camera/install/follow_msg/include/follow_msg/follow_msg/action/detail
[0.921s] -- Up-to-date: /home/orangepi/follow_camera/install/follow_msg/include/follow_msg/follow_msg/action/detail/track_red_dot__rosidl_typesupport_fastrtps_cpp.hpp
[0.921s] -- Up-to-date: /home/orangepi/follow_camera/install/follow_msg/include/follow_msg/follow_msg/action/detail/reset_tape_tracker__rosidl_typesupport_fastrtps_cpp.hpp
[0.922s] -- Up-to-date: /home/orangepi/follow_camera/install/follow_msg/include/follow_msg/follow_msg/action/detail/get_red_dot_position__rosidl_typesupport_fastrtps_cpp.hpp
[0.922s] -- Up-to-date: /home/orangepi/follow_camera/install/follow_msg/include/follow_msg/follow_msg/action/detail/dds_fastrtps
[0.923s] -- Up-to-date: /home/orangepi/follow_camera/install/follow_msg/include/follow_msg/follow_msg/action/detail/reset_tracker__rosidl_typesupport_fastrtps_cpp.hpp
[0.923s] -- Up-to-date: /home/orangepi/follow_camera/install/follow_msg/include/follow_msg/follow_msg/msg
[0.923s] -- Up-to-date: /home/orangepi/follow_camera/install/follow_msg/include/follow_msg/follow_msg/msg/rosidl_typesupport_fastrtps_cpp__visibility_control.h
[0.924s] -- Up-to-date: /home/orangepi/follow_camera/install/follow_msg/lib/libfollow_msg__rosidl_typesupport_fastrtps_cpp.so
[0.924s] -- Up-to-date: /home/orangepi/follow_camera/install/follow_msg/include/follow_msg/follow_msg
[0.924s] -- Up-to-date: /home/orangepi/follow_camera/install/follow_msg/include/follow_msg/follow_msg/action
[0.925s] -- Up-to-date: /home/orangepi/follow_camera/install/follow_msg/include/follow_msg/follow_msg/action/detail
[0.925s] -- Up-to-date: /home/orangepi/follow_camera/install/follow_msg/include/follow_msg/follow_msg/action/detail/reset_tracker__type_support.cpp
[0.925s] -- Up-to-date: /home/orangepi/follow_camera/install/follow_msg/include/follow_msg/follow_msg/action/detail/get_red_dot_position__rosidl_typesupport_introspection_cpp.hpp
[0.926s] -- Up-to-date: /home/orangepi/follow_camera/install/follow_msg/include/follow_msg/follow_msg/action/detail/track_red_dot__type_support.cpp
[0.926s] -- Up-to-date: /home/orangepi/follow_camera/install/follow_msg/include/follow_msg/follow_msg/action/detail/track_red_dot__rosidl_typesupport_introspection_cpp.hpp
[0.926s] -- Up-to-date: /home/orangepi/follow_camera/install/follow_msg/include/follow_msg/follow_msg/action/detail/reset_tape_tracker__rosidl_typesupport_introspection_cpp.hpp
[0.927s] -- Up-to-date: /home/orangepi/follow_camera/install/follow_msg/include/follow_msg/follow_msg/action/detail/get_red_dot_position__type_support.cpp
[0.927s] -- Up-to-date: /home/orangepi/follow_camera/install/follow_msg/include/follow_msg/follow_msg/action/detail/reset_tape_tracker__type_support.cpp
[0.928s] -- Up-to-date: /home/orangepi/follow_camera/install/follow_msg/include/follow_msg/follow_msg/action/detail/reset_tracker__rosidl_typesupport_introspection_cpp.hpp
[0.928s] -- Up-to-date: /home/orangepi/follow_camera/install/follow_msg/lib/libfollow_msg__rosidl_typesupport_introspection_cpp.so
[0.928s] -- Up-to-date: /home/orangepi/follow_camera/install/follow_msg/lib/libfollow_msg__rosidl_typesupport_cpp.so
[0.929s] -- Up-to-date: /home/orangepi/follow_camera/install/follow_msg/share/follow_msg/environment/pythonpath.sh
[0.929s] -- Up-to-date: /home/orangepi/follow_camera/install/follow_msg/share/follow_msg/environment/pythonpath.dsv
[0.929s] -- Up-to-date: /home/orangepi/follow_camera/install/follow_msg/local/lib/python3.10/dist-packages/follow_msg-0.0.0-py3.10.egg-info
[0.930s] -- Installing: /home/orangepi/follow_camera/install/follow_msg/local/lib/python3.10/dist-packages/follow_msg-0.0.0-py3.10.egg-info/top_level.txt
[0.930s] -- Installing: /home/orangepi/follow_camera/install/follow_msg/local/lib/python3.10/dist-packages/follow_msg-0.0.0-py3.10.egg-info/SOURCES.txt
[0.930s] -- Installing: /home/orangepi/follow_camera/install/follow_msg/local/lib/python3.10/dist-packages/follow_msg-0.0.0-py3.10.egg-info/PKG-INFO
[0.931s] -- Installing: /home/orangepi/follow_camera/install/follow_msg/local/lib/python3.10/dist-packages/follow_msg-0.0.0-py3.10.egg-info/dependency_links.txt
[0.931s] -- Up-to-date: /home/orangepi/follow_camera/install/follow_msg/local/lib/python3.10/dist-packages/follow_msg
[0.932s] -- Up-to-date: /home/orangepi/follow_camera/install/follow_msg/local/lib/python3.10/dist-packages/follow_msg/action
[0.932s] -- Up-to-date: /home/orangepi/follow_camera/install/follow_msg/local/lib/python3.10/dist-packages/follow_msg/action/_reset_tracker_s.c
[0.932s] -- Up-to-date: /home/orangepi/follow_camera/install/follow_msg/local/lib/python3.10/dist-packages/follow_msg/action/_get_red_dot_position_s.c
[0.933s] -- Up-to-date: /home/orangepi/follow_camera/install/follow_msg/local/lib/python3.10/dist-packages/follow_msg/action/_reset_tape_tracker_s.c
[0.933s] -- Up-to-date: /home/orangepi/follow_camera/install/follow_msg/local/lib/python3.10/dist-packages/follow_msg/action/_reset_tracker.py
[0.933s] -- Up-to-date: /home/orangepi/follow_camera/install/follow_msg/local/lib/python3.10/dist-packages/follow_msg/action/_reset_tape_tracker.py
[0.934s] -- Up-to-date: /home/orangepi/follow_camera/install/follow_msg/local/lib/python3.10/dist-packages/follow_msg/action/_track_red_dot.py
[0.934s] -- Up-to-date: /home/orangepi/follow_camera/install/follow_msg/local/lib/python3.10/dist-packages/follow_msg/action/__init__.py
[0.934s] -- Up-to-date: /home/orangepi/follow_camera/install/follow_msg/local/lib/python3.10/dist-packages/follow_msg/action/_track_red_dot_s.c
[0.935s] -- Up-to-date: /home/orangepi/follow_camera/install/follow_msg/local/lib/python3.10/dist-packages/follow_msg/action/_get_red_dot_position.py
[0.935s] -- Up-to-date: /home/orangepi/follow_camera/install/follow_msg/local/lib/python3.10/dist-packages/follow_msg/_follow_msg_s.ep.rosidl_typesupport_c.c
[0.936s] -- Up-to-date: /home/orangepi/follow_camera/install/follow_msg/local/lib/python3.10/dist-packages/follow_msg/follow_msg_s__rosidl_typesupport_c.cpython-310-aarch64-linux-gnu.so
[0.936s] -- Up-to-date: /home/orangepi/follow_camera/install/follow_msg/local/lib/python3.10/dist-packages/follow_msg/__init__.py
[0.936s] -- Up-to-date: /home/orangepi/follow_camera/install/follow_msg/local/lib/python3.10/dist-packages/follow_msg/_follow_msg_s.ep.rosidl_typesupport_fastrtps_c.c
[0.937s] -- Up-to-date: /home/orangepi/follow_camera/install/follow_msg/local/lib/python3.10/dist-packages/follow_msg/libfollow_msg__rosidl_generator_py.so
[0.937s] -- Up-to-date: /home/orangepi/follow_camera/install/follow_msg/local/lib/python3.10/dist-packages/follow_msg/follow_msg_s__rosidl_typesupport_introspection_c.cpython-310-aarch64-linux-gnu.so
[0.937s] -- Up-to-date: /home/orangepi/follow_camera/install/follow_msg/local/lib/python3.10/dist-packages/follow_msg/_follow_msg_s.ep.rosidl_typesupport_introspection_c.c
[0.937s] -- Up-to-date: /home/orangepi/follow_camera/install/follow_msg/local/lib/python3.10/dist-packages/follow_msg/follow_msg_s__rosidl_typesupport_fastrtps_c.cpython-310-aarch64-linux-gnu.so
[0.956s] Listing '/home/orangepi/follow_camera/install/follow_msg/local/lib/python3.10/dist-packages/follow_msg'...
[0.956s] Listing '/home/orangepi/follow_camera/install/follow_msg/local/lib/python3.10/dist-packages/follow_msg/action'...
[0.969s] -- Up-to-date: /home/orangepi/follow_camera/install/follow_msg/local/lib/python3.10/dist-packages/follow_msg/follow_msg_s__rosidl_typesupport_fastrtps_c.cpython-310-aarch64-linux-gnu.so
[0.970s] -- Up-to-date: /home/orangepi/follow_camera/install/follow_msg/local/lib/python3.10/dist-packages/follow_msg/follow_msg_s__rosidl_typesupport_introspection_c.cpython-310-aarch64-linux-gnu.so
[0.971s] -- Up-to-date: /home/orangepi/follow_camera/install/follow_msg/local/lib/python3.10/dist-packages/follow_msg/follow_msg_s__rosidl_typesupport_c.cpython-310-aarch64-linux-gnu.so
[0.972s] -- Up-to-date: /home/orangepi/follow_camera/install/follow_msg/lib/libfollow_msg__rosidl_generator_py.so
[0.973s] -- Up-to-date: /home/orangepi/follow_camera/install/follow_msg/share/follow_msg/action/TrackRedDot.idl
[0.973s] -- Up-to-date: /home/orangepi/follow_camera/install/follow_msg/share/follow_msg/action/ResetTapeTracker.idl
[0.973s] -- Up-to-date: /home/orangepi/follow_camera/install/follow_msg/share/follow_msg/action/ResetTracker.idl
[0.973s] -- Up-to-date: /home/orangepi/follow_camera/install/follow_msg/share/follow_msg/action/GetRedDotPosition.idl
[0.973s] -- Up-to-date: /home/orangepi/follow_camera/install/follow_msg/share/follow_msg/action/TrackRedDot.action
[0.973s] -- Up-to-date: /home/orangepi/follow_camera/install/follow_msg/share/follow_msg/action/ResetTapeTracker.action
[0.973s] -- Up-to-date: /home/orangepi/follow_camera/install/follow_msg/share/follow_msg/action/ResetTracker.action
[0.974s] -- Up-to-date: /home/orangepi/follow_camera/install/follow_msg/share/follow_msg/action/GetRedDotPosition.action
[0.974s] -- Up-to-date: /home/orangepi/follow_camera/install/follow_msg/share/ament_index/resource_index/package_run_dependencies/follow_msg
[0.974s] -- Up-to-date: /home/orangepi/follow_camera/install/follow_msg/share/ament_index/resource_index/parent_prefix_path/follow_msg
[0.974s] -- Up-to-date: /home/orangepi/follow_camera/install/follow_msg/share/follow_msg/environment/ament_prefix_path.sh
[0.974s] -- Up-to-date: /home/orangepi/follow_camera/install/follow_msg/share/follow_msg/environment/ament_prefix_path.dsv
[0.974s] -- Up-to-date: /home/orangepi/follow_camera/install/follow_msg/share/follow_msg/environment/path.sh
[0.975s] -- Up-to-date: /home/orangepi/follow_camera/install/follow_msg/share/follow_msg/environment/path.dsv
[0.975s] -- Up-to-date: /home/orangepi/follow_camera/install/follow_msg/share/follow_msg/local_setup.bash
[0.975s] -- Up-to-date: /home/orangepi/follow_camera/install/follow_msg/share/follow_msg/local_setup.sh
[0.975s] -- Up-to-date: /home/orangepi/follow_camera/install/follow_msg/share/follow_msg/local_setup.zsh
[0.975s] -- Up-to-date: /home/orangepi/follow_camera/install/follow_msg/share/follow_msg/local_setup.dsv
[0.975s] -- Installing: /home/orangepi/follow_camera/install/follow_msg/share/follow_msg/package.dsv
[0.976s] -- Up-to-date: /home/orangepi/follow_camera/install/follow_msg/share/ament_index/resource_index/packages/follow_msg
[0.976s] -- Up-to-date: /home/orangepi/follow_camera/install/follow_msg/share/follow_msg/cmake/export_follow_msg__rosidl_generator_cExport.cmake
[0.976s] -- Up-to-date: /home/orangepi/follow_camera/install/follow_msg/share/follow_msg/cmake/export_follow_msg__rosidl_generator_cExport-noconfig.cmake
[0.977s] -- Up-to-date: /home/orangepi/follow_camera/install/follow_msg/share/follow_msg/cmake/export_follow_msg__rosidl_typesupport_fastrtps_cExport.cmake
[0.977s] -- Up-to-date: /home/orangepi/follow_camera/install/follow_msg/share/follow_msg/cmake/export_follow_msg__rosidl_typesupport_fastrtps_cExport-noconfig.cmake
[0.977s] -- Up-to-date: /home/orangepi/follow_camera/install/follow_msg/share/follow_msg/cmake/follow_msg__rosidl_typesupport_introspection_cExport.cmake
[0.977s] -- Up-to-date: /home/orangepi/follow_camera/install/follow_msg/share/follow_msg/cmake/follow_msg__rosidl_typesupport_introspection_cExport-noconfig.cmake
[0.978s] -- Up-to-date: /home/orangepi/follow_camera/install/follow_msg/share/follow_msg/cmake/follow_msg__rosidl_typesupport_cExport.cmake
[0.978s] -- Up-to-date: /home/orangepi/follow_camera/install/follow_msg/share/follow_msg/cmake/follow_msg__rosidl_typesupport_cExport-noconfig.cmake
[0.978s] -- Up-to-date: /home/orangepi/follow_camera/install/follow_msg/share/follow_msg/cmake/export_follow_msg__rosidl_generator_cppExport.cmake
[0.978s] -- Up-to-date: /home/orangepi/follow_camera/install/follow_msg/share/follow_msg/cmake/export_follow_msg__rosidl_typesupport_fastrtps_cppExport.cmake
[0.979s] -- Up-to-date: /home/orangepi/follow_camera/install/follow_msg/share/follow_msg/cmake/export_follow_msg__rosidl_typesupport_fastrtps_cppExport-noconfig.cmake
[0.979s] -- Up-to-date: /home/orangepi/follow_camera/install/follow_msg/share/follow_msg/cmake/follow_msg__rosidl_typesupport_introspection_cppExport.cmake
[0.979s] -- Up-to-date: /home/orangepi/follow_camera/install/follow_msg/share/follow_msg/cmake/follow_msg__rosidl_typesupport_introspection_cppExport-noconfig.cmake
[0.979s] -- Up-to-date: /home/orangepi/follow_camera/install/follow_msg/share/follow_msg/cmake/follow_msg__rosidl_typesupport_cppExport.cmake
[0.980s] -- Up-to-date: /home/orangepi/follow_camera/install/follow_msg/share/follow_msg/cmake/follow_msg__rosidl_typesupport_cppExport-noconfig.cmake
[0.980s] -- Up-to-date: /home/orangepi/follow_camera/install/follow_msg/share/follow_msg/cmake/export_follow_msg__rosidl_generator_pyExport.cmake
[0.980s] -- Up-to-date: /home/orangepi/follow_camera/install/follow_msg/share/follow_msg/cmake/export_follow_msg__rosidl_generator_pyExport-noconfig.cmake
[0.980s] -- Up-to-date: /home/orangepi/follow_camera/install/follow_msg/share/follow_msg/cmake/rosidl_cmake-extras.cmake
[0.980s] -- Up-to-date: /home/orangepi/follow_camera/install/follow_msg/share/follow_msg/cmake/ament_cmake_export_dependencies-extras.cmake
[0.981s] -- Up-to-date: /home/orangepi/follow_camera/install/follow_msg/share/follow_msg/cmake/ament_cmake_export_include_directories-extras.cmake
[0.981s] -- Up-to-date: /home/orangepi/follow_camera/install/follow_msg/share/follow_msg/cmake/ament_cmake_export_libraries-extras.cmake
[0.981s] -- Up-to-date: /home/orangepi/follow_camera/install/follow_msg/share/follow_msg/cmake/ament_cmake_export_targets-extras.cmake
[0.981s] -- Up-to-date: /home/orangepi/follow_camera/install/follow_msg/share/follow_msg/cmake/rosidl_cmake_export_typesupport_targets-extras.cmake
[0.981s] -- Up-to-date: /home/orangepi/follow_camera/install/follow_msg/share/follow_msg/cmake/rosidl_cmake_export_typesupport_libraries-extras.cmake
[0.981s] -- Up-to-date: /home/orangepi/follow_camera/install/follow_msg/share/follow_msg/cmake/follow_msgConfig.cmake
[0.981s] -- Up-to-date: /home/orangepi/follow_camera/install/follow_msg/share/follow_msg/cmake/follow_msgConfig-version.cmake
[0.982s] -- Up-to-date: /home/orangepi/follow_camera/install/follow_msg/share/follow_msg/package.xml
[0.988s] Invoked command in '/home/orangepi/follow_camera/build/follow_msg' returned '0': CMAKE_PREFIX_PATH=${CMAKE_PREFIX_PATH}:/home/orangepi/follow_camera/install/follow_ros:/home/orangepi/car_ros2/install/rknn_yolo:/opt/ros/humble /usr/bin/cmake --install /home/orangepi/follow_camera/build/follow_msg
