[0.024s] Invoking command in '/home/orangepi/follow_camera/build/follow_msg': CMAKE_PREFIX_PATH=${CMAKE_PREFIX_PATH}:/home/orangepi/car_ros2/install/rknn_yolo:/opt/ros/humble /usr/bin/cmake /home/orangepi/follow_camera/src/follow_msg -DCMAKE_INSTALL_PREFIX=/home/orangepi/follow_camera/install/follow_msg
[0.282s] -- The C compiler identification is GNU 11.4.0
[0.514s] -- The CXX compiler identification is GNU 11.4.0
[0.545s] -- Detecting C compiler ABI info
[0.812s] -- Detecting C compiler ABI info - done
[0.853s] -- Check for working C compiler: /usr/bin/cc - skipped
[0.854s] -- Detecting C compile features
[0.857s] -- Detecting C compile features - done
[0.871s] -- Detecting CXX compiler ABI info
[1.104s] -- Detecting CXX compiler ABI info - done
[1.117s] -- Check for working CXX compiler: /usr/bin/c++ - skipped
[1.117s] -- Detecting CXX compile features
[1.118s] -- Detecting CXX compile features - done
[1.125s] -- Found ament_cmake: 1.3.11 (/opt/ros/humble/share/ament_cmake/cmake)
[1.521s] -- Found Python3: /usr/bin/python3 (found version "3.10.12") found components: Interpreter 
[1.736s] -- Found rosidl_default_generators: 1.2.0 (/opt/ros/humble/share/rosidl_default_generators/cmake)
[1.743s] -- Using all available rosidl_typesupport_c: rosidl_typesupport_fastrtps_c;rosidl_typesupport_introspection_c
[1.755s] -- Found rosidl_adapter: 3.1.6 (/opt/ros/humble/share/rosidl_adapter/cmake)
[1.832s] -- Using all available rosidl_typesupport_cpp: rosidl_typesupport_fastrtps_cpp;rosidl_typesupport_introspection_cpp
[1.892s] -- Found geometry_msgs: 4.8.0 (/opt/ros/humble/share/geometry_msgs/cmake)
[1.989s] -- Found action_msgs: 1.2.1 (/opt/ros/humble/share/action_msgs/cmake)
[2.690s] -- Found ament_cmake_ros: 0.10.0 (/opt/ros/humble/share/ament_cmake_ros/cmake)
[3.292s] -- Using all available rosidl_typesupport_c: rosidl_typesupport_fastrtps_c;rosidl_typesupport_introspection_c
[3.954s] -- Using all available rosidl_typesupport_cpp: rosidl_typesupport_fastrtps_cpp;rosidl_typesupport_introspection_cpp
[4.007s] -- Found PythonInterp: /usr/bin/python3 (found suitable version "3.10.12", minimum required is "3.6") 
[4.014s] -- Found python_cmake_module: 0.10.0 (/opt/ros/humble/share/python_cmake_module/cmake)
[4.090s] -- Found PythonLibs: /usr/lib/aarch64-linux-gnu/libpython3.10.so (found suitable version "3.10.12", minimum required is "3.5") 
[4.090s] -- Using PYTHON_EXECUTABLE: /usr/bin/python3
[4.090s] -- Using PYTHON_INCLUDE_DIRS: /usr/include/python3.10
[4.090s] -- Using PYTHON_LIBRARIES: /usr/lib/aarch64-linux-gnu/libpython3.10.so
[4.142s] -- Found PythonExtra: .so  
[4.295s] -- Found ament_lint_auto: 0.12.12 (/opt/ros/humble/share/ament_lint_auto/cmake)
[4.306s] -- Configuring done
[4.360s] -- Generating done
[4.379s] -- Build files have been written to: /home/orangepi/follow_camera/build/follow_msg
[4.413s] Invoked command in '/home/orangepi/follow_camera/build/follow_msg' returned '0': CMAKE_PREFIX_PATH=${CMAKE_PREFIX_PATH}:/home/orangepi/car_ros2/install/rknn_yolo:/opt/ros/humble /usr/bin/cmake /home/orangepi/follow_camera/src/follow_msg -DCMAKE_INSTALL_PREFIX=/home/orangepi/follow_camera/install/follow_msg
[4.416s] Invoking command in '/home/orangepi/follow_camera/build/follow_msg': CMAKE_PREFIX_PATH=${CMAKE_PREFIX_PATH}:/home/orangepi/car_ros2/install/rknn_yolo:/opt/ros/humble /usr/bin/cmake --build /home/orangepi/follow_camera/build/follow_msg -- -j8 -l8
[4.566s] [  2%] [34m[1mGenerating C code for ROS interfaces[0m
[4.614s] [  5%] [34m[1mGenerating C++ code for ROS interfaces[0m
[4.637s] [  5%] Built target ament_cmake_python_copy_follow_msg
[5.036s] running egg_info
[5.037s] creating follow_msg.egg-info
[5.038s] writing follow_msg.egg-info/PKG-INFO
[5.039s] writing dependency_links to follow_msg.egg-info/dependency_links.txt
[5.039s] writing top-level names to follow_msg.egg-info/top_level.txt
[5.039s] writing manifest file 'follow_msg.egg-info/SOURCES.txt'
[5.044s] reading manifest file 'follow_msg.egg-info/SOURCES.txt'
[5.045s] writing manifest file 'follow_msg.egg-info/SOURCES.txt'
[5.127s] [  5%] Built target ament_cmake_python_build_follow_msg_egg
[5.539s] [  5%] Built target follow_msg__cpp
[5.551s] [  7%] [32mBuilding C object CMakeFiles/follow_msg__rosidl_generator_c.dir/rosidl_generator_c/follow_msg/action/detail/track_red_dot__functions.c.o[0m
[5.551s] [ 10%] [32mBuilding C object CMakeFiles/follow_msg__rosidl_generator_c.dir/rosidl_generator_c/follow_msg/srv/detail/get_red_dot_position__functions.c.o[0m
[5.558s] [ 12%] [34m[1mGenerating C++ introspection for ROS interfaces[0m
[5.567s] [ 15%] [34m[1mGenerating C++ type support dispatch for ROS interfaces[0m
[5.567s] [ 17%] [34m[1mGenerating C++ type support for eProsima Fast-RTPS[0m
[5.813s] [ 20%] [32m[1mLinking C shared library libfollow_msg__rosidl_generator_c.so[0m
[5.932s] [ 20%] Built target follow_msg__rosidl_generator_c
[5.969s] [ 28%] [34m[1mGenerating C type support dispatch for ROS interfaces[0m
[5.969s] [ 28%] [34m[1mGenerating C type support for eProsima Fast-RTPS[0m
[5.969s] [ 28%] [34m[1mGenerating C introspection for ROS interfaces[0m
[6.258s] [ 33%] [32mBuilding CXX object CMakeFiles/follow_msg__rosidl_typesupport_cpp.dir/rosidl_typesupport_cpp/follow_msg/srv/get_red_dot_position__type_support.cpp.o[0m
[6.258s] [ 33%] [32mBuilding CXX object CMakeFiles/follow_msg__rosidl_typesupport_cpp.dir/rosidl_typesupport_cpp/follow_msg/action/track_red_dot__type_support.cpp.o[0m
[6.371s] [ 38%] [32mBuilding CXX object CMakeFiles/follow_msg__rosidl_typesupport_introspection_cpp.dir/rosidl_typesupport_introspection_cpp/follow_msg/action/detail/track_red_dot__type_support.cpp.o[0m
[6.373s] [ 38%] [32mBuilding CXX object CMakeFiles/follow_msg__rosidl_typesupport_introspection_cpp.dir/rosidl_typesupport_introspection_cpp/follow_msg/srv/detail/get_red_dot_position__type_support.cpp.o[0m
[6.654s] [ 41%] [32mBuilding CXX object CMakeFiles/follow_msg__rosidl_typesupport_fastrtps_cpp.dir/rosidl_typesupport_fastrtps_cpp/follow_msg/action/detail/dds_fastrtps/track_red_dot__type_support.cpp.o[0m
[6.699s] [ 43%] [32mBuilding CXX object CMakeFiles/follow_msg__rosidl_typesupport_c.dir/rosidl_typesupport_c/follow_msg/action/track_red_dot__type_support.cpp.o[0m
[6.937s] [ 46%] [32mBuilding CXX object CMakeFiles/follow_msg__rosidl_typesupport_c.dir/rosidl_typesupport_c/follow_msg/srv/get_red_dot_position__type_support.cpp.o[0m
[6.951s] [ 48%] [32mBuilding CXX object CMakeFiles/follow_msg__rosidl_typesupport_fastrtps_c.dir/rosidl_typesupport_fastrtps_c/follow_msg/action/detail/track_red_dot__type_support_c.cpp.o[0m
[7.031s] [ 51%] [32mBuilding CXX object CMakeFiles/follow_msg__rosidl_typesupport_fastrtps_cpp.dir/rosidl_typesupport_fastrtps_cpp/follow_msg/srv/detail/dds_fastrtps/get_red_dot_position__type_support.cpp.o[0m
[7.045s] [ 53%] [32m[1mLinking CXX shared library libfollow_msg__rosidl_typesupport_c.so[0m
[7.050s] [ 56%] [32mBuilding C object CMakeFiles/follow_msg__rosidl_typesupport_introspection_c.dir/rosidl_typesupport_introspection_c/follow_msg/action/detail/track_red_dot__type_support.c.o[0m
[7.215s] [ 58%] [32mBuilding C object CMakeFiles/follow_msg__rosidl_typesupport_introspection_c.dir/rosidl_typesupport_introspection_c/follow_msg/srv/detail/get_red_dot_position__type_support.c.o[0m
[7.245s] [ 58%] Built target follow_msg__rosidl_typesupport_c
[7.271s] [ 61%] [32mBuilding CXX object CMakeFiles/follow_msg__rosidl_typesupport_fastrtps_c.dir/rosidl_typesupport_fastrtps_c/follow_msg/srv/detail/get_red_dot_position__type_support_c.cpp.o[0m
[7.327s] [ 64%] [32m[1mLinking C shared library libfollow_msg__rosidl_typesupport_introspection_c.so[0m
[7.378s] [ 66%] [32m[1mLinking CXX shared library libfollow_msg__rosidl_typesupport_cpp.so[0m
[7.452s] [ 66%] Built target follow_msg__rosidl_typesupport_introspection_c
[7.504s] [ 69%] [32m[1mLinking CXX shared library libfollow_msg__rosidl_typesupport_introspection_cpp.so[0m
[7.527s] [ 69%] Built target follow_msg__rosidl_typesupport_cpp
[7.687s] [ 69%] Built target follow_msg__rosidl_typesupport_introspection_cpp
[7.807s] [ 71%] [32m[1mLinking CXX shared library libfollow_msg__rosidl_typesupport_fastrtps_c.so[0m
[7.977s] [ 71%] Built target follow_msg__rosidl_typesupport_fastrtps_c
[8.047s] [ 74%] [32m[1mLinking CXX shared library libfollow_msg__rosidl_typesupport_fastrtps_cpp.so[0m
[8.273s] [ 74%] Built target follow_msg__rosidl_typesupport_fastrtps_cpp
[8.340s] [ 74%] Built target follow_msg
[8.412s] [ 76%] [34m[1mGenerating Python code for ROS interfaces[0m
[9.923s] [ 76%] Built target follow_msg__py
[9.978s] [ 79%] [32mBuilding C object CMakeFiles/follow_msg__rosidl_generator_py.dir/rosidl_generator_py/follow_msg/action/_track_red_dot_s.c.o[0m
[9.988s] [ 82%] [32mBuilding C object CMakeFiles/follow_msg__rosidl_generator_py.dir/rosidl_generator_py/follow_msg/srv/_get_red_dot_position_s.c.o[0m
[10.294s] [ 84%] [32m[1mLinking C shared library rosidl_generator_py/follow_msg/libfollow_msg__rosidl_generator_py.so[0m
[10.413s] [ 84%] Built target follow_msg__rosidl_generator_py
[10.481s] [ 87%] [32mBuilding C object CMakeFiles/follow_msg__rosidl_typesupport_c__pyext.dir/rosidl_generator_py/follow_msg/_follow_msg_s.ep.rosidl_typesupport_c.c.o[0m
[10.483s] [ 89%] [32mBuilding C object CMakeFiles/follow_msg__rosidl_typesupport_introspection_c__pyext.dir/rosidl_generator_py/follow_msg/_follow_msg_s.ep.rosidl_typesupport_introspection_c.c.o[0m
[10.485s] [ 92%] [32mBuilding C object CMakeFiles/follow_msg__rosidl_typesupport_fastrtps_c__pyext.dir/rosidl_generator_py/follow_msg/_follow_msg_s.ep.rosidl_typesupport_fastrtps_c.c.o[0m
[10.707s] [ 97%] [32m[1mLinking C shared library rosidl_generator_py/follow_msg/follow_msg_s__rosidl_typesupport_fastrtps_c.cpython-310-aarch64-linux-gnu.so[0m
[10.707s] [ 97%] [32m[1mLinking C shared library rosidl_generator_py/follow_msg/follow_msg_s__rosidl_typesupport_introspection_c.cpython-310-aarch64-linux-gnu.so[0m
[10.714s] [100%] [32m[1mLinking C shared library rosidl_generator_py/follow_msg/follow_msg_s__rosidl_typesupport_c.cpython-310-aarch64-linux-gnu.so[0m
[10.828s] [100%] Built target follow_msg__rosidl_typesupport_c__pyext
[10.844s] [100%] Built target follow_msg__rosidl_typesupport_fastrtps_c__pyext
[10.856s] [100%] Built target follow_msg__rosidl_typesupport_introspection_c__pyext
[10.905s] Invoked command in '/home/orangepi/follow_camera/build/follow_msg' returned '0': CMAKE_PREFIX_PATH=${CMAKE_PREFIX_PATH}:/home/orangepi/car_ros2/install/rknn_yolo:/opt/ros/humble /usr/bin/cmake --build /home/orangepi/follow_camera/build/follow_msg -- -j8 -l8
[10.951s] Invoking command in '/home/orangepi/follow_camera/build/follow_msg': CMAKE_PREFIX_PATH=${CMAKE_PREFIX_PATH}:/home/orangepi/car_ros2/install/rknn_yolo:/opt/ros/humble /usr/bin/cmake --install /home/orangepi/follow_camera/build/follow_msg
[10.966s] -- Install configuration: ""
[10.966s] -- Installing: /home/orangepi/follow_camera/install/follow_msg/share/ament_index/resource_index/rosidl_interfaces/follow_msg
[10.967s] -- Installing: /home/orangepi/follow_camera/install/follow_msg/include/follow_msg/follow_msg
[10.967s] -- Installing: /home/orangepi/follow_camera/install/follow_msg/include/follow_msg/follow_msg/action
[10.967s] -- Installing: /home/orangepi/follow_camera/install/follow_msg/include/follow_msg/follow_msg/action/track_red_dot.h
[10.967s] -- Installing: /home/orangepi/follow_camera/install/follow_msg/include/follow_msg/follow_msg/action/detail
[10.967s] -- Installing: /home/orangepi/follow_camera/install/follow_msg/include/follow_msg/follow_msg/action/detail/track_red_dot__functions.c
[10.967s] -- Installing: /home/orangepi/follow_camera/install/follow_msg/include/follow_msg/follow_msg/action/detail/track_red_dot__functions.h
[10.967s] -- Installing: /home/orangepi/follow_camera/install/follow_msg/include/follow_msg/follow_msg/action/detail/track_red_dot__struct.h
[10.967s] -- Installing: /home/orangepi/follow_camera/install/follow_msg/include/follow_msg/follow_msg/action/detail/track_red_dot__type_support.h
[10.967s] -- Installing: /home/orangepi/follow_camera/install/follow_msg/include/follow_msg/follow_msg/msg
[10.967s] -- Installing: /home/orangepi/follow_camera/install/follow_msg/include/follow_msg/follow_msg/msg/rosidl_generator_c__visibility_control.h
[10.968s] -- Installing: /home/orangepi/follow_camera/install/follow_msg/include/follow_msg/follow_msg/srv
[10.968s] -- Installing: /home/orangepi/follow_camera/install/follow_msg/include/follow_msg/follow_msg/srv/detail
[10.968s] -- Installing: /home/orangepi/follow_camera/install/follow_msg/include/follow_msg/follow_msg/srv/detail/get_red_dot_position__functions.c
[10.968s] -- Installing: /home/orangepi/follow_camera/install/follow_msg/include/follow_msg/follow_msg/srv/detail/get_red_dot_position__struct.h
[10.968s] -- Installing: /home/orangepi/follow_camera/install/follow_msg/include/follow_msg/follow_msg/srv/detail/get_red_dot_position__functions.h
[10.968s] -- Installing: /home/orangepi/follow_camera/install/follow_msg/include/follow_msg/follow_msg/srv/detail/get_red_dot_position__type_support.h
[10.968s] -- Installing: /home/orangepi/follow_camera/install/follow_msg/include/follow_msg/follow_msg/srv/get_red_dot_position.h
[10.968s] -- Installing: /home/orangepi/follow_camera/install/follow_msg/share/follow_msg/environment/library_path.sh
[10.968s] -- Installing: /home/orangepi/follow_camera/install/follow_msg/share/follow_msg/environment/library_path.dsv
[10.968s] -- Installing: /home/orangepi/follow_camera/install/follow_msg/lib/libfollow_msg__rosidl_generator_c.so
[10.969s] -- Set runtime path of "/home/orangepi/follow_camera/install/follow_msg/lib/libfollow_msg__rosidl_generator_c.so" to ""
[10.969s] -- Up-to-date: /home/orangepi/follow_camera/install/follow_msg/include/follow_msg/follow_msg
[10.969s] -- Up-to-date: /home/orangepi/follow_camera/install/follow_msg/include/follow_msg/follow_msg/action
[10.969s] -- Up-to-date: /home/orangepi/follow_camera/install/follow_msg/include/follow_msg/follow_msg/action/detail
[10.969s] -- Installing: /home/orangepi/follow_camera/install/follow_msg/include/follow_msg/follow_msg/action/detail/track_red_dot__rosidl_typesupport_fastrtps_c.h
[10.969s] -- Up-to-date: /home/orangepi/follow_camera/install/follow_msg/include/follow_msg/follow_msg/msg
[10.970s] -- Installing: /home/orangepi/follow_camera/install/follow_msg/include/follow_msg/follow_msg/msg/rosidl_typesupport_fastrtps_c__visibility_control.h
[10.970s] -- Up-to-date: /home/orangepi/follow_camera/install/follow_msg/include/follow_msg/follow_msg/srv
[10.970s] -- Up-to-date: /home/orangepi/follow_camera/install/follow_msg/include/follow_msg/follow_msg/srv/detail
[10.970s] -- Installing: /home/orangepi/follow_camera/install/follow_msg/include/follow_msg/follow_msg/srv/detail/get_red_dot_position__rosidl_typesupport_fastrtps_c.h
[10.970s] -- Installing: /home/orangepi/follow_camera/install/follow_msg/lib/libfollow_msg__rosidl_typesupport_fastrtps_c.so
[10.970s] -- Set runtime path of "/home/orangepi/follow_camera/install/follow_msg/lib/libfollow_msg__rosidl_typesupport_fastrtps_c.so" to ""
[10.970s] -- Up-to-date: /home/orangepi/follow_camera/install/follow_msg/include/follow_msg/follow_msg
[10.970s] -- Up-to-date: /home/orangepi/follow_camera/install/follow_msg/include/follow_msg/follow_msg/action
[10.970s] -- Up-to-date: /home/orangepi/follow_camera/install/follow_msg/include/follow_msg/follow_msg/action/detail
[10.970s] -- Installing: /home/orangepi/follow_camera/install/follow_msg/include/follow_msg/follow_msg/action/detail/track_red_dot__rosidl_typesupport_introspection_c.h
[10.971s] -- Installing: /home/orangepi/follow_camera/install/follow_msg/include/follow_msg/follow_msg/action/detail/track_red_dot__type_support.c
[10.971s] -- Up-to-date: /home/orangepi/follow_camera/install/follow_msg/include/follow_msg/follow_msg/msg
[10.971s] -- Installing: /home/orangepi/follow_camera/install/follow_msg/include/follow_msg/follow_msg/msg/rosidl_typesupport_introspection_c__visibility_control.h
[10.971s] -- Up-to-date: /home/orangepi/follow_camera/install/follow_msg/include/follow_msg/follow_msg/srv
[10.971s] -- Up-to-date: /home/orangepi/follow_camera/install/follow_msg/include/follow_msg/follow_msg/srv/detail
[10.971s] -- Installing: /home/orangepi/follow_camera/install/follow_msg/include/follow_msg/follow_msg/srv/detail/get_red_dot_position__type_support.c
[10.971s] -- Installing: /home/orangepi/follow_camera/install/follow_msg/include/follow_msg/follow_msg/srv/detail/get_red_dot_position__rosidl_typesupport_introspection_c.h
[10.971s] -- Installing: /home/orangepi/follow_camera/install/follow_msg/lib/libfollow_msg__rosidl_typesupport_introspection_c.so
[10.971s] -- Set runtime path of "/home/orangepi/follow_camera/install/follow_msg/lib/libfollow_msg__rosidl_typesupport_introspection_c.so" to ""
[10.972s] -- Installing: /home/orangepi/follow_camera/install/follow_msg/lib/libfollow_msg__rosidl_typesupport_c.so
[10.972s] -- Set runtime path of "/home/orangepi/follow_camera/install/follow_msg/lib/libfollow_msg__rosidl_typesupport_c.so" to ""
[10.972s] -- Up-to-date: /home/orangepi/follow_camera/install/follow_msg/include/follow_msg/follow_msg
[10.972s] -- Up-to-date: /home/orangepi/follow_camera/install/follow_msg/include/follow_msg/follow_msg/action
[10.972s] -- Up-to-date: /home/orangepi/follow_camera/install/follow_msg/include/follow_msg/follow_msg/action/detail
[10.972s] -- Installing: /home/orangepi/follow_camera/install/follow_msg/include/follow_msg/follow_msg/action/detail/track_red_dot__type_support.hpp
[10.972s] -- Installing: /home/orangepi/follow_camera/install/follow_msg/include/follow_msg/follow_msg/action/detail/track_red_dot__struct.hpp
[10.972s] -- Installing: /home/orangepi/follow_camera/install/follow_msg/include/follow_msg/follow_msg/action/detail/track_red_dot__traits.hpp
[10.972s] -- Installing: /home/orangepi/follow_camera/install/follow_msg/include/follow_msg/follow_msg/action/detail/track_red_dot__builder.hpp
[10.972s] -- Installing: /home/orangepi/follow_camera/install/follow_msg/include/follow_msg/follow_msg/action/track_red_dot.hpp
[10.972s] -- Up-to-date: /home/orangepi/follow_camera/install/follow_msg/include/follow_msg/follow_msg/msg
[10.973s] -- Installing: /home/orangepi/follow_camera/install/follow_msg/include/follow_msg/follow_msg/msg/rosidl_generator_cpp__visibility_control.hpp
[10.973s] -- Up-to-date: /home/orangepi/follow_camera/install/follow_msg/include/follow_msg/follow_msg/srv
[10.973s] -- Installing: /home/orangepi/follow_camera/install/follow_msg/include/follow_msg/follow_msg/srv/get_red_dot_position.hpp
[10.973s] -- Up-to-date: /home/orangepi/follow_camera/install/follow_msg/include/follow_msg/follow_msg/srv/detail
[10.973s] -- Installing: /home/orangepi/follow_camera/install/follow_msg/include/follow_msg/follow_msg/srv/detail/get_red_dot_position__traits.hpp
[10.973s] -- Installing: /home/orangepi/follow_camera/install/follow_msg/include/follow_msg/follow_msg/srv/detail/get_red_dot_position__builder.hpp
[10.973s] -- Installing: /home/orangepi/follow_camera/install/follow_msg/include/follow_msg/follow_msg/srv/detail/get_red_dot_position__struct.hpp
[10.973s] -- Installing: /home/orangepi/follow_camera/install/follow_msg/include/follow_msg/follow_msg/srv/detail/get_red_dot_position__type_support.hpp
[10.974s] -- Up-to-date: /home/orangepi/follow_camera/install/follow_msg/include/follow_msg/follow_msg
[10.974s] -- Up-to-date: /home/orangepi/follow_camera/install/follow_msg/include/follow_msg/follow_msg/action
[10.974s] -- Up-to-date: /home/orangepi/follow_camera/install/follow_msg/include/follow_msg/follow_msg/action/detail
[10.974s] -- Installing: /home/orangepi/follow_camera/install/follow_msg/include/follow_msg/follow_msg/action/detail/track_red_dot__rosidl_typesupport_fastrtps_cpp.hpp
[10.974s] -- Installing: /home/orangepi/follow_camera/install/follow_msg/include/follow_msg/follow_msg/action/detail/dds_fastrtps
[10.974s] -- Up-to-date: /home/orangepi/follow_camera/install/follow_msg/include/follow_msg/follow_msg/msg
[10.975s] -- Installing: /home/orangepi/follow_camera/install/follow_msg/include/follow_msg/follow_msg/msg/rosidl_typesupport_fastrtps_cpp__visibility_control.h
[10.975s] -- Up-to-date: /home/orangepi/follow_camera/install/follow_msg/include/follow_msg/follow_msg/srv
[10.975s] -- Up-to-date: /home/orangepi/follow_camera/install/follow_msg/include/follow_msg/follow_msg/srv/detail
[10.976s] -- Installing: /home/orangepi/follow_camera/install/follow_msg/include/follow_msg/follow_msg/srv/detail/get_red_dot_position__rosidl_typesupport_fastrtps_cpp.hpp
[10.976s] -- Installing: /home/orangepi/follow_camera/install/follow_msg/include/follow_msg/follow_msg/srv/detail/dds_fastrtps
[10.977s] -- Installing: /home/orangepi/follow_camera/install/follow_msg/lib/libfollow_msg__rosidl_typesupport_fastrtps_cpp.so
[10.977s] -- Set runtime path of "/home/orangepi/follow_camera/install/follow_msg/lib/libfollow_msg__rosidl_typesupport_fastrtps_cpp.so" to ""
[10.978s] -- Up-to-date: /home/orangepi/follow_camera/install/follow_msg/include/follow_msg/follow_msg
[10.978s] -- Up-to-date: /home/orangepi/follow_camera/install/follow_msg/include/follow_msg/follow_msg/action
[10.979s] -- Up-to-date: /home/orangepi/follow_camera/install/follow_msg/include/follow_msg/follow_msg/action/detail
[10.979s] -- Installing: /home/orangepi/follow_camera/install/follow_msg/include/follow_msg/follow_msg/action/detail/track_red_dot__type_support.cpp
[10.979s] -- Installing: /home/orangepi/follow_camera/install/follow_msg/include/follow_msg/follow_msg/action/detail/track_red_dot__rosidl_typesupport_introspection_cpp.hpp
[10.980s] -- Up-to-date: /home/orangepi/follow_camera/install/follow_msg/include/follow_msg/follow_msg/srv
[10.980s] -- Up-to-date: /home/orangepi/follow_camera/install/follow_msg/include/follow_msg/follow_msg/srv/detail
[10.980s] -- Installing: /home/orangepi/follow_camera/install/follow_msg/include/follow_msg/follow_msg/srv/detail/get_red_dot_position__rosidl_typesupport_introspection_cpp.hpp
[10.981s] -- Installing: /home/orangepi/follow_camera/install/follow_msg/include/follow_msg/follow_msg/srv/detail/get_red_dot_position__type_support.cpp
[10.981s] -- Installing: /home/orangepi/follow_camera/install/follow_msg/lib/libfollow_msg__rosidl_typesupport_introspection_cpp.so
[10.981s] -- Set runtime path of "/home/orangepi/follow_camera/install/follow_msg/lib/libfollow_msg__rosidl_typesupport_introspection_cpp.so" to ""
[10.982s] -- Installing: /home/orangepi/follow_camera/install/follow_msg/lib/libfollow_msg__rosidl_typesupport_cpp.so
[10.982s] -- Set runtime path of "/home/orangepi/follow_camera/install/follow_msg/lib/libfollow_msg__rosidl_typesupport_cpp.so" to ""
[10.982s] -- Installing: /home/orangepi/follow_camera/install/follow_msg/share/follow_msg/environment/pythonpath.sh
[10.983s] -- Installing: /home/orangepi/follow_camera/install/follow_msg/share/follow_msg/environment/pythonpath.dsv
[10.983s] -- Installing: /home/orangepi/follow_camera/install/follow_msg/local/lib/python3.10/dist-packages/follow_msg-0.0.0-py3.10.egg-info
[10.983s] -- Installing: /home/orangepi/follow_camera/install/follow_msg/local/lib/python3.10/dist-packages/follow_msg-0.0.0-py3.10.egg-info/top_level.txt
[10.984s] -- Installing: /home/orangepi/follow_camera/install/follow_msg/local/lib/python3.10/dist-packages/follow_msg-0.0.0-py3.10.egg-info/SOURCES.txt
[10.984s] -- Installing: /home/orangepi/follow_camera/install/follow_msg/local/lib/python3.10/dist-packages/follow_msg-0.0.0-py3.10.egg-info/PKG-INFO
[10.985s] -- Installing: /home/orangepi/follow_camera/install/follow_msg/local/lib/python3.10/dist-packages/follow_msg-0.0.0-py3.10.egg-info/dependency_links.txt
[10.985s] -- Installing: /home/orangepi/follow_camera/install/follow_msg/local/lib/python3.10/dist-packages/follow_msg
[10.985s] -- Installing: /home/orangepi/follow_camera/install/follow_msg/local/lib/python3.10/dist-packages/follow_msg/action
[10.986s] -- Installing: /home/orangepi/follow_camera/install/follow_msg/local/lib/python3.10/dist-packages/follow_msg/action/_track_red_dot.py
[10.986s] -- Installing: /home/orangepi/follow_camera/install/follow_msg/local/lib/python3.10/dist-packages/follow_msg/action/__init__.py
[10.986s] -- Installing: /home/orangepi/follow_camera/install/follow_msg/local/lib/python3.10/dist-packages/follow_msg/action/_track_red_dot_s.c
[10.987s] -- Installing: /home/orangepi/follow_camera/install/follow_msg/local/lib/python3.10/dist-packages/follow_msg/_follow_msg_s.ep.rosidl_typesupport_c.c
[10.987s] -- Installing: /home/orangepi/follow_camera/install/follow_msg/local/lib/python3.10/dist-packages/follow_msg/follow_msg_s__rosidl_typesupport_c.cpython-310-aarch64-linux-gnu.so
[10.987s] -- Installing: /home/orangepi/follow_camera/install/follow_msg/local/lib/python3.10/dist-packages/follow_msg/__init__.py
[10.988s] -- Installing: /home/orangepi/follow_camera/install/follow_msg/local/lib/python3.10/dist-packages/follow_msg/_follow_msg_s.ep.rosidl_typesupport_fastrtps_c.c
[10.988s] -- Installing: /home/orangepi/follow_camera/install/follow_msg/local/lib/python3.10/dist-packages/follow_msg/libfollow_msg__rosidl_generator_py.so
[10.988s] -- Installing: /home/orangepi/follow_camera/install/follow_msg/local/lib/python3.10/dist-packages/follow_msg/follow_msg_s__rosidl_typesupport_introspection_c.cpython-310-aarch64-linux-gnu.so
[10.989s] -- Installing: /home/orangepi/follow_camera/install/follow_msg/local/lib/python3.10/dist-packages/follow_msg/_follow_msg_s.ep.rosidl_typesupport_introspection_c.c
[10.989s] -- Installing: /home/orangepi/follow_camera/install/follow_msg/local/lib/python3.10/dist-packages/follow_msg/follow_msg_s__rosidl_typesupport_fastrtps_c.cpython-310-aarch64-linux-gnu.so
[10.989s] -- Installing: /home/orangepi/follow_camera/install/follow_msg/local/lib/python3.10/dist-packages/follow_msg/srv
[10.990s] -- Installing: /home/orangepi/follow_camera/install/follow_msg/local/lib/python3.10/dist-packages/follow_msg/srv/_get_red_dot_position_s.c
[10.990s] -- Installing: /home/orangepi/follow_camera/install/follow_msg/local/lib/python3.10/dist-packages/follow_msg/srv/__init__.py
[10.990s] -- Installing: /home/orangepi/follow_camera/install/follow_msg/local/lib/python3.10/dist-packages/follow_msg/srv/_get_red_dot_position.py
[11.045s] Listing '/home/orangepi/follow_camera/install/follow_msg/local/lib/python3.10/dist-packages/follow_msg'...
[11.045s] Compiling '/home/orangepi/follow_camera/install/follow_msg/local/lib/python3.10/dist-packages/follow_msg/__init__.py'...
[11.045s] Listing '/home/orangepi/follow_camera/install/follow_msg/local/lib/python3.10/dist-packages/follow_msg/action'...
[11.046s] Compiling '/home/orangepi/follow_camera/install/follow_msg/local/lib/python3.10/dist-packages/follow_msg/action/__init__.py'...
[11.046s] Compiling '/home/orangepi/follow_camera/install/follow_msg/local/lib/python3.10/dist-packages/follow_msg/action/_track_red_dot.py'...
[11.046s] Listing '/home/orangepi/follow_camera/install/follow_msg/local/lib/python3.10/dist-packages/follow_msg/srv'...
[11.047s] Compiling '/home/orangepi/follow_camera/install/follow_msg/local/lib/python3.10/dist-packages/follow_msg/srv/__init__.py'...
[11.047s] Compiling '/home/orangepi/follow_camera/install/follow_msg/local/lib/python3.10/dist-packages/follow_msg/srv/_get_red_dot_position.py'...
[11.059s] -- Installing: /home/orangepi/follow_camera/install/follow_msg/local/lib/python3.10/dist-packages/follow_msg/follow_msg_s__rosidl_typesupport_fastrtps_c.cpython-310-aarch64-linux-gnu.so
[11.059s] -- Set runtime path of "/home/orangepi/follow_camera/install/follow_msg/local/lib/python3.10/dist-packages/follow_msg/follow_msg_s__rosidl_typesupport_fastrtps_c.cpython-310-aarch64-linux-gnu.so" to ""
[11.060s] -- Installing: /home/orangepi/follow_camera/install/follow_msg/local/lib/python3.10/dist-packages/follow_msg/follow_msg_s__rosidl_typesupport_introspection_c.cpython-310-aarch64-linux-gnu.so
[11.060s] -- Set runtime path of "/home/orangepi/follow_camera/install/follow_msg/local/lib/python3.10/dist-packages/follow_msg/follow_msg_s__rosidl_typesupport_introspection_c.cpython-310-aarch64-linux-gnu.so" to ""
[11.061s] -- Installing: /home/orangepi/follow_camera/install/follow_msg/local/lib/python3.10/dist-packages/follow_msg/follow_msg_s__rosidl_typesupport_c.cpython-310-aarch64-linux-gnu.so
[11.062s] -- Set runtime path of "/home/orangepi/follow_camera/install/follow_msg/local/lib/python3.10/dist-packages/follow_msg/follow_msg_s__rosidl_typesupport_c.cpython-310-aarch64-linux-gnu.so" to ""
[11.062s] -- Installing: /home/orangepi/follow_camera/install/follow_msg/lib/libfollow_msg__rosidl_generator_py.so
[11.062s] -- Set runtime path of "/home/orangepi/follow_camera/install/follow_msg/lib/libfollow_msg__rosidl_generator_py.so" to ""
[11.063s] -- Installing: /home/orangepi/follow_camera/install/follow_msg/share/follow_msg/action/TrackRedDot.idl
[11.063s] -- Installing: /home/orangepi/follow_camera/install/follow_msg/share/follow_msg/srv/GetRedDotPosition.idl
[11.064s] -- Installing: /home/orangepi/follow_camera/install/follow_msg/share/follow_msg/action/TrackRedDot.action
[11.064s] -- Installing: /home/orangepi/follow_camera/install/follow_msg/share/follow_msg/srv/GetRedDotPosition.srv
[11.065s] -- Installing: /home/orangepi/follow_camera/install/follow_msg/share/follow_msg/srv/GetRedDotPosition_Request.msg
[11.066s] -- Installing: /home/orangepi/follow_camera/install/follow_msg/share/follow_msg/srv/GetRedDotPosition_Response.msg
[11.066s] -- Installing: /home/orangepi/follow_camera/install/follow_msg/share/ament_index/resource_index/package_run_dependencies/follow_msg
[11.066s] -- Installing: /home/orangepi/follow_camera/install/follow_msg/share/ament_index/resource_index/parent_prefix_path/follow_msg
[11.067s] -- Installing: /home/orangepi/follow_camera/install/follow_msg/share/follow_msg/environment/ament_prefix_path.sh
[11.067s] -- Installing: /home/orangepi/follow_camera/install/follow_msg/share/follow_msg/environment/ament_prefix_path.dsv
[11.067s] -- Installing: /home/orangepi/follow_camera/install/follow_msg/share/follow_msg/environment/path.sh
[11.068s] -- Installing: /home/orangepi/follow_camera/install/follow_msg/share/follow_msg/environment/path.dsv
[11.068s] -- Installing: /home/orangepi/follow_camera/install/follow_msg/share/follow_msg/local_setup.bash
[11.068s] -- Installing: /home/orangepi/follow_camera/install/follow_msg/share/follow_msg/local_setup.sh
[11.069s] -- Installing: /home/orangepi/follow_camera/install/follow_msg/share/follow_msg/local_setup.zsh
[11.069s] -- Installing: /home/orangepi/follow_camera/install/follow_msg/share/follow_msg/local_setup.dsv
[11.070s] -- Installing: /home/orangepi/follow_camera/install/follow_msg/share/follow_msg/package.dsv
[11.071s] -- Installing: /home/orangepi/follow_camera/install/follow_msg/share/ament_index/resource_index/packages/follow_msg
[11.071s] -- Installing: /home/orangepi/follow_camera/install/follow_msg/share/follow_msg/cmake/export_follow_msg__rosidl_generator_cExport.cmake
[11.071s] -- Installing: /home/orangepi/follow_camera/install/follow_msg/share/follow_msg/cmake/export_follow_msg__rosidl_generator_cExport-noconfig.cmake
[11.072s] -- Installing: /home/orangepi/follow_camera/install/follow_msg/share/follow_msg/cmake/export_follow_msg__rosidl_typesupport_fastrtps_cExport.cmake
[11.072s] -- Installing: /home/orangepi/follow_camera/install/follow_msg/share/follow_msg/cmake/export_follow_msg__rosidl_typesupport_fastrtps_cExport-noconfig.cmake
[11.072s] -- Installing: /home/orangepi/follow_camera/install/follow_msg/share/follow_msg/cmake/follow_msg__rosidl_typesupport_introspection_cExport.cmake
[11.073s] -- Installing: /home/orangepi/follow_camera/install/follow_msg/share/follow_msg/cmake/follow_msg__rosidl_typesupport_introspection_cExport-noconfig.cmake
[11.074s] -- Installing: /home/orangepi/follow_camera/install/follow_msg/share/follow_msg/cmake/follow_msg__rosidl_typesupport_cExport.cmake
[11.074s] -- Installing: /home/orangepi/follow_camera/install/follow_msg/share/follow_msg/cmake/follow_msg__rosidl_typesupport_cExport-noconfig.cmake
[11.074s] -- Installing: /home/orangepi/follow_camera/install/follow_msg/share/follow_msg/cmake/export_follow_msg__rosidl_generator_cppExport.cmake
[11.074s] -- Installing: /home/orangepi/follow_camera/install/follow_msg/share/follow_msg/cmake/export_follow_msg__rosidl_typesupport_fastrtps_cppExport.cmake
[11.074s] -- Installing: /home/orangepi/follow_camera/install/follow_msg/share/follow_msg/cmake/export_follow_msg__rosidl_typesupport_fastrtps_cppExport-noconfig.cmake
[11.074s] -- Installing: /home/orangepi/follow_camera/install/follow_msg/share/follow_msg/cmake/follow_msg__rosidl_typesupport_introspection_cppExport.cmake
[11.075s] -- Installing: /home/orangepi/follow_camera/install/follow_msg/share/follow_msg/cmake/follow_msg__rosidl_typesupport_introspection_cppExport-noconfig.cmake
[11.075s] -- Installing: /home/orangepi/follow_camera/install/follow_msg/share/follow_msg/cmake/follow_msg__rosidl_typesupport_cppExport.cmake
[11.075s] -- Installing: /home/orangepi/follow_camera/install/follow_msg/share/follow_msg/cmake/follow_msg__rosidl_typesupport_cppExport-noconfig.cmake
[11.075s] -- Installing: /home/orangepi/follow_camera/install/follow_msg/share/follow_msg/cmake/export_follow_msg__rosidl_generator_pyExport.cmake
[11.075s] -- Installing: /home/orangepi/follow_camera/install/follow_msg/share/follow_msg/cmake/export_follow_msg__rosidl_generator_pyExport-noconfig.cmake
[11.075s] -- Installing: /home/orangepi/follow_camera/install/follow_msg/share/follow_msg/cmake/rosidl_cmake-extras.cmake
[11.075s] -- Installing: /home/orangepi/follow_camera/install/follow_msg/share/follow_msg/cmake/ament_cmake_export_dependencies-extras.cmake
[11.075s] -- Installing: /home/orangepi/follow_camera/install/follow_msg/share/follow_msg/cmake/ament_cmake_export_include_directories-extras.cmake
[11.075s] -- Installing: /home/orangepi/follow_camera/install/follow_msg/share/follow_msg/cmake/ament_cmake_export_libraries-extras.cmake
[11.075s] -- Installing: /home/orangepi/follow_camera/install/follow_msg/share/follow_msg/cmake/ament_cmake_export_targets-extras.cmake
[11.075s] -- Installing: /home/orangepi/follow_camera/install/follow_msg/share/follow_msg/cmake/rosidl_cmake_export_typesupport_targets-extras.cmake
[11.075s] -- Installing: /home/orangepi/follow_camera/install/follow_msg/share/follow_msg/cmake/rosidl_cmake_export_typesupport_libraries-extras.cmake
[11.075s] -- Installing: /home/orangepi/follow_camera/install/follow_msg/share/follow_msg/cmake/follow_msgConfig.cmake
[11.076s] -- Installing: /home/orangepi/follow_camera/install/follow_msg/share/follow_msg/cmake/follow_msgConfig-version.cmake
[11.076s] -- Installing: /home/orangepi/follow_camera/install/follow_msg/share/follow_msg/package.xml
[11.076s] Invoked command in '/home/orangepi/follow_camera/build/follow_msg' returned '0': CMAKE_PREFIX_PATH=${CMAKE_PREFIX_PATH}:/home/orangepi/car_ros2/install/rknn_yolo:/opt/ros/humble /usr/bin/cmake --install /home/orangepi/follow_camera/build/follow_msg
