[0.254s] [34mcolcon[0m [1;30mDEBUG[0m [32mCommand line arguments: ['/usr/bin/colcon', 'build'][0m
[0.254s] [34mcolcon[0m [1;30mDEBUG[0m [32mParsed command line arguments: Namespace(log_base=None, log_level=None, verb_name='build', build_base='build', install_base='install', merge_install=False, symlink_install=False, test_result_base=None, continue_on_error=False, executor='parallel', parallel_workers=8, event_handlers=None, ignore_user_meta=False, metas=['./colcon.meta'], base_paths=['.'], packages_ignore=None, packages_ignore_regex=None, paths=None, packages_up_to=None, packages_up_to_regex=None, packages_above=None, packages_above_and_dependencies=None, packages_above_depth=None, packages_select_by_dep=None, packages_skip_by_dep=None, packages_skip_up_to=None, packages_select_build_failed=False, packages_skip_build_finished=False, packages_select_test_failures=False, packages_skip_test_passed=False, packages_select=None, packages_skip=None, packages_select_regex=None, packages_skip_regex=None, packages_start=None, packages_end=None, cmake_args=None, cmake_target=None, cmake_target_skip_unavailable=False, cmake_clean_cache=False, cmake_clean_first=False, cmake_force_configure=False, ament_cmake_args=None, catkin_cmake_args=None, catkin_skip_building_tests=False, verb_parser=<colcon_defaults.argument_parser.defaults.DefaultArgumentsDecorator object at 0x7f959de140>, verb_extension=<colcon_core.verb.build.BuildVerb object at 0x7f959ddc30>, main=<bound method BuildVerb.main of <colcon_core.verb.build.BuildVerb object at 0x7f959ddc30>>)[0m
[0.635s] [34mcolcon.colcon_core.package_discovery[0m [1;30mLevel 1[0m discover_packages(colcon_meta) check parameters
[0.636s] [34mcolcon.colcon_core.package_discovery[0m [1;30mLevel 1[0m discover_packages(recursive) check parameters
[0.636s] [34mcolcon.colcon_core.package_discovery[0m [1;30mLevel 1[0m discover_packages(ignore) check parameters
[0.636s] [34mcolcon.colcon_core.package_discovery[0m [1;30mLevel 1[0m discover_packages(path) check parameters
[0.636s] [34mcolcon.colcon_core.package_discovery[0m [1;30mLevel 1[0m discover_packages(colcon_meta) discover
[0.636s] [34mcolcon.colcon_core.package_discovery[0m [1;30mLevel 1[0m discover_packages(recursive) discover
[0.636s] [34mcolcon.colcon_core.package_discovery[0m [1;30mINFO[0m Crawling recursively for packages in '/home/orangepi/follow_camera'
[0.636s] [34mcolcon.colcon_core.package_identification[0m [1;30mLevel 1[0m _identify(.) by extensions ['ignore', 'ignore_ament_install']
[0.637s] [34mcolcon.colcon_core.package_identification[0m [1;30mLevel 1[0m _identify(.) by extension 'ignore'
[0.637s] [34mcolcon.colcon_core.package_identification[0m [1;30mLevel 1[0m _identify(.) by extension 'ignore_ament_install'
[0.637s] [34mcolcon.colcon_core.package_identification[0m [1;30mLevel 1[0m _identify(.) by extensions ['colcon_pkg']
[0.637s] [34mcolcon.colcon_core.package_identification[0m [1;30mLevel 1[0m _identify(.) by extension 'colcon_pkg'
[0.637s] [34mcolcon.colcon_core.package_identification[0m [1;30mLevel 1[0m _identify(.) by extensions ['colcon_meta']
[0.637s] [34mcolcon.colcon_core.package_identification[0m [1;30mLevel 1[0m _identify(.) by extension 'colcon_meta'
[0.637s] [34mcolcon.colcon_core.package_identification[0m [1;30mLevel 1[0m _identify(.) by extensions ['ros']
[0.637s] [34mcolcon.colcon_core.package_identification[0m [1;30mLevel 1[0m _identify(.) by extension 'ros'
[0.699s] [34mcolcon.colcon_core.package_identification[0m [1;30mLevel 1[0m _identify(.) by extensions ['cmake', 'python']
[0.699s] [34mcolcon.colcon_core.package_identification[0m [1;30mLevel 1[0m _identify(.) by extension 'cmake'
[0.699s] [34mcolcon.colcon_core.package_identification[0m [1;30mLevel 1[0m _identify(.) by extension 'python'
[0.699s] [34mcolcon.colcon_core.package_identification[0m [1;30mLevel 1[0m _identify(.) by extensions ['python_setup_py']
[0.699s] [34mcolcon.colcon_core.package_identification[0m [1;30mLevel 1[0m _identify(.) by extension 'python_setup_py'
[0.700s] [34mcolcon.colcon_core.package_identification[0m [1;30mLevel 1[0m _identify(build) by extensions ['ignore', 'ignore_ament_install']
[0.700s] [34mcolcon.colcon_core.package_identification[0m [1;30mLevel 1[0m _identify(build) by extension 'ignore'
[0.700s] [34mcolcon.colcon_core.package_identification[0m [1;30mLevel 1[0m _identify(build) ignored
[0.700s] [34mcolcon.colcon_core.package_identification[0m [1;30mLevel 1[0m _identify(install) by extensions ['ignore', 'ignore_ament_install']
[0.700s] [34mcolcon.colcon_core.package_identification[0m [1;30mLevel 1[0m _identify(install) by extension 'ignore'
[0.700s] [34mcolcon.colcon_core.package_identification[0m [1;30mLevel 1[0m _identify(install) ignored
[0.700s] [34mcolcon.colcon_core.package_identification[0m [1;30mLevel 1[0m _identify(log) by extensions ['ignore', 'ignore_ament_install']
[0.700s] [34mcolcon.colcon_core.package_identification[0m [1;30mLevel 1[0m _identify(log) by extension 'ignore'
[0.700s] [34mcolcon.colcon_core.package_identification[0m [1;30mLevel 1[0m _identify(log) ignored
[0.701s] [34mcolcon.colcon_core.package_identification[0m [1;30mLevel 1[0m _identify(src) by extensions ['ignore', 'ignore_ament_install']
[0.701s] [34mcolcon.colcon_core.package_identification[0m [1;30mLevel 1[0m _identify(src) by extension 'ignore'
[0.701s] [34mcolcon.colcon_core.package_identification[0m [1;30mLevel 1[0m _identify(src) by extension 'ignore_ament_install'
[0.701s] [34mcolcon.colcon_core.package_identification[0m [1;30mLevel 1[0m _identify(src) by extensions ['colcon_pkg']
[0.701s] [34mcolcon.colcon_core.package_identification[0m [1;30mLevel 1[0m _identify(src) by extension 'colcon_pkg'
[0.701s] [34mcolcon.colcon_core.package_identification[0m [1;30mLevel 1[0m _identify(src) by extensions ['colcon_meta']
[0.701s] [34mcolcon.colcon_core.package_identification[0m [1;30mLevel 1[0m _identify(src) by extension 'colcon_meta'
[0.701s] [34mcolcon.colcon_core.package_identification[0m [1;30mLevel 1[0m _identify(src) by extensions ['ros']
[0.701s] [34mcolcon.colcon_core.package_identification[0m [1;30mLevel 1[0m _identify(src) by extension 'ros'
[0.701s] [34mcolcon.colcon_core.package_identification[0m [1;30mLevel 1[0m _identify(src) by extensions ['cmake', 'python']
[0.701s] [34mcolcon.colcon_core.package_identification[0m [1;30mLevel 1[0m _identify(src) by extension 'cmake'
[0.701s] [34mcolcon.colcon_core.package_identification[0m [1;30mLevel 1[0m _identify(src) by extension 'python'
[0.701s] [34mcolcon.colcon_core.package_identification[0m [1;30mLevel 1[0m _identify(src) by extensions ['python_setup_py']
[0.701s] [34mcolcon.colcon_core.package_identification[0m [1;30mLevel 1[0m _identify(src) by extension 'python_setup_py'
[0.701s] [34mcolcon.colcon_core.package_identification[0m [1;30mLevel 1[0m _identify(src/follow_msg) by extensions ['ignore', 'ignore_ament_install']
[0.701s] [34mcolcon.colcon_core.package_identification[0m [1;30mLevel 1[0m _identify(src/follow_msg) by extension 'ignore'
[0.701s] [34mcolcon.colcon_core.package_identification[0m [1;30mLevel 1[0m _identify(src/follow_msg) by extension 'ignore_ament_install'
[0.701s] [34mcolcon.colcon_core.package_identification[0m [1;30mLevel 1[0m _identify(src/follow_msg) by extensions ['colcon_pkg']
[0.702s] [34mcolcon.colcon_core.package_identification[0m [1;30mLevel 1[0m _identify(src/follow_msg) by extension 'colcon_pkg'
[0.702s] [34mcolcon.colcon_core.package_identification[0m [1;30mLevel 1[0m _identify(src/follow_msg) by extensions ['colcon_meta']
[0.702s] [34mcolcon.colcon_core.package_identification[0m [1;30mLevel 1[0m _identify(src/follow_msg) by extension 'colcon_meta'
[0.702s] [34mcolcon.colcon_core.package_identification[0m [1;30mLevel 1[0m _identify(src/follow_msg) by extensions ['ros']
[0.702s] [34mcolcon.colcon_core.package_identification[0m [1;30mLevel 1[0m _identify(src/follow_msg) by extension 'ros'
[0.707s] [34mcolcon.colcon_core.package_identification[0m [1;30mDEBUG[0m [32mPackage 'src/follow_msg' with type 'ros.ament_cmake' and name 'follow_msg'[0m
[0.708s] [34mcolcon.colcon_core.package_identification[0m [1;30mLevel 1[0m _identify(src/follow_ros) by extensions ['ignore', 'ignore_ament_install']
[0.708s] [34mcolcon.colcon_core.package_identification[0m [1;30mLevel 1[0m _identify(src/follow_ros) by extension 'ignore'
[0.708s] [34mcolcon.colcon_core.package_identification[0m [1;30mLevel 1[0m _identify(src/follow_ros) by extension 'ignore_ament_install'
[0.708s] [34mcolcon.colcon_core.package_identification[0m [1;30mLevel 1[0m _identify(src/follow_ros) by extensions ['colcon_pkg']
[0.708s] [34mcolcon.colcon_core.package_identification[0m [1;30mLevel 1[0m _identify(src/follow_ros) by extension 'colcon_pkg'
[0.708s] [34mcolcon.colcon_core.package_identification[0m [1;30mLevel 1[0m _identify(src/follow_ros) by extensions ['colcon_meta']
[0.708s] [34mcolcon.colcon_core.package_identification[0m [1;30mLevel 1[0m _identify(src/follow_ros) by extension 'colcon_meta'
[0.708s] [34mcolcon.colcon_core.package_identification[0m [1;30mLevel 1[0m _identify(src/follow_ros) by extensions ['ros']
[0.708s] [34mcolcon.colcon_core.package_identification[0m [1;30mLevel 1[0m _identify(src/follow_ros) by extension 'ros'
[0.711s] [34mcolcon.colcon_core.package_identification[0m [1;30mDEBUG[0m [32mPackage 'src/follow_ros' with type 'ros.ament_python' and name 'follow_ros'[0m
[0.711s] [34mcolcon.colcon_core.package_discovery[0m [1;30mLevel 1[0m discover_packages(recursive) using defaults
[0.711s] [34mcolcon.colcon_core.package_discovery[0m [1;30mLevel 1[0m discover_packages(ignore) discover
[0.711s] [34mcolcon.colcon_core.package_discovery[0m [1;30mLevel 1[0m discover_packages(ignore) using defaults
[0.711s] [34mcolcon.colcon_core.package_discovery[0m [1;30mLevel 1[0m discover_packages(path) discover
[0.711s] [34mcolcon.colcon_core.package_discovery[0m [1;30mLevel 1[0m discover_packages(path) using defaults
[0.746s] [34mcolcon.colcon_core.verb[0m [1;30mLevel 5[0m set package 'follow_msg' build argument 'cmake_args' from command line to 'None'
[0.746s] [34mcolcon.colcon_core.verb[0m [1;30mLevel 5[0m set package 'follow_msg' build argument 'cmake_target' from command line to 'None'
[0.746s] [34mcolcon.colcon_core.verb[0m [1;30mLevel 5[0m set package 'follow_msg' build argument 'cmake_target_skip_unavailable' from command line to 'False'
[0.746s] [34mcolcon.colcon_core.verb[0m [1;30mLevel 5[0m set package 'follow_msg' build argument 'cmake_clean_cache' from command line to 'False'
[0.746s] [34mcolcon.colcon_core.verb[0m [1;30mLevel 5[0m set package 'follow_msg' build argument 'cmake_clean_first' from command line to 'False'
[0.746s] [34mcolcon.colcon_core.verb[0m [1;30mLevel 5[0m set package 'follow_msg' build argument 'cmake_force_configure' from command line to 'False'
[0.747s] [34mcolcon.colcon_core.verb[0m [1;30mLevel 5[0m set package 'follow_msg' build argument 'ament_cmake_args' from command line to 'None'
[0.747s] [34mcolcon.colcon_core.verb[0m [1;30mLevel 5[0m set package 'follow_msg' build argument 'catkin_cmake_args' from command line to 'None'
[0.747s] [34mcolcon.colcon_core.verb[0m [1;30mLevel 5[0m set package 'follow_msg' build argument 'catkin_skip_building_tests' from command line to 'False'
[0.747s] [34mcolcon.colcon_core.verb[0m [1;30mDEBUG[0m [32mBuilding package 'follow_msg' with the following arguments: {'ament_cmake_args': None, 'build_base': '/home/orangepi/follow_camera/build/follow_msg', 'catkin_cmake_args': None, 'catkin_skip_building_tests': False, 'cmake_args': None, 'cmake_clean_cache': False, 'cmake_clean_first': False, 'cmake_force_configure': False, 'cmake_target': None, 'cmake_target_skip_unavailable': False, 'install_base': '/home/orangepi/follow_camera/install/follow_msg', 'merge_install': False, 'path': '/home/orangepi/follow_camera/src/follow_msg', 'symlink_install': False, 'test_result_base': None}[0m
[0.747s] [34mcolcon.colcon_core.verb[0m [1;30mLevel 5[0m set package 'follow_ros' build argument 'cmake_args' from command line to 'None'
[0.747s] [34mcolcon.colcon_core.verb[0m [1;30mLevel 5[0m set package 'follow_ros' build argument 'cmake_target' from command line to 'None'
[0.747s] [34mcolcon.colcon_core.verb[0m [1;30mLevel 5[0m set package 'follow_ros' build argument 'cmake_target_skip_unavailable' from command line to 'False'
[0.747s] [34mcolcon.colcon_core.verb[0m [1;30mLevel 5[0m set package 'follow_ros' build argument 'cmake_clean_cache' from command line to 'False'
[0.747s] [34mcolcon.colcon_core.verb[0m [1;30mLevel 5[0m set package 'follow_ros' build argument 'cmake_clean_first' from command line to 'False'
[0.747s] [34mcolcon.colcon_core.verb[0m [1;30mLevel 5[0m set package 'follow_ros' build argument 'cmake_force_configure' from command line to 'False'
[0.747s] [34mcolcon.colcon_core.verb[0m [1;30mLevel 5[0m set package 'follow_ros' build argument 'ament_cmake_args' from command line to 'None'
[0.747s] [34mcolcon.colcon_core.verb[0m [1;30mLevel 5[0m set package 'follow_ros' build argument 'catkin_cmake_args' from command line to 'None'
[0.747s] [34mcolcon.colcon_core.verb[0m [1;30mLevel 5[0m set package 'follow_ros' build argument 'catkin_skip_building_tests' from command line to 'False'
[0.747s] [34mcolcon.colcon_core.verb[0m [1;30mDEBUG[0m [32mBuilding package 'follow_ros' with the following arguments: {'ament_cmake_args': None, 'build_base': '/home/orangepi/follow_camera/build/follow_ros', 'catkin_cmake_args': None, 'catkin_skip_building_tests': False, 'cmake_args': None, 'cmake_clean_cache': False, 'cmake_clean_first': False, 'cmake_force_configure': False, 'cmake_target': None, 'cmake_target_skip_unavailable': False, 'install_base': '/home/orangepi/follow_camera/install/follow_ros', 'merge_install': False, 'path': '/home/orangepi/follow_camera/src/follow_ros', 'symlink_install': False, 'test_result_base': None}[0m
[0.748s] [34mcolcon.colcon_core.executor[0m [1;30mINFO[0m Executing jobs using 'parallel' executor
[0.750s] [34mcolcon.colcon_parallel_executor.executor.parallel[0m [1;30mDEBUG[0m [32mrun_until_complete[0m
[0.750s] [34mcolcon.colcon_ros.task.ament_cmake.build[0m [1;30mINFO[0m Building ROS package in '/home/orangepi/follow_camera/src/follow_msg' with build type 'ament_cmake'
[0.751s] [34mcolcon.colcon_cmake.task.cmake.build[0m [1;30mINFO[0m Building CMake package in '/home/orangepi/follow_camera/src/follow_msg'
[0.756s] [34mcolcon.colcon_core.plugin_system[0m [1;30mINFO[0m Skipping extension 'colcon_core.shell.bat': Not used on non-Windows systems
[0.756s] [34mcolcon.colcon_core.shell[0m [1;30mINFO[0m Skip shell extension 'powershell' for command environment: Not usable outside of PowerShell
[0.756s] [34mcolcon.colcon_core.shell[0m [1;30mDEBUG[0m [32mSkip shell extension 'dsv' for command environment[0m
[0.777s] [34mcolcon.colcon_core.event_handler.log_command[0m [1;30mDEBUG[0m [32mInvoking command in '/home/orangepi/follow_camera/build/follow_msg': CMAKE_PREFIX_PATH=${CMAKE_PREFIX_PATH}:/home/orangepi/car_ros2/install/rknn_yolo:/opt/ros/humble /usr/bin/cmake /home/orangepi/follow_camera/src/follow_msg -DCMAKE_INSTALL_PREFIX=/home/orangepi/follow_camera/install/follow_msg[0m
[5.164s] [34mcolcon.colcon_core.event_handler.log_command[0m [1;30mDEBUG[0m [32mInvoked command in '/home/orangepi/follow_camera/build/follow_msg' returned '0': CMAKE_PREFIX_PATH=${CMAKE_PREFIX_PATH}:/home/orangepi/car_ros2/install/rknn_yolo:/opt/ros/humble /usr/bin/cmake /home/orangepi/follow_camera/src/follow_msg -DCMAKE_INSTALL_PREFIX=/home/orangepi/follow_camera/install/follow_msg[0m
[5.167s] [34mcolcon.colcon_core.event_handler.log_command[0m [1;30mDEBUG[0m [32mInvoking command in '/home/orangepi/follow_camera/build/follow_msg': CMAKE_PREFIX_PATH=${CMAKE_PREFIX_PATH}:/home/orangepi/car_ros2/install/rknn_yolo:/opt/ros/humble /usr/bin/cmake --build /home/orangepi/follow_camera/build/follow_msg -- -j8 -l8[0m
[11.656s] [34mcolcon.colcon_core.event_handler.log_command[0m [1;30mDEBUG[0m [32mInvoked command in '/home/orangepi/follow_camera/build/follow_msg' returned '0': CMAKE_PREFIX_PATH=${CMAKE_PREFIX_PATH}:/home/orangepi/car_ros2/install/rknn_yolo:/opt/ros/humble /usr/bin/cmake --build /home/orangepi/follow_camera/build/follow_msg -- -j8 -l8[0m
[11.703s] [34mcolcon.colcon_core.event_handler.log_command[0m [1;30mDEBUG[0m [32mInvoking command in '/home/orangepi/follow_camera/build/follow_msg': CMAKE_PREFIX_PATH=${CMAKE_PREFIX_PATH}:/home/orangepi/car_ros2/install/rknn_yolo:/opt/ros/humble /usr/bin/cmake --install /home/orangepi/follow_camera/build/follow_msg[0m
[11.824s] [34mcolcon.colcon_core.environment[0m [1;30mLevel 1[0m create_environment_scripts_only(follow_msg)
[11.827s] [34mcolcon.colcon_core.event_handler.log_command[0m [1;30mDEBUG[0m [32mInvoked command in '/home/orangepi/follow_camera/build/follow_msg' returned '0': CMAKE_PREFIX_PATH=${CMAKE_PREFIX_PATH}:/home/orangepi/car_ros2/install/rknn_yolo:/opt/ros/humble /usr/bin/cmake --install /home/orangepi/follow_camera/build/follow_msg[0m
[11.838s] [34mcolcon.colcon_core.environment[0m [1;30mLevel 1[0m checking '/home/orangepi/follow_camera/install/follow_msg' for CMake module files
[11.843s] [34mcolcon.colcon_core.environment[0m [1;30mLevel 1[0m checking '/home/orangepi/follow_camera/install/follow_msg' for CMake config files
[11.846s] [34mcolcon.colcon_core.shell[0m [1;30mLevel 1[0m create_environment_hook('follow_msg', 'cmake_prefix_path')
[11.849s] [34mcolcon.colcon_core.shell[0m [1;30mINFO[0m Creating environment hook '/home/orangepi/follow_camera/install/follow_msg/share/follow_msg/hook/cmake_prefix_path.ps1'
[11.852s] [34mcolcon.colcon_core.shell[0m [1;30mINFO[0m Creating environment descriptor '/home/orangepi/follow_camera/install/follow_msg/share/follow_msg/hook/cmake_prefix_path.dsv'
[11.854s] [34mcolcon.colcon_core.shell[0m [1;30mINFO[0m Creating environment hook '/home/orangepi/follow_camera/install/follow_msg/share/follow_msg/hook/cmake_prefix_path.sh'
[11.858s] [34mcolcon.colcon_core.environment[0m [1;30mLevel 1[0m checking '/home/orangepi/follow_camera/install/follow_msg/lib'
[11.859s] [34mcolcon.colcon_core.shell[0m [1;30mLevel 1[0m create_environment_hook('follow_msg', 'ld_library_path_lib')
[11.860s] [34mcolcon.colcon_core.shell[0m [1;30mINFO[0m Creating environment hook '/home/orangepi/follow_camera/install/follow_msg/share/follow_msg/hook/ld_library_path_lib.ps1'
[11.861s] [34mcolcon.colcon_core.shell[0m [1;30mINFO[0m Creating environment descriptor '/home/orangepi/follow_camera/install/follow_msg/share/follow_msg/hook/ld_library_path_lib.dsv'
[11.862s] [34mcolcon.colcon_core.shell[0m [1;30mINFO[0m Creating environment hook '/home/orangepi/follow_camera/install/follow_msg/share/follow_msg/hook/ld_library_path_lib.sh'
[11.864s] [34mcolcon.colcon_core.environment[0m [1;30mLevel 1[0m checking '/home/orangepi/follow_camera/install/follow_msg/bin'
[11.864s] [34mcolcon.colcon_core.environment[0m [1;30mLevel 1[0m checking '/home/orangepi/follow_camera/install/follow_msg/lib/pkgconfig/follow_msg.pc'
[11.868s] [34mcolcon.colcon_core.environment[0m [1;30mLevel 1[0m checking '/home/orangepi/follow_camera/install/follow_msg/lib/python3.10/site-packages'
[11.869s] [34mcolcon.colcon_core.environment[0m [1;30mLevel 1[0m checking '/home/orangepi/follow_camera/install/follow_msg/bin'
[11.871s] [34mcolcon.colcon_core.shell[0m [1;30mINFO[0m Creating package script '/home/orangepi/follow_camera/install/follow_msg/share/follow_msg/package.ps1'
[11.875s] [34mcolcon.colcon_core.shell[0m [1;30mINFO[0m Creating package descriptor '/home/orangepi/follow_camera/install/follow_msg/share/follow_msg/package.dsv'
[11.878s] [34mcolcon.colcon_core.shell[0m [1;30mINFO[0m Creating package script '/home/orangepi/follow_camera/install/follow_msg/share/follow_msg/package.sh'
[11.882s] [34mcolcon.colcon_core.shell[0m [1;30mINFO[0m Creating package script '/home/orangepi/follow_camera/install/follow_msg/share/follow_msg/package.bash'
[11.885s] [34mcolcon.colcon_core.shell[0m [1;30mINFO[0m Creating package script '/home/orangepi/follow_camera/install/follow_msg/share/follow_msg/package.zsh'
[11.888s] [34mcolcon.colcon_core.environment[0m [1;30mLevel 1[0m create_file_with_runtime_dependencies(/home/orangepi/follow_camera/install/follow_msg/share/colcon-core/packages/follow_msg)
[11.891s] [34mcolcon.colcon_core.environment[0m [1;30mLevel 1[0m create_environment_scripts_only(follow_msg)
[11.892s] [34mcolcon.colcon_core.environment[0m [1;30mLevel 1[0m checking '/home/orangepi/follow_camera/install/follow_msg' for CMake module files
[11.895s] [34mcolcon.colcon_core.environment[0m [1;30mLevel 1[0m checking '/home/orangepi/follow_camera/install/follow_msg' for CMake config files
[11.897s] [34mcolcon.colcon_core.shell[0m [1;30mLevel 1[0m create_environment_hook('follow_msg', 'cmake_prefix_path')
[11.898s] [34mcolcon.colcon_core.shell[0m [1;30mINFO[0m Creating environment hook '/home/orangepi/follow_camera/install/follow_msg/share/follow_msg/hook/cmake_prefix_path.ps1'
[11.900s] [34mcolcon.colcon_core.shell[0m [1;30mINFO[0m Creating environment descriptor '/home/orangepi/follow_camera/install/follow_msg/share/follow_msg/hook/cmake_prefix_path.dsv'
[11.902s] [34mcolcon.colcon_core.shell[0m [1;30mINFO[0m Creating environment hook '/home/orangepi/follow_camera/install/follow_msg/share/follow_msg/hook/cmake_prefix_path.sh'
[11.905s] [34mcolcon.colcon_core.environment[0m [1;30mLevel 1[0m checking '/home/orangepi/follow_camera/install/follow_msg/lib'
[11.905s] [34mcolcon.colcon_core.shell[0m [1;30mLevel 1[0m create_environment_hook('follow_msg', 'ld_library_path_lib')
[11.907s] [34mcolcon.colcon_core.shell[0m [1;30mINFO[0m Creating environment hook '/home/orangepi/follow_camera/install/follow_msg/share/follow_msg/hook/ld_library_path_lib.ps1'
[11.909s] [34mcolcon.colcon_core.shell[0m [1;30mINFO[0m Creating environment descriptor '/home/orangepi/follow_camera/install/follow_msg/share/follow_msg/hook/ld_library_path_lib.dsv'
[11.911s] [34mcolcon.colcon_core.shell[0m [1;30mINFO[0m Creating environment hook '/home/orangepi/follow_camera/install/follow_msg/share/follow_msg/hook/ld_library_path_lib.sh'
[11.912s] [34mcolcon.colcon_core.environment[0m [1;30mLevel 1[0m checking '/home/orangepi/follow_camera/install/follow_msg/bin'
[11.912s] [34mcolcon.colcon_core.environment[0m [1;30mLevel 1[0m checking '/home/orangepi/follow_camera/install/follow_msg/lib/pkgconfig/follow_msg.pc'
[11.913s] [34mcolcon.colcon_core.environment[0m [1;30mLevel 1[0m checking '/home/orangepi/follow_camera/install/follow_msg/lib/python3.10/site-packages'
[11.913s] [34mcolcon.colcon_core.environment[0m [1;30mLevel 1[0m checking '/home/orangepi/follow_camera/install/follow_msg/bin'
[11.914s] [34mcolcon.colcon_core.shell[0m [1;30mINFO[0m Creating package script '/home/orangepi/follow_camera/install/follow_msg/share/follow_msg/package.ps1'
[11.915s] [34mcolcon.colcon_core.shell[0m [1;30mINFO[0m Creating package descriptor '/home/orangepi/follow_camera/install/follow_msg/share/follow_msg/package.dsv'
[11.915s] [34mcolcon.colcon_core.shell[0m [1;30mINFO[0m Creating package script '/home/orangepi/follow_camera/install/follow_msg/share/follow_msg/package.sh'
[11.916s] [34mcolcon.colcon_core.shell[0m [1;30mINFO[0m Creating package script '/home/orangepi/follow_camera/install/follow_msg/share/follow_msg/package.bash'
[11.917s] [34mcolcon.colcon_core.shell[0m [1;30mINFO[0m Creating package script '/home/orangepi/follow_camera/install/follow_msg/share/follow_msg/package.zsh'
[11.917s] [34mcolcon.colcon_core.environment[0m [1;30mLevel 1[0m create_file_with_runtime_dependencies(/home/orangepi/follow_camera/install/follow_msg/share/colcon-core/packages/follow_msg)
[11.918s] [34mcolcon.colcon_ros.task.ament_python.build[0m [1;30mINFO[0m Building ROS package in '/home/orangepi/follow_camera/src/follow_ros' with build type 'ament_python'
[11.918s] [34mcolcon.colcon_core.shell[0m [1;30mLevel 1[0m create_environment_hook('follow_ros', 'ament_prefix_path')
[11.919s] [34mcolcon.colcon_core.shell[0m [1;30mINFO[0m Creating environment hook '/home/orangepi/follow_camera/install/follow_ros/share/follow_ros/hook/ament_prefix_path.ps1'
[11.921s] [34mcolcon.colcon_core.shell[0m [1;30mINFO[0m Creating environment descriptor '/home/orangepi/follow_camera/install/follow_ros/share/follow_ros/hook/ament_prefix_path.dsv'
[11.921s] [34mcolcon.colcon_core.shell[0m [1;30mINFO[0m Creating environment hook '/home/orangepi/follow_camera/install/follow_ros/share/follow_ros/hook/ament_prefix_path.sh'
[11.923s] [34mcolcon.colcon_core.shell[0m [1;30mINFO[0m Skip shell extension 'powershell' for command environment: Not usable outside of PowerShell
[11.923s] [34mcolcon.colcon_core.shell[0m [1;30mDEBUG[0m [32mSkip shell extension 'dsv' for command environment[0m
[12.388s] [34mcolcon.colcon_core.task.python.build[0m [1;30mINFO[0m Building Python package in '/home/orangepi/follow_camera/src/follow_ros'
[12.390s] [34mcolcon.colcon_core.shell[0m [1;30mINFO[0m Skip shell extension 'powershell' for command environment: Not usable outside of PowerShell
[12.390s] [34mcolcon.colcon_core.shell[0m [1;30mDEBUG[0m [32mSkip shell extension 'dsv' for command environment[0m
[13.039s] [34mcolcon.colcon_core.event_handler.log_command[0m [1;30mDEBUG[0m [32mInvoking command in '/home/orangepi/follow_camera/src/follow_ros': AMENT_PREFIX_PATH=/home/orangepi/follow_camera/install/follow_msg:${AMENT_PREFIX_PATH} CMAKE_PREFIX_PATH=/home/orangepi/follow_camera/install/follow_msg:${CMAKE_PREFIX_PATH} LD_LIBRARY_PATH=/home/orangepi/follow_camera/install/follow_msg/lib:${LD_LIBRARY_PATH} PYTHONPATH=/home/orangepi/follow_camera/build/follow_ros/prefix_override:/usr/lib/python3/dist-packages/colcon_core/task/python/colcon_distutils_commands:/home/orangepi/follow_camera/install/follow_ros/lib/python3.10/site-packages:/home/orangepi/follow_camera/install/follow_msg/local/lib/python3.10/dist-packages:${PYTHONPATH} /usr/bin/python3 -W ignore:setup.py install is deprecated -W ignore:easy_install command is deprecated setup.py egg_info --egg-base ../../build/follow_ros build --build-base /home/orangepi/follow_camera/build/follow_ros/build install --record /home/orangepi/follow_camera/build/follow_ros/install.log --single-version-externally-managed install_data[0m
[13.543s] [34mcolcon.colcon_core.environment[0m [1;30mLevel 1[0m checking '/home/orangepi/follow_camera/install/follow_ros' for CMake module files
[13.546s] [34mcolcon.colcon_core.event_handler.log_command[0m [1;30mDEBUG[0m [32mInvoked command in '/home/orangepi/follow_camera/src/follow_ros' returned '0': AMENT_PREFIX_PATH=/home/orangepi/follow_camera/install/follow_msg:${AMENT_PREFIX_PATH} CMAKE_PREFIX_PATH=/home/orangepi/follow_camera/install/follow_msg:${CMAKE_PREFIX_PATH} LD_LIBRARY_PATH=/home/orangepi/follow_camera/install/follow_msg/lib:${LD_LIBRARY_PATH} PYTHONPATH=/home/orangepi/follow_camera/build/follow_ros/prefix_override:/usr/lib/python3/dist-packages/colcon_core/task/python/colcon_distutils_commands:/home/orangepi/follow_camera/install/follow_ros/lib/python3.10/site-packages:/home/orangepi/follow_camera/install/follow_msg/local/lib/python3.10/dist-packages:${PYTHONPATH} /usr/bin/python3 -W ignore:setup.py install is deprecated -W ignore:easy_install command is deprecated setup.py egg_info --egg-base ../../build/follow_ros build --build-base /home/orangepi/follow_camera/build/follow_ros/build install --record /home/orangepi/follow_camera/build/follow_ros/install.log --single-version-externally-managed install_data[0m
[13.547s] [34mcolcon.colcon_core.environment[0m [1;30mLevel 1[0m checking '/home/orangepi/follow_camera/install/follow_ros' for CMake config files
[13.549s] [34mcolcon.colcon_core.environment[0m [1;30mLevel 1[0m checking '/home/orangepi/follow_camera/install/follow_ros/lib'
[13.549s] [34mcolcon.colcon_core.environment[0m [1;30mLevel 1[0m checking '/home/orangepi/follow_camera/install/follow_ros/bin'
[13.550s] [34mcolcon.colcon_core.environment[0m [1;30mLevel 1[0m checking '/home/orangepi/follow_camera/install/follow_ros/lib/pkgconfig/follow_ros.pc'
[13.551s] [34mcolcon.colcon_core.environment[0m [1;30mLevel 1[0m checking '/home/orangepi/follow_camera/install/follow_ros/lib/python3.10/site-packages'
[13.551s] [34mcolcon.colcon_core.shell[0m [1;30mLevel 1[0m create_environment_hook('follow_ros', 'pythonpath')
[13.552s] [34mcolcon.colcon_core.shell[0m [1;30mINFO[0m Creating environment hook '/home/orangepi/follow_camera/install/follow_ros/share/follow_ros/hook/pythonpath.ps1'
[13.554s] [34mcolcon.colcon_core.shell[0m [1;30mINFO[0m Creating environment descriptor '/home/orangepi/follow_camera/install/follow_ros/share/follow_ros/hook/pythonpath.dsv'
[13.555s] [34mcolcon.colcon_core.shell[0m [1;30mINFO[0m Creating environment hook '/home/orangepi/follow_camera/install/follow_ros/share/follow_ros/hook/pythonpath.sh'
[13.557s] [34mcolcon.colcon_core.environment[0m [1;30mLevel 1[0m checking '/home/orangepi/follow_camera/install/follow_ros/bin'
[13.558s] [34mcolcon.colcon_core.environment[0m [1;30mLevel 1[0m create_environment_scripts_only(follow_ros)
[13.559s] [34mcolcon.colcon_core.shell[0m [1;30mINFO[0m Creating package script '/home/orangepi/follow_camera/install/follow_ros/share/follow_ros/package.ps1'
[13.562s] [34mcolcon.colcon_core.shell[0m [1;30mINFO[0m Creating package descriptor '/home/orangepi/follow_camera/install/follow_ros/share/follow_ros/package.dsv'
[13.564s] [34mcolcon.colcon_core.shell[0m [1;30mINFO[0m Creating package script '/home/orangepi/follow_camera/install/follow_ros/share/follow_ros/package.sh'
[13.565s] [34mcolcon.colcon_core.shell[0m [1;30mINFO[0m Creating package script '/home/orangepi/follow_camera/install/follow_ros/share/follow_ros/package.bash'
[13.567s] [34mcolcon.colcon_core.shell[0m [1;30mINFO[0m Creating package script '/home/orangepi/follow_camera/install/follow_ros/share/follow_ros/package.zsh'
[13.568s] [34mcolcon.colcon_core.environment[0m [1;30mLevel 1[0m create_file_with_runtime_dependencies(/home/orangepi/follow_camera/install/follow_ros/share/colcon-core/packages/follow_ros)
[13.569s] [34mcolcon.colcon_parallel_executor.executor.parallel[0m [1;30mDEBUG[0m [32mclosing loop[0m
[13.570s] [34mcolcon.colcon_parallel_executor.executor.parallel[0m [1;30mDEBUG[0m [32mloop closed[0m
[13.570s] [34mcolcon.colcon_parallel_executor.executor.parallel[0m [1;30mDEBUG[0m [32mrun_until_complete finished with '0'[0m
[13.571s] [34mcolcon.colcon_core.event_reactor[0m [1;30mDEBUG[0m [32mjoining thread[0m
[13.590s] [34mcolcon.colcon_core.plugin_system[0m [1;30mINFO[0m Skipping extension 'colcon_notification.desktop_notification.terminal_notifier': Not used on non-Darwin systems
[13.590s] [34mcolcon.colcon_core.plugin_system[0m [1;30mINFO[0m Skipping extension 'colcon_notification.desktop_notification.win32': Not used on non-Windows systems
[13.590s] [34mcolcon.colcon_notification.desktop_notification[0m [1;30mINFO[0m Sending desktop notification using 'notify2'
[13.617s] [34mcolcon.colcon_core.event_reactor[0m [1;30mDEBUG[0m [32mjoined thread[0m
[13.619s] [34mcolcon.colcon_core.shell[0m [1;30mINFO[0m Creating prefix script '/home/orangepi/follow_camera/install/local_setup.ps1'
[13.625s] [34mcolcon.colcon_core.shell[0m [1;30mINFO[0m Creating prefix util module '/home/orangepi/follow_camera/install/_local_setup_util_ps1.py'
[13.638s] [34mcolcon.colcon_core.shell[0m [1;30mINFO[0m Creating prefix chain script '/home/orangepi/follow_camera/install/setup.ps1'
[13.645s] [34mcolcon.colcon_core.shell[0m [1;30mINFO[0m Creating prefix script '/home/orangepi/follow_camera/install/local_setup.sh'
[13.648s] [34mcolcon.colcon_core.shell[0m [1;30mINFO[0m Creating prefix util module '/home/orangepi/follow_camera/install/_local_setup_util_sh.py'
[13.651s] [34mcolcon.colcon_core.shell[0m [1;30mINFO[0m Creating prefix chain script '/home/orangepi/follow_camera/install/setup.sh'
[13.662s] [34mcolcon.colcon_core.shell[0m [1;30mINFO[0m Creating prefix script '/home/orangepi/follow_camera/install/local_setup.bash'
[13.664s] [34mcolcon.colcon_core.shell[0m [1;30mINFO[0m Creating prefix chain script '/home/orangepi/follow_camera/install/setup.bash'
[13.669s] [34mcolcon.colcon_core.shell[0m [1;30mINFO[0m Creating prefix script '/home/orangepi/follow_camera/install/local_setup.zsh'
[13.672s] [34mcolcon.colcon_core.shell[0m [1;30mINFO[0m Creating prefix chain script '/home/orangepi/follow_camera/install/setup.zsh'
