[0.023s] Invoking command in '/home/orangepi/follow_camera/build/follow_msg': CMAKE_PREFIX_PATH=${CMAKE_PREFIX_PATH}:/home/orangepi/car_ros2/install/rknn_yolo:/opt/ros/humble /usr/bin/cmake --build /home/orangepi/follow_camera/build/follow_msg -- -j8 -l8
[0.143s] -- Found ament_cmake: 1.3.11 (/opt/ros/humble/share/ament_cmake/cmake)
[0.449s] -- Found rosidl_default_generators: 1.2.0 (/opt/ros/humble/share/rosidl_default_generators/cmake)
[0.453s] -- Using all available rosidl_typesupport_c: rosidl_typesupport_fastrtps_c;rosidl_typesupport_introspection_c
[0.459s] -- Found rosidl_adapter: 3.1.6 (/opt/ros/humble/share/rosidl_adapter/cmake)
[0.518s] -- Using all available rosidl_typesupport_cpp: rosidl_typesupport_fastrtps_cpp;rosidl_typesupport_introspection_cpp
[0.563s] -- Found geometry_msgs: 4.8.0 (/opt/ros/humble/share/geometry_msgs/cmake)
[0.629s] -- Found action_msgs: 1.2.1 (/opt/ros/humble/share/action_msgs/cmake)
[1.278s] -- Found ament_cmake_ros: 0.10.0 (/opt/ros/humble/share/ament_cmake_ros/cmake)
[1.800s] -- Using all available rosidl_typesupport_c: rosidl_typesupport_fastrtps_c;rosidl_typesupport_introspection_c
[2.473s] -- Using all available rosidl_typesupport_cpp: rosidl_typesupport_fastrtps_cpp;rosidl_typesupport_introspection_cpp
[2.546s] -- Found python_cmake_module: 0.10.0 (/opt/ros/humble/share/python_cmake_module/cmake)
[2.616s] -- Using PYTHON_EXECUTABLE: /usr/bin/python3
[2.616s] -- Using PYTHON_INCLUDE_DIRS: /usr/include/python3.10
[2.617s] -- Using PYTHON_LIBRARIES: /usr/lib/aarch64-linux-gnu/libpython3.10.so
[2.689s] -- Found ament_lint_auto: 0.12.12 (/opt/ros/humble/share/ament_lint_auto/cmake)
[2.704s] -- Configuring done
[2.792s] -- Generating done
[2.813s] -- Build files have been written to: /home/orangepi/follow_camera/build/follow_msg
[2.888s] [  2%] [34m[1mGenerating C code for ROS interfaces[0m
[2.924s] [  4%] [34m[1mGenerating C++ code for ROS interfaces[0m
[2.951s] [  4%] Built target ament_cmake_python_copy_follow_msg
[3.341s] running egg_info
[3.343s] writing follow_msg.egg-info/PKG-INFO
[3.344s] writing dependency_links to follow_msg.egg-info/dependency_links.txt
[3.344s] writing top-level names to follow_msg.egg-info/top_level.txt
[3.350s] reading manifest file 'follow_msg.egg-info/SOURCES.txt'
[3.351s] writing manifest file 'follow_msg.egg-info/SOURCES.txt'
[3.448s] [  4%] Built target ament_cmake_python_build_follow_msg_egg
[4.198s] [35m[1mConsolidate compiler generated dependencies of target follow_msg__rosidl_generator_c[0m
[4.221s] [  4%] Built target follow_msg__cpp
[4.234s] [  6%] [32mBuilding C object CMakeFiles/follow_msg__rosidl_generator_c.dir/rosidl_generator_c/follow_msg/action/detail/reset_tape_tracker__functions.c.o[0m
[4.247s] [ 10%] [32mBuilding C object CMakeFiles/follow_msg__rosidl_generator_c.dir/rosidl_generator_c/follow_msg/srv/detail/get_red_dot_position__functions.c.o[0m
[4.248s] [ 10%] [32mBuilding C object CMakeFiles/follow_msg__rosidl_generator_c.dir/rosidl_generator_c/follow_msg/action/detail/track_red_dot__functions.c.o[0m
[4.250s] [ 14%] [34m[1mGenerating C++ type support for eProsima Fast-RTPS[0m
[4.251s] [ 14%] [34m[1mGenerating C++ introspection for ROS interfaces[0m
[4.253s] [ 17%] [34m[1mGenerating C++ type support dispatch for ROS interfaces[0m
[4.588s] [ 19%] [32m[1mLinking C shared library libfollow_msg__rosidl_generator_c.so[0m
[4.728s] [ 19%] Built target follow_msg__rosidl_generator_c
[4.765s] [ 25%] [34m[1mGenerating C introspection for ROS interfaces[0m
[4.765s] [ 25%] [34m[1mGenerating C type support dispatch for ROS interfaces[0m
[4.766s] [ 25%] [34m[1mGenerating C type support for eProsima Fast-RTPS[0m
[5.077s] [35m[1mConsolidate compiler generated dependencies of target follow_msg__rosidl_typesupport_cpp[0m
[5.137s] [ 29%] [32mBuilding CXX object CMakeFiles/follow_msg__rosidl_typesupport_cpp.dir/rosidl_typesupport_cpp/follow_msg/srv/get_red_dot_position__type_support.cpp.o[0m
[5.138s] [ 29%] [32mBuilding CXX object CMakeFiles/follow_msg__rosidl_typesupport_cpp.dir/rosidl_typesupport_cpp/follow_msg/action/reset_tape_tracker__type_support.cpp.o[0m
[5.139s] [ 31%] [32mBuilding CXX object CMakeFiles/follow_msg__rosidl_typesupport_cpp.dir/rosidl_typesupport_cpp/follow_msg/action/track_red_dot__type_support.cpp.o[0m
[5.409s] [35m[1mConsolidate compiler generated dependencies of target follow_msg__rosidl_typesupport_introspection_cpp[0m
[5.465s] [ 34%] [32mBuilding CXX object CMakeFiles/follow_msg__rosidl_typesupport_introspection_cpp.dir/rosidl_typesupport_introspection_cpp/follow_msg/action/detail/track_red_dot__type_support.cpp.o[0m
[5.508s] [35m[1mConsolidate compiler generated dependencies of target follow_msg__rosidl_typesupport_fastrtps_cpp[0m
[5.574s] [ 36%] [32mBuilding CXX object CMakeFiles/follow_msg__rosidl_typesupport_fastrtps_cpp.dir/rosidl_typesupport_fastrtps_cpp/follow_msg/action/detail/dds_fastrtps/track_red_dot__type_support.cpp.o[0m
[5.700s] [35m[1mConsolidate compiler generated dependencies of target follow_msg__rosidl_typesupport_c[0m
[5.745s] [ 38%] [32mBuilding CXX object CMakeFiles/follow_msg__rosidl_typesupport_c.dir/rosidl_typesupport_c/follow_msg/action/track_red_dot__type_support.cpp.o[0m
[6.003s] [35m[1mConsolidate compiler generated dependencies of target follow_msg__rosidl_typesupport_introspection_c[0m
[6.005s] [ 40%] [32mBuilding CXX object CMakeFiles/follow_msg__rosidl_typesupport_c.dir/rosidl_typesupport_c/follow_msg/action/reset_tape_tracker__type_support.cpp.o[0m
[6.093s] [ 42%] [32mBuilding C object CMakeFiles/follow_msg__rosidl_typesupport_introspection_c.dir/rosidl_typesupport_introspection_c/follow_msg/action/detail/track_red_dot__type_support.c.o[0m
[6.209s] [ 44%] [32mBuilding CXX object CMakeFiles/follow_msg__rosidl_typesupport_c.dir/rosidl_typesupport_c/follow_msg/srv/get_red_dot_position__type_support.cpp.o[0m
[6.219s] [ 46%] [32mBuilding C object CMakeFiles/follow_msg__rosidl_typesupport_introspection_c.dir/rosidl_typesupport_introspection_c/follow_msg/action/detail/reset_tape_tracker__type_support.c.o[0m
[6.282s] [ 48%] [32mBuilding C object CMakeFiles/follow_msg__rosidl_typesupport_introspection_c.dir/rosidl_typesupport_introspection_c/follow_msg/srv/detail/get_red_dot_position__type_support.c.o[0m
[6.311s] [ 51%] [32mBuilding CXX object CMakeFiles/follow_msg__rosidl_typesupport_fastrtps_cpp.dir/rosidl_typesupport_fastrtps_cpp/follow_msg/srv/detail/dds_fastrtps/get_red_dot_position__type_support.cpp.o[0m
[6.321s] [ 53%] [32mBuilding CXX object CMakeFiles/follow_msg__rosidl_typesupport_fastrtps_cpp.dir/rosidl_typesupport_fastrtps_cpp/follow_msg/action/detail/dds_fastrtps/reset_tape_tracker__type_support.cpp.o[0m
[6.335s] [35m[1mConsolidate compiler generated dependencies of target follow_msg__rosidl_typesupport_fastrtps_c[0m
[6.345s] [ 55%] [32m[1mLinking CXX shared library libfollow_msg__rosidl_typesupport_cpp.so[0m
[6.363s] [ 57%] [32m[1mLinking C shared library libfollow_msg__rosidl_typesupport_introspection_c.so[0m
[6.366s] [ 59%] [32m[1mLinking CXX shared library libfollow_msg__rosidl_typesupport_c.so[0m
[6.403s] [ 61%] [32mBuilding CXX object CMakeFiles/follow_msg__rosidl_typesupport_fastrtps_c.dir/rosidl_typesupport_fastrtps_c/follow_msg/action/detail/track_red_dot__type_support_c.cpp.o[0m
[6.459s] [ 61%] Built target follow_msg__rosidl_typesupport_introspection_c
[6.461s] [ 61%] Built target follow_msg__rosidl_typesupport_cpp
[6.482s] [ 63%] [32mBuilding CXX object CMakeFiles/follow_msg__rosidl_typesupport_fastrtps_c.dir/rosidl_typesupport_fastrtps_c/follow_msg/action/detail/reset_tape_tracker__type_support_c.cpp.o[0m
[6.489s] [ 65%] [32mBuilding CXX object CMakeFiles/follow_msg__rosidl_typesupport_introspection_cpp.dir/rosidl_typesupport_introspection_cpp/follow_msg/action/detail/reset_tape_tracker__type_support.cpp.o[0m
[6.532s] [ 65%] Built target follow_msg__rosidl_typesupport_c
[6.563s] [ 68%] [32mBuilding CXX object CMakeFiles/follow_msg__rosidl_typesupport_introspection_cpp.dir/rosidl_typesupport_introspection_cpp/follow_msg/srv/detail/get_red_dot_position__type_support.cpp.o[0m
[6.973s] [ 70%] [32mBuilding CXX object CMakeFiles/follow_msg__rosidl_typesupport_fastrtps_c.dir/rosidl_typesupport_fastrtps_c/follow_msg/srv/detail/get_red_dot_position__type_support_c.cpp.o[0m
[7.237s] [ 72%] [32m[1mLinking CXX shared library libfollow_msg__rosidl_typesupport_fastrtps_cpp.so[0m
[7.421s] [ 72%] Built target follow_msg__rosidl_typesupport_fastrtps_cpp
[7.537s] [ 74%] [32m[1mLinking CXX shared library libfollow_msg__rosidl_typesupport_fastrtps_c.so[0m
[7.788s] [ 74%] Built target follow_msg__rosidl_typesupport_fastrtps_c
[7.889s] [ 76%] [32m[1mLinking CXX shared library libfollow_msg__rosidl_typesupport_introspection_cpp.so[0m
[8.122s] [ 76%] Built target follow_msg__rosidl_typesupport_introspection_cpp
[8.193s] [ 76%] Built target follow_msg
[8.260s] [ 78%] [34m[1mGenerating Python code for ROS interfaces[0m
[10.489s] [ 78%] Built target follow_msg__py
[10.533s] [35m[1mConsolidate compiler generated dependencies of target follow_msg__rosidl_generator_py[0m
[10.590s] [ 80%] [32mBuilding C object CMakeFiles/follow_msg__rosidl_generator_py.dir/rosidl_generator_py/follow_msg/srv/_get_red_dot_position_s.c.o[0m
[10.592s] [ 82%] [32mBuilding C object CMakeFiles/follow_msg__rosidl_generator_py.dir/rosidl_generator_py/follow_msg/action/_track_red_dot_s.c.o[0m
[10.594s] [ 85%] [32mBuilding C object CMakeFiles/follow_msg__rosidl_generator_py.dir/rosidl_generator_py/follow_msg/action/_reset_tape_tracker_s.c.o[0m
[10.911s] [ 87%] [32m[1mLinking C shared library rosidl_generator_py/follow_msg/libfollow_msg__rosidl_generator_py.so[0m
[11.045s] [ 87%] Built target follow_msg__rosidl_generator_py
[11.071s] [35m[1mConsolidate compiler generated dependencies of target follow_msg__rosidl_typesupport_fastrtps_c__pyext[0m
[11.084s] [35m[1mConsolidate compiler generated dependencies of target follow_msg__rosidl_typesupport_introspection_c__pyext[0m
[11.084s] [35m[1mConsolidate compiler generated dependencies of target follow_msg__rosidl_typesupport_c__pyext[0m
[11.108s] [ 89%] [32mBuilding C object CMakeFiles/follow_msg__rosidl_typesupport_fastrtps_c__pyext.dir/rosidl_generator_py/follow_msg/_follow_msg_s.ep.rosidl_typesupport_fastrtps_c.c.o[0m
[11.126s] [ 91%] [32mBuilding C object CMakeFiles/follow_msg__rosidl_typesupport_introspection_c__pyext.dir/rosidl_generator_py/follow_msg/_follow_msg_s.ep.rosidl_typesupport_introspection_c.c.o[0m
[11.133s] [ 93%] [32mBuilding C object CMakeFiles/follow_msg__rosidl_typesupport_c__pyext.dir/rosidl_generator_py/follow_msg/_follow_msg_s.ep.rosidl_typesupport_c.c.o[0m
[11.378s] [ 95%] [32m[1mLinking C shared library rosidl_generator_py/follow_msg/follow_msg_s__rosidl_typesupport_c.cpython-310-aarch64-linux-gnu.so[0m
[11.393s] [ 97%] [32m[1mLinking C shared library rosidl_generator_py/follow_msg/follow_msg_s__rosidl_typesupport_introspection_c.cpython-310-aarch64-linux-gnu.so[0m
[11.411s] [100%] [32m[1mLinking C shared library rosidl_generator_py/follow_msg/follow_msg_s__rosidl_typesupport_fastrtps_c.cpython-310-aarch64-linux-gnu.so[0m
[11.464s] [100%] Built target follow_msg__rosidl_typesupport_c__pyext
[11.508s] [100%] Built target follow_msg__rosidl_typesupport_introspection_c__pyext
[11.543s] [100%] Built target follow_msg__rosidl_typesupport_fastrtps_c__pyext
[11.588s] Invoked command in '/home/orangepi/follow_camera/build/follow_msg' returned '0': CMAKE_PREFIX_PATH=${CMAKE_PREFIX_PATH}:/home/orangepi/car_ros2/install/rknn_yolo:/opt/ros/humble /usr/bin/cmake --build /home/orangepi/follow_camera/build/follow_msg -- -j8 -l8
[11.630s] Invoking command in '/home/orangepi/follow_camera/build/follow_msg': CMAKE_PREFIX_PATH=${CMAKE_PREFIX_PATH}:/home/orangepi/car_ros2/install/rknn_yolo:/opt/ros/humble /usr/bin/cmake --install /home/orangepi/follow_camera/build/follow_msg
[11.660s] -- Install configuration: ""
[11.661s] -- Up-to-date: /home/orangepi/follow_camera/install/follow_msg/share/ament_index/resource_index/rosidl_interfaces/follow_msg
[11.661s] -- Up-to-date: /home/orangepi/follow_camera/install/follow_msg/include/follow_msg/follow_msg
[11.662s] -- Up-to-date: /home/orangepi/follow_camera/install/follow_msg/include/follow_msg/follow_msg/action
[11.662s] -- Installing: /home/orangepi/follow_camera/install/follow_msg/include/follow_msg/follow_msg/action/track_red_dot.h
[11.662s] -- Up-to-date: /home/orangepi/follow_camera/install/follow_msg/include/follow_msg/follow_msg/action/detail
[11.663s] -- Installing: /home/orangepi/follow_camera/install/follow_msg/include/follow_msg/follow_msg/action/detail/track_red_dot__functions.c
[11.663s] -- Installing: /home/orangepi/follow_camera/install/follow_msg/include/follow_msg/follow_msg/action/detail/reset_tape_tracker__functions.h
[11.663s] -- Installing: /home/orangepi/follow_camera/install/follow_msg/include/follow_msg/follow_msg/action/detail/reset_tape_tracker__struct.h
[11.664s] -- Installing: /home/orangepi/follow_camera/install/follow_msg/include/follow_msg/follow_msg/action/detail/reset_tape_tracker__functions.c
[11.664s] -- Installing: /home/orangepi/follow_camera/install/follow_msg/include/follow_msg/follow_msg/action/detail/track_red_dot__functions.h
[11.665s] -- Installing: /home/orangepi/follow_camera/install/follow_msg/include/follow_msg/follow_msg/action/detail/track_red_dot__struct.h
[11.665s] -- Installing: /home/orangepi/follow_camera/install/follow_msg/include/follow_msg/follow_msg/action/detail/track_red_dot__type_support.h
[11.666s] -- Installing: /home/orangepi/follow_camera/install/follow_msg/include/follow_msg/follow_msg/action/detail/reset_tape_tracker__type_support.h
[11.666s] -- Installing: /home/orangepi/follow_camera/install/follow_msg/include/follow_msg/follow_msg/action/reset_tape_tracker.h
[11.666s] -- Up-to-date: /home/orangepi/follow_camera/install/follow_msg/include/follow_msg/follow_msg/msg
[11.667s] -- Up-to-date: /home/orangepi/follow_camera/install/follow_msg/include/follow_msg/follow_msg/msg/rosidl_generator_c__visibility_control.h
[11.667s] -- Up-to-date: /home/orangepi/follow_camera/install/follow_msg/include/follow_msg/follow_msg/srv
[11.667s] -- Up-to-date: /home/orangepi/follow_camera/install/follow_msg/include/follow_msg/follow_msg/srv/detail
[11.668s] -- Installing: /home/orangepi/follow_camera/install/follow_msg/include/follow_msg/follow_msg/srv/detail/get_red_dot_position__functions.c
[11.668s] -- Installing: /home/orangepi/follow_camera/install/follow_msg/include/follow_msg/follow_msg/srv/detail/get_red_dot_position__struct.h
[11.669s] -- Installing: /home/orangepi/follow_camera/install/follow_msg/include/follow_msg/follow_msg/srv/detail/get_red_dot_position__functions.h
[11.669s] -- Installing: /home/orangepi/follow_camera/install/follow_msg/include/follow_msg/follow_msg/srv/detail/get_red_dot_position__type_support.h
[11.670s] -- Installing: /home/orangepi/follow_camera/install/follow_msg/include/follow_msg/follow_msg/srv/get_red_dot_position.h
[11.670s] -- Up-to-date: /home/orangepi/follow_camera/install/follow_msg/share/follow_msg/environment/library_path.sh
[11.671s] -- Installing: /home/orangepi/follow_camera/install/follow_msg/share/follow_msg/environment/library_path.dsv
[11.671s] -- Installing: /home/orangepi/follow_camera/install/follow_msg/lib/libfollow_msg__rosidl_generator_c.so
[11.671s] -- Set runtime path of "/home/orangepi/follow_camera/install/follow_msg/lib/libfollow_msg__rosidl_generator_c.so" to ""
[11.672s] -- Up-to-date: /home/orangepi/follow_camera/install/follow_msg/include/follow_msg/follow_msg
[11.672s] -- Up-to-date: /home/orangepi/follow_camera/install/follow_msg/include/follow_msg/follow_msg/action
[11.673s] -- Up-to-date: /home/orangepi/follow_camera/install/follow_msg/include/follow_msg/follow_msg/action/detail
[11.673s] -- Installing: /home/orangepi/follow_camera/install/follow_msg/include/follow_msg/follow_msg/action/detail/reset_tape_tracker__rosidl_typesupport_fastrtps_c.h
[11.674s] -- Installing: /home/orangepi/follow_camera/install/follow_msg/include/follow_msg/follow_msg/action/detail/track_red_dot__rosidl_typesupport_fastrtps_c.h
[11.675s] -- Up-to-date: /home/orangepi/follow_camera/install/follow_msg/include/follow_msg/follow_msg/msg
[11.675s] -- Up-to-date: /home/orangepi/follow_camera/install/follow_msg/include/follow_msg/follow_msg/msg/rosidl_typesupport_fastrtps_c__visibility_control.h
[11.676s] -- Up-to-date: /home/orangepi/follow_camera/install/follow_msg/include/follow_msg/follow_msg/srv
[11.676s] -- Up-to-date: /home/orangepi/follow_camera/install/follow_msg/include/follow_msg/follow_msg/srv/detail
[11.676s] -- Installing: /home/orangepi/follow_camera/install/follow_msg/include/follow_msg/follow_msg/srv/detail/get_red_dot_position__rosidl_typesupport_fastrtps_c.h
[11.677s] -- Installing: /home/orangepi/follow_camera/install/follow_msg/lib/libfollow_msg__rosidl_typesupport_fastrtps_c.so
[11.677s] -- Set runtime path of "/home/orangepi/follow_camera/install/follow_msg/lib/libfollow_msg__rosidl_typesupport_fastrtps_c.so" to ""
[11.678s] -- Up-to-date: /home/orangepi/follow_camera/install/follow_msg/include/follow_msg/follow_msg
[11.678s] -- Up-to-date: /home/orangepi/follow_camera/install/follow_msg/include/follow_msg/follow_msg/action
[11.678s] -- Up-to-date: /home/orangepi/follow_camera/install/follow_msg/include/follow_msg/follow_msg/action/detail
[11.679s] -- Installing: /home/orangepi/follow_camera/install/follow_msg/include/follow_msg/follow_msg/action/detail/track_red_dot__rosidl_typesupport_introspection_c.h
[11.679s] -- Installing: /home/orangepi/follow_camera/install/follow_msg/include/follow_msg/follow_msg/action/detail/reset_tape_tracker__type_support.c
[11.681s] -- Installing: /home/orangepi/follow_camera/install/follow_msg/include/follow_msg/follow_msg/action/detail/reset_tape_tracker__rosidl_typesupport_introspection_c.h
[11.681s] -- Installing: /home/orangepi/follow_camera/install/follow_msg/include/follow_msg/follow_msg/action/detail/track_red_dot__type_support.c
[11.681s] -- Up-to-date: /home/orangepi/follow_camera/install/follow_msg/include/follow_msg/follow_msg/msg
[11.682s] -- Up-to-date: /home/orangepi/follow_camera/install/follow_msg/include/follow_msg/follow_msg/msg/rosidl_typesupport_introspection_c__visibility_control.h
[11.682s] -- Up-to-date: /home/orangepi/follow_camera/install/follow_msg/include/follow_msg/follow_msg/srv
[11.683s] -- Up-to-date: /home/orangepi/follow_camera/install/follow_msg/include/follow_msg/follow_msg/srv/detail
[11.683s] -- Installing: /home/orangepi/follow_camera/install/follow_msg/include/follow_msg/follow_msg/srv/detail/get_red_dot_position__type_support.c
[11.683s] -- Installing: /home/orangepi/follow_camera/install/follow_msg/include/follow_msg/follow_msg/srv/detail/get_red_dot_position__rosidl_typesupport_introspection_c.h
[11.684s] -- Installing: /home/orangepi/follow_camera/install/follow_msg/lib/libfollow_msg__rosidl_typesupport_introspection_c.so
[11.684s] -- Set runtime path of "/home/orangepi/follow_camera/install/follow_msg/lib/libfollow_msg__rosidl_typesupport_introspection_c.so" to ""
[11.684s] -- Installing: /home/orangepi/follow_camera/install/follow_msg/lib/libfollow_msg__rosidl_typesupport_c.so
[11.685s] -- Set runtime path of "/home/orangepi/follow_camera/install/follow_msg/lib/libfollow_msg__rosidl_typesupport_c.so" to ""
[11.685s] -- Up-to-date: /home/orangepi/follow_camera/install/follow_msg/include/follow_msg/follow_msg
[11.685s] -- Up-to-date: /home/orangepi/follow_camera/install/follow_msg/include/follow_msg/follow_msg/action
[11.686s] -- Installing: /home/orangepi/follow_camera/install/follow_msg/include/follow_msg/follow_msg/action/reset_tape_tracker.hpp
[11.686s] -- Up-to-date: /home/orangepi/follow_camera/install/follow_msg/include/follow_msg/follow_msg/action/detail
[11.686s] -- Installing: /home/orangepi/follow_camera/install/follow_msg/include/follow_msg/follow_msg/action/detail/track_red_dot__type_support.hpp
[11.687s] -- Installing: /home/orangepi/follow_camera/install/follow_msg/include/follow_msg/follow_msg/action/detail/track_red_dot__struct.hpp
[11.687s] -- Installing: /home/orangepi/follow_camera/install/follow_msg/include/follow_msg/follow_msg/action/detail/track_red_dot__traits.hpp
[11.687s] -- Installing: /home/orangepi/follow_camera/install/follow_msg/include/follow_msg/follow_msg/action/detail/reset_tape_tracker__builder.hpp
[11.688s] -- Installing: /home/orangepi/follow_camera/install/follow_msg/include/follow_msg/follow_msg/action/detail/reset_tape_tracker__type_support.hpp
[11.688s] -- Installing: /home/orangepi/follow_camera/install/follow_msg/include/follow_msg/follow_msg/action/detail/reset_tape_tracker__traits.hpp
[11.689s] -- Installing: /home/orangepi/follow_camera/install/follow_msg/include/follow_msg/follow_msg/action/detail/reset_tape_tracker__struct.hpp
[11.689s] -- Installing: /home/orangepi/follow_camera/install/follow_msg/include/follow_msg/follow_msg/action/detail/track_red_dot__builder.hpp
[11.689s] -- Installing: /home/orangepi/follow_camera/install/follow_msg/include/follow_msg/follow_msg/action/track_red_dot.hpp
[11.690s] -- Up-to-date: /home/orangepi/follow_camera/install/follow_msg/include/follow_msg/follow_msg/msg
[11.690s] -- Up-to-date: /home/orangepi/follow_camera/install/follow_msg/include/follow_msg/follow_msg/msg/rosidl_generator_cpp__visibility_control.hpp
[11.690s] -- Up-to-date: /home/orangepi/follow_camera/install/follow_msg/include/follow_msg/follow_msg/srv
[11.691s] -- Installing: /home/orangepi/follow_camera/install/follow_msg/include/follow_msg/follow_msg/srv/get_red_dot_position.hpp
[11.691s] -- Up-to-date: /home/orangepi/follow_camera/install/follow_msg/include/follow_msg/follow_msg/srv/detail
[11.691s] -- Installing: /home/orangepi/follow_camera/install/follow_msg/include/follow_msg/follow_msg/srv/detail/get_red_dot_position__traits.hpp
[11.692s] -- Installing: /home/orangepi/follow_camera/install/follow_msg/include/follow_msg/follow_msg/srv/detail/get_red_dot_position__builder.hpp
[11.692s] -- Installing: /home/orangepi/follow_camera/install/follow_msg/include/follow_msg/follow_msg/srv/detail/get_red_dot_position__struct.hpp
[11.692s] -- Installing: /home/orangepi/follow_camera/install/follow_msg/include/follow_msg/follow_msg/srv/detail/get_red_dot_position__type_support.hpp
[11.693s] -- Up-to-date: /home/orangepi/follow_camera/install/follow_msg/include/follow_msg/follow_msg
[11.693s] -- Up-to-date: /home/orangepi/follow_camera/install/follow_msg/include/follow_msg/follow_msg/action
[11.693s] -- Up-to-date: /home/orangepi/follow_camera/install/follow_msg/include/follow_msg/follow_msg/action/detail
[11.694s] -- Installing: /home/orangepi/follow_camera/install/follow_msg/include/follow_msg/follow_msg/action/detail/track_red_dot__rosidl_typesupport_fastrtps_cpp.hpp
[11.694s] -- Installing: /home/orangepi/follow_camera/install/follow_msg/include/follow_msg/follow_msg/action/detail/reset_tape_tracker__rosidl_typesupport_fastrtps_cpp.hpp
[11.695s] -- Up-to-date: /home/orangepi/follow_camera/install/follow_msg/include/follow_msg/follow_msg/action/detail/dds_fastrtps
[11.695s] -- Up-to-date: /home/orangepi/follow_camera/install/follow_msg/include/follow_msg/follow_msg/msg
[11.695s] -- Up-to-date: /home/orangepi/follow_camera/install/follow_msg/include/follow_msg/follow_msg/msg/rosidl_typesupport_fastrtps_cpp__visibility_control.h
[11.696s] -- Up-to-date: /home/orangepi/follow_camera/install/follow_msg/include/follow_msg/follow_msg/srv
[11.696s] -- Up-to-date: /home/orangepi/follow_camera/install/follow_msg/include/follow_msg/follow_msg/srv/detail
[11.696s] -- Installing: /home/orangepi/follow_camera/install/follow_msg/include/follow_msg/follow_msg/srv/detail/get_red_dot_position__rosidl_typesupport_fastrtps_cpp.hpp
[11.697s] -- Up-to-date: /home/orangepi/follow_camera/install/follow_msg/include/follow_msg/follow_msg/srv/detail/dds_fastrtps
[11.697s] -- Installing: /home/orangepi/follow_camera/install/follow_msg/lib/libfollow_msg__rosidl_typesupport_fastrtps_cpp.so
[11.697s] -- Set runtime path of "/home/orangepi/follow_camera/install/follow_msg/lib/libfollow_msg__rosidl_typesupport_fastrtps_cpp.so" to ""
[11.698s] -- Up-to-date: /home/orangepi/follow_camera/install/follow_msg/include/follow_msg/follow_msg
[11.698s] -- Up-to-date: /home/orangepi/follow_camera/install/follow_msg/include/follow_msg/follow_msg/action
[11.698s] -- Up-to-date: /home/orangepi/follow_camera/install/follow_msg/include/follow_msg/follow_msg/action/detail
[11.699s] -- Installing: /home/orangepi/follow_camera/install/follow_msg/include/follow_msg/follow_msg/action/detail/track_red_dot__type_support.cpp
[11.699s] -- Installing: /home/orangepi/follow_camera/install/follow_msg/include/follow_msg/follow_msg/action/detail/track_red_dot__rosidl_typesupport_introspection_cpp.hpp
[11.699s] -- Installing: /home/orangepi/follow_camera/install/follow_msg/include/follow_msg/follow_msg/action/detail/reset_tape_tracker__rosidl_typesupport_introspection_cpp.hpp
[11.700s] -- Installing: /home/orangepi/follow_camera/install/follow_msg/include/follow_msg/follow_msg/action/detail/reset_tape_tracker__type_support.cpp
[11.700s] -- Up-to-date: /home/orangepi/follow_camera/install/follow_msg/include/follow_msg/follow_msg/srv
[11.700s] -- Up-to-date: /home/orangepi/follow_camera/install/follow_msg/include/follow_msg/follow_msg/srv/detail
[11.701s] -- Installing: /home/orangepi/follow_camera/install/follow_msg/include/follow_msg/follow_msg/srv/detail/get_red_dot_position__rosidl_typesupport_introspection_cpp.hpp
[11.701s] -- Installing: /home/orangepi/follow_camera/install/follow_msg/include/follow_msg/follow_msg/srv/detail/get_red_dot_position__type_support.cpp
[11.702s] -- Installing: /home/orangepi/follow_camera/install/follow_msg/lib/libfollow_msg__rosidl_typesupport_introspection_cpp.so
[11.702s] -- Set runtime path of "/home/orangepi/follow_camera/install/follow_msg/lib/libfollow_msg__rosidl_typesupport_introspection_cpp.so" to ""
[11.702s] -- Installing: /home/orangepi/follow_camera/install/follow_msg/lib/libfollow_msg__rosidl_typesupport_cpp.so
[11.703s] -- Set runtime path of "/home/orangepi/follow_camera/install/follow_msg/lib/libfollow_msg__rosidl_typesupport_cpp.so" to ""
[11.703s] -- Up-to-date: /home/orangepi/follow_camera/install/follow_msg/share/follow_msg/environment/pythonpath.sh
[11.703s] -- Installing: /home/orangepi/follow_camera/install/follow_msg/share/follow_msg/environment/pythonpath.dsv
[11.704s] -- Up-to-date: /home/orangepi/follow_camera/install/follow_msg/local/lib/python3.10/dist-packages/follow_msg-0.0.0-py3.10.egg-info
[11.704s] -- Installing: /home/orangepi/follow_camera/install/follow_msg/local/lib/python3.10/dist-packages/follow_msg-0.0.0-py3.10.egg-info/top_level.txt
[11.704s] -- Installing: /home/orangepi/follow_camera/install/follow_msg/local/lib/python3.10/dist-packages/follow_msg-0.0.0-py3.10.egg-info/SOURCES.txt
[11.705s] -- Installing: /home/orangepi/follow_camera/install/follow_msg/local/lib/python3.10/dist-packages/follow_msg-0.0.0-py3.10.egg-info/PKG-INFO
[11.705s] -- Installing: /home/orangepi/follow_camera/install/follow_msg/local/lib/python3.10/dist-packages/follow_msg-0.0.0-py3.10.egg-info/dependency_links.txt
[11.705s] -- Up-to-date: /home/orangepi/follow_camera/install/follow_msg/local/lib/python3.10/dist-packages/follow_msg
[11.706s] -- Up-to-date: /home/orangepi/follow_camera/install/follow_msg/local/lib/python3.10/dist-packages/follow_msg/action
[11.706s] -- Installing: /home/orangepi/follow_camera/install/follow_msg/local/lib/python3.10/dist-packages/follow_msg/action/_reset_tape_tracker_s.c
[11.707s] -- Installing: /home/orangepi/follow_camera/install/follow_msg/local/lib/python3.10/dist-packages/follow_msg/action/_reset_tape_tracker.py
[11.707s] -- Installing: /home/orangepi/follow_camera/install/follow_msg/local/lib/python3.10/dist-packages/follow_msg/action/_track_red_dot.py
[11.707s] -- Installing: /home/orangepi/follow_camera/install/follow_msg/local/lib/python3.10/dist-packages/follow_msg/action/__init__.py
[11.708s] -- Installing: /home/orangepi/follow_camera/install/follow_msg/local/lib/python3.10/dist-packages/follow_msg/action/_track_red_dot_s.c
[11.708s] -- Installing: /home/orangepi/follow_camera/install/follow_msg/local/lib/python3.10/dist-packages/follow_msg/_follow_msg_s.ep.rosidl_typesupport_c.c
[11.708s] -- Installing: /home/orangepi/follow_camera/install/follow_msg/local/lib/python3.10/dist-packages/follow_msg/follow_msg_s__rosidl_typesupport_c.cpython-310-aarch64-linux-gnu.so
[11.709s] -- Installing: /home/orangepi/follow_camera/install/follow_msg/local/lib/python3.10/dist-packages/follow_msg/__init__.py
[11.709s] -- Installing: /home/orangepi/follow_camera/install/follow_msg/local/lib/python3.10/dist-packages/follow_msg/_follow_msg_s.ep.rosidl_typesupport_fastrtps_c.c
[11.709s] -- Installing: /home/orangepi/follow_camera/install/follow_msg/local/lib/python3.10/dist-packages/follow_msg/libfollow_msg__rosidl_generator_py.so
[11.710s] -- Installing: /home/orangepi/follow_camera/install/follow_msg/local/lib/python3.10/dist-packages/follow_msg/follow_msg_s__rosidl_typesupport_introspection_c.cpython-310-aarch64-linux-gnu.so
[11.710s] -- Installing: /home/orangepi/follow_camera/install/follow_msg/local/lib/python3.10/dist-packages/follow_msg/_follow_msg_s.ep.rosidl_typesupport_introspection_c.c
[11.710s] -- Installing: /home/orangepi/follow_camera/install/follow_msg/local/lib/python3.10/dist-packages/follow_msg/follow_msg_s__rosidl_typesupport_fastrtps_c.cpython-310-aarch64-linux-gnu.so
[11.711s] -- Up-to-date: /home/orangepi/follow_camera/install/follow_msg/local/lib/python3.10/dist-packages/follow_msg/srv
[11.711s] -- Installing: /home/orangepi/follow_camera/install/follow_msg/local/lib/python3.10/dist-packages/follow_msg/srv/_get_red_dot_position_s.c
[11.711s] -- Installing: /home/orangepi/follow_camera/install/follow_msg/local/lib/python3.10/dist-packages/follow_msg/srv/__init__.py
[11.712s] -- Installing: /home/orangepi/follow_camera/install/follow_msg/local/lib/python3.10/dist-packages/follow_msg/srv/_get_red_dot_position.py
[11.757s] Listing '/home/orangepi/follow_camera/install/follow_msg/local/lib/python3.10/dist-packages/follow_msg'...
[11.758s] Compiling '/home/orangepi/follow_camera/install/follow_msg/local/lib/python3.10/dist-packages/follow_msg/__init__.py'...
[11.758s] Listing '/home/orangepi/follow_camera/install/follow_msg/local/lib/python3.10/dist-packages/follow_msg/action'...
[11.758s] Compiling '/home/orangepi/follow_camera/install/follow_msg/local/lib/python3.10/dist-packages/follow_msg/action/__init__.py'...
[11.759s] Compiling '/home/orangepi/follow_camera/install/follow_msg/local/lib/python3.10/dist-packages/follow_msg/action/_reset_tape_tracker.py'...
[11.759s] Compiling '/home/orangepi/follow_camera/install/follow_msg/local/lib/python3.10/dist-packages/follow_msg/action/_track_red_dot.py'...
[11.760s] Listing '/home/orangepi/follow_camera/install/follow_msg/local/lib/python3.10/dist-packages/follow_msg/srv'...
[11.760s] Compiling '/home/orangepi/follow_camera/install/follow_msg/local/lib/python3.10/dist-packages/follow_msg/srv/__init__.py'...
[11.760s] Compiling '/home/orangepi/follow_camera/install/follow_msg/local/lib/python3.10/dist-packages/follow_msg/srv/_get_red_dot_position.py'...
[11.772s] -- Installing: /home/orangepi/follow_camera/install/follow_msg/local/lib/python3.10/dist-packages/follow_msg/follow_msg_s__rosidl_typesupport_fastrtps_c.cpython-310-aarch64-linux-gnu.so
[11.773s] -- Set runtime path of "/home/orangepi/follow_camera/install/follow_msg/local/lib/python3.10/dist-packages/follow_msg/follow_msg_s__rosidl_typesupport_fastrtps_c.cpython-310-aarch64-linux-gnu.so" to ""
[11.773s] -- Installing: /home/orangepi/follow_camera/install/follow_msg/local/lib/python3.10/dist-packages/follow_msg/follow_msg_s__rosidl_typesupport_introspection_c.cpython-310-aarch64-linux-gnu.so
[11.774s] -- Set runtime path of "/home/orangepi/follow_camera/install/follow_msg/local/lib/python3.10/dist-packages/follow_msg/follow_msg_s__rosidl_typesupport_introspection_c.cpython-310-aarch64-linux-gnu.so" to ""
[11.774s] -- Installing: /home/orangepi/follow_camera/install/follow_msg/local/lib/python3.10/dist-packages/follow_msg/follow_msg_s__rosidl_typesupport_c.cpython-310-aarch64-linux-gnu.so
[11.775s] -- Set runtime path of "/home/orangepi/follow_camera/install/follow_msg/local/lib/python3.10/dist-packages/follow_msg/follow_msg_s__rosidl_typesupport_c.cpython-310-aarch64-linux-gnu.so" to ""
[11.775s] -- Installing: /home/orangepi/follow_camera/install/follow_msg/lib/libfollow_msg__rosidl_generator_py.so
[11.776s] -- Set runtime path of "/home/orangepi/follow_camera/install/follow_msg/lib/libfollow_msg__rosidl_generator_py.so" to ""
[11.776s] -- Installing: /home/orangepi/follow_camera/install/follow_msg/share/follow_msg/action/TrackRedDot.idl
[11.777s] -- Up-to-date: /home/orangepi/follow_camera/install/follow_msg/share/follow_msg/action/ResetTapeTracker.idl
[11.777s] -- Up-to-date: /home/orangepi/follow_camera/install/follow_msg/share/follow_msg/srv/GetRedDotPosition.idl
[11.778s] -- Installing: /home/orangepi/follow_camera/install/follow_msg/share/follow_msg/action/TrackRedDot.action
[11.778s] -- Up-to-date: /home/orangepi/follow_camera/install/follow_msg/share/follow_msg/action/ResetTapeTracker.action
[11.779s] -- Up-to-date: /home/orangepi/follow_camera/install/follow_msg/share/follow_msg/srv/GetRedDotPosition.srv
[11.779s] -- Up-to-date: /home/orangepi/follow_camera/install/follow_msg/share/follow_msg/srv/GetRedDotPosition_Request.msg
[11.779s] -- Up-to-date: /home/orangepi/follow_camera/install/follow_msg/share/follow_msg/srv/GetRedDotPosition_Response.msg
[11.780s] -- Up-to-date: /home/orangepi/follow_camera/install/follow_msg/share/ament_index/resource_index/package_run_dependencies/follow_msg
[11.781s] -- Installing: /home/orangepi/follow_camera/install/follow_msg/share/ament_index/resource_index/parent_prefix_path/follow_msg
[11.781s] -- Up-to-date: /home/orangepi/follow_camera/install/follow_msg/share/follow_msg/environment/ament_prefix_path.sh
[11.782s] -- Installing: /home/orangepi/follow_camera/install/follow_msg/share/follow_msg/environment/ament_prefix_path.dsv
[11.783s] -- Up-to-date: /home/orangepi/follow_camera/install/follow_msg/share/follow_msg/environment/path.sh
[11.784s] -- Installing: /home/orangepi/follow_camera/install/follow_msg/share/follow_msg/environment/path.dsv
[11.785s] -- Up-to-date: /home/orangepi/follow_camera/install/follow_msg/share/follow_msg/local_setup.bash
[11.786s] -- Up-to-date: /home/orangepi/follow_camera/install/follow_msg/share/follow_msg/local_setup.sh
[11.787s] -- Up-to-date: /home/orangepi/follow_camera/install/follow_msg/share/follow_msg/local_setup.zsh
[11.787s] -- Installing: /home/orangepi/follow_camera/install/follow_msg/share/follow_msg/local_setup.dsv
[11.788s] -- Installing: /home/orangepi/follow_camera/install/follow_msg/share/follow_msg/package.dsv
[11.788s] -- Up-to-date: /home/orangepi/follow_camera/install/follow_msg/share/ament_index/resource_index/packages/follow_msg
[11.789s] -- Up-to-date: /home/orangepi/follow_camera/install/follow_msg/share/follow_msg/cmake/export_follow_msg__rosidl_generator_cExport.cmake
[11.790s] -- Up-to-date: /home/orangepi/follow_camera/install/follow_msg/share/follow_msg/cmake/export_follow_msg__rosidl_generator_cExport-noconfig.cmake
[11.790s] -- Up-to-date: /home/orangepi/follow_camera/install/follow_msg/share/follow_msg/cmake/export_follow_msg__rosidl_typesupport_fastrtps_cExport.cmake
[11.790s] -- Up-to-date: /home/orangepi/follow_camera/install/follow_msg/share/follow_msg/cmake/export_follow_msg__rosidl_typesupport_fastrtps_cExport-noconfig.cmake
[11.791s] -- Up-to-date: /home/orangepi/follow_camera/install/follow_msg/share/follow_msg/cmake/follow_msg__rosidl_typesupport_introspection_cExport.cmake
[11.791s] -- Up-to-date: /home/orangepi/follow_camera/install/follow_msg/share/follow_msg/cmake/follow_msg__rosidl_typesupport_introspection_cExport-noconfig.cmake
[11.792s] -- Up-to-date: /home/orangepi/follow_camera/install/follow_msg/share/follow_msg/cmake/follow_msg__rosidl_typesupport_cExport.cmake
[11.792s] -- Up-to-date: /home/orangepi/follow_camera/install/follow_msg/share/follow_msg/cmake/follow_msg__rosidl_typesupport_cExport-noconfig.cmake
[11.793s] -- Up-to-date: /home/orangepi/follow_camera/install/follow_msg/share/follow_msg/cmake/export_follow_msg__rosidl_generator_cppExport.cmake
[11.793s] -- Up-to-date: /home/orangepi/follow_camera/install/follow_msg/share/follow_msg/cmake/export_follow_msg__rosidl_typesupport_fastrtps_cppExport.cmake
[11.794s] -- Up-to-date: /home/orangepi/follow_camera/install/follow_msg/share/follow_msg/cmake/export_follow_msg__rosidl_typesupport_fastrtps_cppExport-noconfig.cmake
[11.794s] -- Up-to-date: /home/orangepi/follow_camera/install/follow_msg/share/follow_msg/cmake/follow_msg__rosidl_typesupport_introspection_cppExport.cmake
[11.795s] -- Up-to-date: /home/orangepi/follow_camera/install/follow_msg/share/follow_msg/cmake/follow_msg__rosidl_typesupport_introspection_cppExport-noconfig.cmake
[11.796s] -- Up-to-date: /home/orangepi/follow_camera/install/follow_msg/share/follow_msg/cmake/follow_msg__rosidl_typesupport_cppExport.cmake
[11.797s] -- Up-to-date: /home/orangepi/follow_camera/install/follow_msg/share/follow_msg/cmake/follow_msg__rosidl_typesupport_cppExport-noconfig.cmake
[11.797s] -- Up-to-date: /home/orangepi/follow_camera/install/follow_msg/share/follow_msg/cmake/export_follow_msg__rosidl_generator_pyExport.cmake
[11.798s] -- Up-to-date: /home/orangepi/follow_camera/install/follow_msg/share/follow_msg/cmake/export_follow_msg__rosidl_generator_pyExport-noconfig.cmake
[11.799s] -- Up-to-date: /home/orangepi/follow_camera/install/follow_msg/share/follow_msg/cmake/rosidl_cmake-extras.cmake
[11.799s] -- Up-to-date: /home/orangepi/follow_camera/install/follow_msg/share/follow_msg/cmake/ament_cmake_export_dependencies-extras.cmake
[11.800s] -- Up-to-date: /home/orangepi/follow_camera/install/follow_msg/share/follow_msg/cmake/ament_cmake_export_include_directories-extras.cmake
[11.800s] -- Up-to-date: /home/orangepi/follow_camera/install/follow_msg/share/follow_msg/cmake/ament_cmake_export_libraries-extras.cmake
[11.801s] -- Up-to-date: /home/orangepi/follow_camera/install/follow_msg/share/follow_msg/cmake/ament_cmake_export_targets-extras.cmake
[11.801s] -- Up-to-date: /home/orangepi/follow_camera/install/follow_msg/share/follow_msg/cmake/rosidl_cmake_export_typesupport_targets-extras.cmake
[11.801s] -- Up-to-date: /home/orangepi/follow_camera/install/follow_msg/share/follow_msg/cmake/rosidl_cmake_export_typesupport_libraries-extras.cmake
[11.803s] -- Up-to-date: /home/orangepi/follow_camera/install/follow_msg/share/follow_msg/cmake/follow_msgConfig.cmake
[11.803s] -- Up-to-date: /home/orangepi/follow_camera/install/follow_msg/share/follow_msg/cmake/follow_msgConfig-version.cmake
[11.804s] -- Up-to-date: /home/orangepi/follow_camera/install/follow_msg/share/follow_msg/package.xml
[11.806s] Invoked command in '/home/orangepi/follow_camera/build/follow_msg' returned '0': CMAKE_PREFIX_PATH=${CMAKE_PREFIX_PATH}:/home/orangepi/car_ros2/install/rknn_yolo:/opt/ros/humble /usr/bin/cmake --install /home/orangepi/follow_camera/build/follow_msg
