[1.083s] Invoking command in '/home/orangepi/follow_camera/src/follow_ros': LD_LIBRARY_PATH=/home/orangepi/follow_camera/install/follow_msg/lib:/usr/local/lib:/usr/local/lib:/home/orangepi/uvg_car/install/oakchina_vio_package/lib:/home/orangepi/uvg_car/install/lslidar_msgs/lib:/opt/ros/humble/opt/rviz_ogre_vendor/lib:/opt/ros/humble/lib/aarch64-linux-gnu:/opt/ros/humble/lib PYTHONPATH=/home/orangepi/follow_camera/build/follow_ros/prefix_override:/usr/lib/python3/dist-packages/colcon_core/task/python/colcon_distutils_commands:/home/orangepi/follow_camera/install/follow_ros/lib/python3.10/site-packages:${PYTHONPATH} /usr/bin/python3 -W ignore:setup.py install is deprecated -W ignore:easy_install command is deprecated setup.py egg_info --egg-base ../../build/follow_ros build --build-base /home/orangepi/follow_camera/build/follow_ros/build install --record /home/orangepi/follow_camera/build/follow_ros/install.log --single-version-externally-managed install_data
[1.443s] running egg_info
[1.444s] writing ../../build/follow_ros/follow_ros.egg-info/PKG-INFO
[1.445s] writing dependency_links to ../../build/follow_ros/follow_ros.egg-info/dependency_links.txt
[1.445s] writing entry points to ../../build/follow_ros/follow_ros.egg-info/entry_points.txt
[1.445s] writing requirements to ../../build/follow_ros/follow_ros.egg-info/requires.txt
[1.445s] writing top-level names to ../../build/follow_ros/follow_ros.egg-info/top_level.txt
[1.448s] reading manifest file '../../build/follow_ros/follow_ros.egg-info/SOURCES.txt'
[1.449s] writing manifest file '../../build/follow_ros/follow_ros.egg-info/SOURCES.txt'
[1.449s] running build
[1.450s] running build_py
[1.450s] copying follow_ros/gimbal_controller.py -> /home/orangepi/follow_camera/build/follow_ros/build/lib/follow_ros
[1.450s] running install
[1.451s] running install_lib
[1.453s] copying /home/orangepi/follow_camera/build/follow_ros/build/lib/follow_ros/gimbal_controller.py -> /home/orangepi/follow_camera/install/follow_ros/lib/python3.10/site-packages/follow_ros
[1.454s] byte-compiling /home/orangepi/follow_camera/install/follow_ros/lib/python3.10/site-packages/follow_ros/gimbal_controller.py to gimbal_controller.cpython-310.pyc
[1.455s] running install_data
[1.456s] running install_egg_info
[1.459s] removing '/home/orangepi/follow_camera/install/follow_ros/lib/python3.10/site-packages/follow_ros-0.0.0-py3.10.egg-info' (and everything under it)
[1.459s] Copying ../../build/follow_ros/follow_ros.egg-info to /home/orangepi/follow_camera/install/follow_ros/lib/python3.10/site-packages/follow_ros-0.0.0-py3.10.egg-info
[1.460s] running install_scripts
[1.497s] Installing camer_node script to /home/orangepi/follow_camera/install/follow_ros/lib/follow_ros
[1.497s] Installing gimbal_controller script to /home/orangepi/follow_camera/install/follow_ros/lib/follow_ros
[1.497s] Installing red_dot_tracker script to /home/orangepi/follow_camera/install/follow_ros/lib/follow_ros
[1.498s] Installing reset_controller script to /home/orangepi/follow_camera/install/follow_ros/lib/follow_ros
[1.498s] Installing tape_tracker script to /home/orangepi/follow_camera/install/follow_ros/lib/follow_ros
[1.498s] writing list of installed files to '/home/orangepi/follow_camera/build/follow_ros/install.log'
[1.598s] Invoked command in '/home/orangepi/follow_camera/src/follow_ros' returned '0': LD_LIBRARY_PATH=/home/orangepi/follow_camera/install/follow_msg/lib:/usr/local/lib:/usr/local/lib:/home/orangepi/uvg_car/install/oakchina_vio_package/lib:/home/orangepi/uvg_car/install/lslidar_msgs/lib:/opt/ros/humble/opt/rviz_ogre_vendor/lib:/opt/ros/humble/lib/aarch64-linux-gnu:/opt/ros/humble/lib PYTHONPATH=/home/orangepi/follow_camera/build/follow_ros/prefix_override:/usr/lib/python3/dist-packages/colcon_core/task/python/colcon_distutils_commands:/home/orangepi/follow_camera/install/follow_ros/lib/python3.10/site-packages:${PYTHONPATH} /usr/bin/python3 -W ignore:setup.py install is deprecated -W ignore:easy_install command is deprecated setup.py egg_info --egg-base ../../build/follow_ros build --build-base /home/orangepi/follow_camera/build/follow_ros/build install --record /home/orangepi/follow_camera/build/follow_ros/install.log --single-version-externally-managed install_data
