running egg_info
writing ../../build/follow_ros/follow_ros.egg-info/PKG-INFO
writing dependency_links to ../../build/follow_ros/follow_ros.egg-info/dependency_links.txt
writing entry points to ../../build/follow_ros/follow_ros.egg-info/entry_points.txt
writing requirements to ../../build/follow_ros/follow_ros.egg-info/requires.txt
writing top-level names to ../../build/follow_ros/follow_ros.egg-info/top_level.txt
reading manifest file '../../build/follow_ros/follow_ros.egg-info/SOURCES.txt'
writing manifest file '../../build/follow_ros/follow_ros.egg-info/SOURCES.txt'
running build
running build_py
copying follow_ros/tape_tracker.py -> /home/orangepi/follow_camera/build/follow_ros/build/lib/follow_ros
running install
running install_lib
copying /home/orangepi/follow_camera/build/follow_ros/build/lib/follow_ros/tape_tracker.py -> /home/orangepi/follow_camera/install/follow_ros/lib/python3.10/site-packages/follow_ros
byte-compiling /home/orangepi/follow_camera/install/follow_ros/lib/python3.10/site-packages/follow_ros/tape_tracker.py to tape_tracker.cpython-310.pyc
running install_data
running install_egg_info
removing '/home/orangepi/follow_camera/install/follow_ros/lib/python3.10/site-packages/follow_ros-0.0.0-py3.10.egg-info' (and everything under it)
Copying ../../build/follow_ros/follow_ros.egg-info to /home/orangepi/follow_camera/install/follow_ros/lib/python3.10/site-packages/follow_ros-0.0.0-py3.10.egg-info
running install_scripts
Installing camer_node script to /home/orangepi/follow_camera/install/follow_ros/lib/follow_ros
Installing gimbal_controller script to /home/orangepi/follow_camera/install/follow_ros/lib/follow_ros
Installing red_dot_tracker script to /home/orangepi/follow_camera/install/follow_ros/lib/follow_ros
Installing tape_tracker script to /home/orangepi/follow_camera/install/follow_ros/lib/follow_ros
writing list of installed files to '/home/orangepi/follow_camera/build/follow_ros/install.log'
