[1.164s] Invoking command in '/home/orangepi/follow_camera/src/follow_ros': AMENT_PREFIX_PATH=/home/orangepi/follow_camera/install/follow_msg:${AMENT_PREFIX_PATH} CMAKE_PREFIX_PATH=/home/orangepi/follow_camera/install/follow_msg:${CMAKE_PREFIX_PATH} LD_LIBRARY_PATH=/home/orangepi/follow_camera/install/follow_msg/lib:${LD_LIBRARY_PATH} PYTHONPATH=/home/orangepi/follow_camera/build/follow_ros/prefix_override:/usr/lib/python3/dist-packages/colcon_core/task/python/colcon_distutils_commands:/home/orangepi/follow_camera/install/follow_ros/lib/python3.10/site-packages:/home/orangepi/follow_camera/install/follow_msg/local/lib/python3.10/dist-packages:${PYTHONPATH} /usr/bin/python3 -W ignore:setup.py install is deprecated -W ignore:easy_install command is deprecated setup.py egg_info --egg-base ../../build/follow_ros build --build-base /home/orangepi/follow_camera/build/follow_ros/build install --record /home/orangepi/follow_camera/build/follow_ros/install.log --single-version-externally-managed install_data
[1.515s] running egg_info
[1.516s] writing ../../build/follow_ros/follow_ros.egg-info/PKG-INFO
[1.516s] writing dependency_links to ../../build/follow_ros/follow_ros.egg-info/dependency_links.txt
[1.517s] writing entry points to ../../build/follow_ros/follow_ros.egg-info/entry_points.txt
[1.517s] writing requirements to ../../build/follow_ros/follow_ros.egg-info/requires.txt
[1.517s] writing top-level names to ../../build/follow_ros/follow_ros.egg-info/top_level.txt
[1.520s] reading manifest file '../../build/follow_ros/follow_ros.egg-info/SOURCES.txt'
[1.521s] writing manifest file '../../build/follow_ros/follow_ros.egg-info/SOURCES.txt'
[1.521s] running build
[1.522s] running build_py
[1.522s] copying follow_ros/tape_tracker.py -> /home/orangepi/follow_camera/build/follow_ros/build/lib/follow_ros
[1.522s] copying follow_ros/gimbal_controller.py -> /home/orangepi/follow_camera/build/follow_ros/build/lib/follow_ros
[1.523s] running install
[1.523s] running install_lib
[1.524s] copying /home/orangepi/follow_camera/build/follow_ros/build/lib/follow_ros/tape_tracker.py -> /home/orangepi/follow_camera/install/follow_ros/lib/python3.10/site-packages/follow_ros
[1.524s] copying /home/orangepi/follow_camera/build/follow_ros/build/lib/follow_ros/gimbal_controller.py -> /home/orangepi/follow_camera/install/follow_ros/lib/python3.10/site-packages/follow_ros
[1.525s] byte-compiling /home/orangepi/follow_camera/install/follow_ros/lib/python3.10/site-packages/follow_ros/tape_tracker.py to tape_tracker.cpython-310.pyc
[1.529s] byte-compiling /home/orangepi/follow_camera/install/follow_ros/lib/python3.10/site-packages/follow_ros/gimbal_controller.py to gimbal_controller.cpython-310.pyc
[1.531s] running install_data
[1.531s] running install_egg_info
[1.534s] removing '/home/orangepi/follow_camera/install/follow_ros/lib/python3.10/site-packages/follow_ros-0.0.0-py3.10.egg-info' (and everything under it)
[1.535s] Copying ../../build/follow_ros/follow_ros.egg-info to /home/orangepi/follow_camera/install/follow_ros/lib/python3.10/site-packages/follow_ros-0.0.0-py3.10.egg-info
[1.536s] running install_scripts
[1.571s] Installing camer_node script to /home/orangepi/follow_camera/install/follow_ros/lib/follow_ros
[1.571s] Installing gimbal_controller script to /home/orangepi/follow_camera/install/follow_ros/lib/follow_ros
[1.572s] Installing red_dot_tracker script to /home/orangepi/follow_camera/install/follow_ros/lib/follow_ros
[1.572s] Installing tape_tracker script to /home/orangepi/follow_camera/install/follow_ros/lib/follow_ros
[1.573s] writing list of installed files to '/home/orangepi/follow_camera/build/follow_ros/install.log'
[1.673s] Invoked command in '/home/orangepi/follow_camera/src/follow_ros' returned '0': AMENT_PREFIX_PATH=/home/orangepi/follow_camera/install/follow_msg:${AMENT_PREFIX_PATH} CMAKE_PREFIX_PATH=/home/orangepi/follow_camera/install/follow_msg:${CMAKE_PREFIX_PATH} LD_LIBRARY_PATH=/home/orangepi/follow_camera/install/follow_msg/lib:${LD_LIBRARY_PATH} PYTHONPATH=/home/orangepi/follow_camera/build/follow_ros/prefix_override:/usr/lib/python3/dist-packages/colcon_core/task/python/colcon_distutils_commands:/home/orangepi/follow_camera/install/follow_ros/lib/python3.10/site-packages:/home/orangepi/follow_camera/install/follow_msg/local/lib/python3.10/dist-packages:${PYTHONPATH} /usr/bin/python3 -W ignore:setup.py install is deprecated -W ignore:easy_install command is deprecated setup.py egg_info --egg-base ../../build/follow_ros build --build-base /home/orangepi/follow_camera/build/follow_ros/build install --record /home/orangepi/follow_camera/build/follow_ros/install.log --single-version-externally-managed install_data
