[0.018s] Invoking command in '/home/orangepi/follow_camera/build/follow_msg': CMAKE_PREFIX_PATH=${CMAKE_PREFIX_PATH}:/home/orangepi/follow_camera/install/follow_ros:/home/orangepi/car_ros2/install/rknn_yolo:/opt/ros/humble /usr/bin/cmake --build /home/orangepi/follow_camera/build/follow_msg -- -j8 -l8
[0.158s] [  1%] Built target follow_msg__cpp
[0.174s] [  1%] Built target ament_cmake_python_copy_follow_msg
[0.185s] [ 12%] Built target follow_msg__rosidl_generator_c
[0.192s] [ 23%] Built target follow_msg__rosidl_typesupport_fastrtps_cpp
[0.217s] [ 34%] Built target follow_msg__rosidl_typesupport_introspection_c
[0.221s] [ 56%] Built target follow_msg__rosidl_typesupport_cpp
[0.222s] [ 56%] Built target follow_msg__rosidl_typesupport_c
[0.222s] [ 67%] Built target follow_msg__rosidl_typesupport_introspection_cpp
[0.232s] [ 78%] Built target follow_msg__rosidl_typesupport_fastrtps_c
[0.275s] [ 78%] Built target follow_msg
[0.325s] [ 80%] Built target follow_msg__py
[0.388s] [ 89%] Built target follow_msg__rosidl_generator_py
[0.423s] [ 92%] Built target follow_msg__rosidl_typesupport_c__pyext
[0.424s] [ 96%] Built target follow_msg__rosidl_typesupport_fastrtps_c__pyext
[0.449s] [100%] Built target follow_msg__rosidl_typesupport_introspection_c__pyext
[0.525s] running egg_info
[0.525s] writing follow_msg.egg-info/PKG-INFO
[0.526s] writing dependency_links to follow_msg.egg-info/dependency_links.txt
[0.526s] writing top-level names to follow_msg.egg-info/top_level.txt
[0.530s] reading manifest file 'follow_msg.egg-info/SOURCES.txt'
[0.530s] writing manifest file 'follow_msg.egg-info/SOURCES.txt'
[0.597s] [100%] Built target ament_cmake_python_build_follow_msg_egg
[0.631s] Invoked command in '/home/orangepi/follow_camera/build/follow_msg' returned '0': CMAKE_PREFIX_PATH=${CMAKE_PREFIX_PATH}:/home/orangepi/follow_camera/install/follow_ros:/home/orangepi/car_ros2/install/rknn_yolo:/opt/ros/humble /usr/bin/cmake --build /home/orangepi/follow_camera/build/follow_msg -- -j8 -l8
[0.660s] Invoking command in '/home/orangepi/follow_camera/build/follow_msg': CMAKE_PREFIX_PATH=${CMAKE_PREFIX_PATH}:/home/orangepi/follow_camera/install/follow_ros:/home/orangepi/car_ros2/install/rknn_yolo:/opt/ros/humble /usr/bin/cmake --install /home/orangepi/follow_camera/build/follow_msg
[0.672s] -- Install configuration: ""
[0.673s] -- Up-to-date: /home/orangepi/follow_camera/install/follow_msg/share/ament_index/resource_index/rosidl_interfaces/follow_msg
[0.674s] -- Up-to-date: /home/orangepi/follow_camera/install/follow_msg/include/follow_msg/follow_msg
[0.674s] -- Up-to-date: /home/orangepi/follow_camera/install/follow_msg/include/follow_msg/follow_msg/action
[0.675s] -- Up-to-date: /home/orangepi/follow_camera/install/follow_msg/include/follow_msg/follow_msg/action/track_red_dot.h
[0.676s] -- Up-to-date: /home/orangepi/follow_camera/install/follow_msg/include/follow_msg/follow_msg/action/detail
[0.676s] -- Up-to-date: /home/orangepi/follow_camera/install/follow_msg/include/follow_msg/follow_msg/action/detail/reset_tracker__functions.c
[0.677s] -- Up-to-date: /home/orangepi/follow_camera/install/follow_msg/include/follow_msg/follow_msg/action/detail/get_red_dot_position__functions.c
[0.677s] -- Up-to-date: /home/orangepi/follow_camera/install/follow_msg/include/follow_msg/follow_msg/action/detail/track_red_dot__functions.c
[0.678s] -- Up-to-date: /home/orangepi/follow_camera/install/follow_msg/include/follow_msg/follow_msg/action/detail/reset_tracker__functions.h
[0.678s] -- Up-to-date: /home/orangepi/follow_camera/install/follow_msg/include/follow_msg/follow_msg/action/detail/get_red_dot_position__struct.h
[0.678s] -- Up-to-date: /home/orangepi/follow_camera/install/follow_msg/include/follow_msg/follow_msg/action/detail/reset_tape_tracker__functions.h
[0.679s] -- Up-to-date: /home/orangepi/follow_camera/install/follow_msg/include/follow_msg/follow_msg/action/detail/reset_tape_tracker__struct.h
[0.679s] -- Up-to-date: /home/orangepi/follow_camera/install/follow_msg/include/follow_msg/follow_msg/action/detail/reset_tape_tracker__functions.c
[0.679s] -- Up-to-date: /home/orangepi/follow_camera/install/follow_msg/include/follow_msg/follow_msg/action/detail/reset_tracker__type_support.h
[0.680s] -- Up-to-date: /home/orangepi/follow_camera/install/follow_msg/include/follow_msg/follow_msg/action/detail/reset_tracker__struct.h
[0.680s] -- Up-to-date: /home/orangepi/follow_camera/install/follow_msg/include/follow_msg/follow_msg/action/detail/track_red_dot__functions.h
[0.680s] -- Up-to-date: /home/orangepi/follow_camera/install/follow_msg/include/follow_msg/follow_msg/action/detail/track_red_dot__struct.h
[0.681s] -- Up-to-date: /home/orangepi/follow_camera/install/follow_msg/include/follow_msg/follow_msg/action/detail/get_red_dot_position__functions.h
[0.681s] -- Up-to-date: /home/orangepi/follow_camera/install/follow_msg/include/follow_msg/follow_msg/action/detail/get_red_dot_position__type_support.h
[0.681s] -- Up-to-date: /home/orangepi/follow_camera/install/follow_msg/include/follow_msg/follow_msg/action/detail/track_red_dot__type_support.h
[0.681s] -- Up-to-date: /home/orangepi/follow_camera/install/follow_msg/include/follow_msg/follow_msg/action/detail/reset_tape_tracker__type_support.h
[0.682s] -- Up-to-date: /home/orangepi/follow_camera/install/follow_msg/include/follow_msg/follow_msg/action/reset_tape_tracker.h
[0.682s] -- Up-to-date: /home/orangepi/follow_camera/install/follow_msg/include/follow_msg/follow_msg/action/get_red_dot_position.h
[0.682s] -- Up-to-date: /home/orangepi/follow_camera/install/follow_msg/include/follow_msg/follow_msg/action/reset_tracker.h
[0.683s] -- Up-to-date: /home/orangepi/follow_camera/install/follow_msg/include/follow_msg/follow_msg/msg
[0.683s] -- Up-to-date: /home/orangepi/follow_camera/install/follow_msg/include/follow_msg/follow_msg/msg/rosidl_generator_c__visibility_control.h
[0.683s] -- Up-to-date: /home/orangepi/follow_camera/install/follow_msg/include/follow_msg/follow_msg/srv
[0.683s] -- Up-to-date: /home/orangepi/follow_camera/install/follow_msg/include/follow_msg/follow_msg/srv/detail
[0.684s] -- Up-to-date: /home/orangepi/follow_camera/install/follow_msg/include/follow_msg/follow_msg/srv/detail/get_red_dot_position__functions.c
[0.684s] -- Up-to-date: /home/orangepi/follow_camera/install/follow_msg/include/follow_msg/follow_msg/srv/detail/get_red_dot_position__struct.h
[0.684s] -- Up-to-date: /home/orangepi/follow_camera/install/follow_msg/include/follow_msg/follow_msg/srv/detail/get_red_dot_position__functions.h
[0.684s] -- Up-to-date: /home/orangepi/follow_camera/install/follow_msg/include/follow_msg/follow_msg/srv/detail/get_red_dot_position__type_support.h
[0.685s] -- Up-to-date: /home/orangepi/follow_camera/install/follow_msg/include/follow_msg/follow_msg/srv/get_red_dot_position.h
[0.685s] -- Up-to-date: /home/orangepi/follow_camera/install/follow_msg/share/follow_msg/environment/library_path.sh
[0.685s] -- Up-to-date: /home/orangepi/follow_camera/install/follow_msg/share/follow_msg/environment/library_path.dsv
[0.685s] -- Up-to-date: /home/orangepi/follow_camera/install/follow_msg/lib/libfollow_msg__rosidl_generator_c.so
[0.686s] -- Up-to-date: /home/orangepi/follow_camera/install/follow_msg/include/follow_msg/follow_msg
[0.686s] -- Up-to-date: /home/orangepi/follow_camera/install/follow_msg/include/follow_msg/follow_msg/action
[0.687s] -- Up-to-date: /home/orangepi/follow_camera/install/follow_msg/include/follow_msg/follow_msg/action/detail
[0.687s] -- Up-to-date: /home/orangepi/follow_camera/install/follow_msg/include/follow_msg/follow_msg/action/detail/reset_tracker__rosidl_typesupport_fastrtps_c.h
[0.687s] -- Up-to-date: /home/orangepi/follow_camera/install/follow_msg/include/follow_msg/follow_msg/action/detail/reset_tape_tracker__rosidl_typesupport_fastrtps_c.h
[0.688s] -- Up-to-date: /home/orangepi/follow_camera/install/follow_msg/include/follow_msg/follow_msg/action/detail/get_red_dot_position__rosidl_typesupport_fastrtps_c.h
[0.688s] -- Up-to-date: /home/orangepi/follow_camera/install/follow_msg/include/follow_msg/follow_msg/action/detail/track_red_dot__rosidl_typesupport_fastrtps_c.h
[0.688s] -- Up-to-date: /home/orangepi/follow_camera/install/follow_msg/include/follow_msg/follow_msg/msg
[0.688s] -- Up-to-date: /home/orangepi/follow_camera/install/follow_msg/include/follow_msg/follow_msg/msg/rosidl_typesupport_fastrtps_c__visibility_control.h
[0.689s] -- Up-to-date: /home/orangepi/follow_camera/install/follow_msg/include/follow_msg/follow_msg/srv
[0.689s] -- Up-to-date: /home/orangepi/follow_camera/install/follow_msg/include/follow_msg/follow_msg/srv/detail
[0.689s] -- Up-to-date: /home/orangepi/follow_camera/install/follow_msg/include/follow_msg/follow_msg/srv/detail/get_red_dot_position__rosidl_typesupport_fastrtps_c.h
[0.689s] -- Up-to-date: /home/orangepi/follow_camera/install/follow_msg/lib/libfollow_msg__rosidl_typesupport_fastrtps_c.so
[0.689s] -- Up-to-date: /home/orangepi/follow_camera/install/follow_msg/include/follow_msg/follow_msg
[0.690s] -- Up-to-date: /home/orangepi/follow_camera/install/follow_msg/include/follow_msg/follow_msg/action
[0.691s] -- Up-to-date: /home/orangepi/follow_camera/install/follow_msg/include/follow_msg/follow_msg/action/detail
[0.691s] -- Up-to-date: /home/orangepi/follow_camera/install/follow_msg/include/follow_msg/follow_msg/action/detail/get_red_dot_position__type_support.c
[0.691s] -- Up-to-date: /home/orangepi/follow_camera/install/follow_msg/include/follow_msg/follow_msg/action/detail/reset_tracker__rosidl_typesupport_introspection_c.h
[0.691s] -- Up-to-date: /home/orangepi/follow_camera/install/follow_msg/include/follow_msg/follow_msg/action/detail/get_red_dot_position__rosidl_typesupport_introspection_c.h
[0.691s] -- Up-to-date: /home/orangepi/follow_camera/install/follow_msg/include/follow_msg/follow_msg/action/detail/track_red_dot__rosidl_typesupport_introspection_c.h
[0.691s] -- Up-to-date: /home/orangepi/follow_camera/install/follow_msg/include/follow_msg/follow_msg/action/detail/reset_tape_tracker__type_support.c
[0.691s] -- Up-to-date: /home/orangepi/follow_camera/install/follow_msg/include/follow_msg/follow_msg/action/detail/reset_tape_tracker__rosidl_typesupport_introspection_c.h
[0.691s] -- Up-to-date: /home/orangepi/follow_camera/install/follow_msg/include/follow_msg/follow_msg/action/detail/reset_tracker__type_support.c
[0.691s] -- Up-to-date: /home/orangepi/follow_camera/install/follow_msg/include/follow_msg/follow_msg/action/detail/track_red_dot__type_support.c
[0.691s] -- Up-to-date: /home/orangepi/follow_camera/install/follow_msg/include/follow_msg/follow_msg/msg
[0.691s] -- Up-to-date: /home/orangepi/follow_camera/install/follow_msg/include/follow_msg/follow_msg/msg/rosidl_typesupport_introspection_c__visibility_control.h
[0.691s] -- Up-to-date: /home/orangepi/follow_camera/install/follow_msg/include/follow_msg/follow_msg/srv
[0.692s] -- Up-to-date: /home/orangepi/follow_camera/install/follow_msg/include/follow_msg/follow_msg/srv/detail
[0.692s] -- Up-to-date: /home/orangepi/follow_camera/install/follow_msg/include/follow_msg/follow_msg/srv/detail/get_red_dot_position__type_support.c
[0.692s] -- Up-to-date: /home/orangepi/follow_camera/install/follow_msg/include/follow_msg/follow_msg/srv/detail/get_red_dot_position__rosidl_typesupport_introspection_c.h
[0.692s] -- Up-to-date: /home/orangepi/follow_camera/install/follow_msg/lib/libfollow_msg__rosidl_typesupport_introspection_c.so
[0.692s] -- Up-to-date: /home/orangepi/follow_camera/install/follow_msg/lib/libfollow_msg__rosidl_typesupport_c.so
[0.692s] -- Up-to-date: /home/orangepi/follow_camera/install/follow_msg/include/follow_msg/follow_msg
[0.692s] -- Up-to-date: /home/orangepi/follow_camera/install/follow_msg/include/follow_msg/follow_msg/action
[0.692s] -- Up-to-date: /home/orangepi/follow_camera/install/follow_msg/include/follow_msg/follow_msg/action/get_red_dot_position.hpp
[0.692s] -- Up-to-date: /home/orangepi/follow_camera/install/follow_msg/include/follow_msg/follow_msg/action/reset_tape_tracker.hpp
[0.692s] -- Up-to-date: /home/orangepi/follow_camera/install/follow_msg/include/follow_msg/follow_msg/action/detail
[0.692s] -- Up-to-date: /home/orangepi/follow_camera/install/follow_msg/include/follow_msg/follow_msg/action/detail/track_red_dot__type_support.hpp
[0.693s] -- Up-to-date: /home/orangepi/follow_camera/install/follow_msg/include/follow_msg/follow_msg/action/detail/reset_tracker__struct.hpp
[0.693s] -- Up-to-date: /home/orangepi/follow_camera/install/follow_msg/include/follow_msg/follow_msg/action/detail/get_red_dot_position__traits.hpp
[0.693s] -- Up-to-date: /home/orangepi/follow_camera/install/follow_msg/include/follow_msg/follow_msg/action/detail/track_red_dot__struct.hpp
[0.693s] -- Up-to-date: /home/orangepi/follow_camera/install/follow_msg/include/follow_msg/follow_msg/action/detail/track_red_dot__traits.hpp
[0.693s] -- Up-to-date: /home/orangepi/follow_camera/install/follow_msg/include/follow_msg/follow_msg/action/detail/reset_tape_tracker__builder.hpp
[0.693s] -- Up-to-date: /home/orangepi/follow_camera/install/follow_msg/include/follow_msg/follow_msg/action/detail/reset_tape_tracker__type_support.hpp
[0.693s] -- Up-to-date: /home/orangepi/follow_camera/install/follow_msg/include/follow_msg/follow_msg/action/detail/get_red_dot_position__builder.hpp
[0.693s] -- Up-to-date: /home/orangepi/follow_camera/install/follow_msg/include/follow_msg/follow_msg/action/detail/reset_tracker__type_support.hpp
[0.693s] -- Up-to-date: /home/orangepi/follow_camera/install/follow_msg/include/follow_msg/follow_msg/action/detail/reset_tracker__traits.hpp
[0.693s] -- Up-to-date: /home/orangepi/follow_camera/install/follow_msg/include/follow_msg/follow_msg/action/detail/get_red_dot_position__struct.hpp
[0.693s] -- Up-to-date: /home/orangepi/follow_camera/install/follow_msg/include/follow_msg/follow_msg/action/detail/reset_tape_tracker__traits.hpp
[0.693s] -- Up-to-date: /home/orangepi/follow_camera/install/follow_msg/include/follow_msg/follow_msg/action/detail/reset_tape_tracker__struct.hpp
[0.694s] -- Up-to-date: /home/orangepi/follow_camera/install/follow_msg/include/follow_msg/follow_msg/action/detail/get_red_dot_position__type_support.hpp
[0.694s] -- Up-to-date: /home/orangepi/follow_camera/install/follow_msg/include/follow_msg/follow_msg/action/detail/track_red_dot__builder.hpp
[0.694s] -- Up-to-date: /home/orangepi/follow_camera/install/follow_msg/include/follow_msg/follow_msg/action/detail/reset_tracker__builder.hpp
[0.694s] -- Up-to-date: /home/orangepi/follow_camera/install/follow_msg/include/follow_msg/follow_msg/action/track_red_dot.hpp
[0.694s] -- Up-to-date: /home/orangepi/follow_camera/install/follow_msg/include/follow_msg/follow_msg/action/reset_tracker.hpp
[0.694s] -- Up-to-date: /home/orangepi/follow_camera/install/follow_msg/include/follow_msg/follow_msg/msg
[0.694s] -- Up-to-date: /home/orangepi/follow_camera/install/follow_msg/include/follow_msg/follow_msg/msg/rosidl_generator_cpp__visibility_control.hpp
[0.694s] -- Up-to-date: /home/orangepi/follow_camera/install/follow_msg/include/follow_msg/follow_msg/srv
[0.694s] -- Up-to-date: /home/orangepi/follow_camera/install/follow_msg/include/follow_msg/follow_msg/srv/get_red_dot_position.hpp
[0.694s] -- Up-to-date: /home/orangepi/follow_camera/install/follow_msg/include/follow_msg/follow_msg/srv/detail
[0.694s] -- Up-to-date: /home/orangepi/follow_camera/install/follow_msg/include/follow_msg/follow_msg/srv/detail/get_red_dot_position__traits.hpp
[0.694s] -- Up-to-date: /home/orangepi/follow_camera/install/follow_msg/include/follow_msg/follow_msg/srv/detail/get_red_dot_position__builder.hpp
[0.695s] -- Up-to-date: /home/orangepi/follow_camera/install/follow_msg/include/follow_msg/follow_msg/srv/detail/get_red_dot_position__struct.hpp
[0.695s] -- Up-to-date: /home/orangepi/follow_camera/install/follow_msg/include/follow_msg/follow_msg/srv/detail/get_red_dot_position__type_support.hpp
[0.695s] -- Up-to-date: /home/orangepi/follow_camera/install/follow_msg/include/follow_msg/follow_msg
[0.695s] -- Up-to-date: /home/orangepi/follow_camera/install/follow_msg/include/follow_msg/follow_msg/action
[0.695s] -- Up-to-date: /home/orangepi/follow_camera/install/follow_msg/include/follow_msg/follow_msg/action/detail
[0.695s] -- Up-to-date: /home/orangepi/follow_camera/install/follow_msg/include/follow_msg/follow_msg/action/detail/track_red_dot__rosidl_typesupport_fastrtps_cpp.hpp
[0.695s] -- Up-to-date: /home/orangepi/follow_camera/install/follow_msg/include/follow_msg/follow_msg/action/detail/reset_tape_tracker__rosidl_typesupport_fastrtps_cpp.hpp
[0.695s] -- Up-to-date: /home/orangepi/follow_camera/install/follow_msg/include/follow_msg/follow_msg/action/detail/get_red_dot_position__rosidl_typesupport_fastrtps_cpp.hpp
[0.695s] -- Up-to-date: /home/orangepi/follow_camera/install/follow_msg/include/follow_msg/follow_msg/action/detail/dds_fastrtps
[0.695s] -- Up-to-date: /home/orangepi/follow_camera/install/follow_msg/include/follow_msg/follow_msg/action/detail/reset_tracker__rosidl_typesupport_fastrtps_cpp.hpp
[0.695s] -- Up-to-date: /home/orangepi/follow_camera/install/follow_msg/include/follow_msg/follow_msg/msg
[0.695s] -- Up-to-date: /home/orangepi/follow_camera/install/follow_msg/include/follow_msg/follow_msg/msg/rosidl_typesupport_fastrtps_cpp__visibility_control.h
[0.695s] -- Up-to-date: /home/orangepi/follow_camera/install/follow_msg/include/follow_msg/follow_msg/srv
[0.695s] -- Up-to-date: /home/orangepi/follow_camera/install/follow_msg/include/follow_msg/follow_msg/srv/detail
[0.696s] -- Up-to-date: /home/orangepi/follow_camera/install/follow_msg/include/follow_msg/follow_msg/srv/detail/get_red_dot_position__rosidl_typesupport_fastrtps_cpp.hpp
[0.696s] -- Up-to-date: /home/orangepi/follow_camera/install/follow_msg/include/follow_msg/follow_msg/srv/detail/dds_fastrtps
[0.696s] -- Up-to-date: /home/orangepi/follow_camera/install/follow_msg/lib/libfollow_msg__rosidl_typesupport_fastrtps_cpp.so
[0.696s] -- Up-to-date: /home/orangepi/follow_camera/install/follow_msg/include/follow_msg/follow_msg
[0.696s] -- Up-to-date: /home/orangepi/follow_camera/install/follow_msg/include/follow_msg/follow_msg/action
[0.696s] -- Up-to-date: /home/orangepi/follow_camera/install/follow_msg/include/follow_msg/follow_msg/action/detail
[0.696s] -- Up-to-date: /home/orangepi/follow_camera/install/follow_msg/include/follow_msg/follow_msg/action/detail/reset_tracker__type_support.cpp
[0.696s] -- Up-to-date: /home/orangepi/follow_camera/install/follow_msg/include/follow_msg/follow_msg/action/detail/get_red_dot_position__rosidl_typesupport_introspection_cpp.hpp
[0.696s] -- Up-to-date: /home/orangepi/follow_camera/install/follow_msg/include/follow_msg/follow_msg/action/detail/track_red_dot__type_support.cpp
[0.696s] -- Up-to-date: /home/orangepi/follow_camera/install/follow_msg/include/follow_msg/follow_msg/action/detail/track_red_dot__rosidl_typesupport_introspection_cpp.hpp
[0.696s] -- Up-to-date: /home/orangepi/follow_camera/install/follow_msg/include/follow_msg/follow_msg/action/detail/reset_tape_tracker__rosidl_typesupport_introspection_cpp.hpp
[0.696s] -- Up-to-date: /home/orangepi/follow_camera/install/follow_msg/include/follow_msg/follow_msg/action/detail/get_red_dot_position__type_support.cpp
[0.696s] -- Up-to-date: /home/orangepi/follow_camera/install/follow_msg/include/follow_msg/follow_msg/action/detail/reset_tape_tracker__type_support.cpp
[0.696s] -- Up-to-date: /home/orangepi/follow_camera/install/follow_msg/include/follow_msg/follow_msg/action/detail/reset_tracker__rosidl_typesupport_introspection_cpp.hpp
[0.697s] -- Up-to-date: /home/orangepi/follow_camera/install/follow_msg/include/follow_msg/follow_msg/srv
[0.697s] -- Up-to-date: /home/orangepi/follow_camera/install/follow_msg/include/follow_msg/follow_msg/srv/detail
[0.697s] -- Up-to-date: /home/orangepi/follow_camera/install/follow_msg/include/follow_msg/follow_msg/srv/detail/get_red_dot_position__rosidl_typesupport_introspection_cpp.hpp
[0.697s] -- Up-to-date: /home/orangepi/follow_camera/install/follow_msg/include/follow_msg/follow_msg/srv/detail/get_red_dot_position__type_support.cpp
[0.697s] -- Up-to-date: /home/orangepi/follow_camera/install/follow_msg/lib/libfollow_msg__rosidl_typesupport_introspection_cpp.so
[0.697s] -- Up-to-date: /home/orangepi/follow_camera/install/follow_msg/lib/libfollow_msg__rosidl_typesupport_cpp.so
[0.697s] -- Up-to-date: /home/orangepi/follow_camera/install/follow_msg/share/follow_msg/environment/pythonpath.sh
[0.697s] -- Up-to-date: /home/orangepi/follow_camera/install/follow_msg/share/follow_msg/environment/pythonpath.dsv
[0.697s] -- Up-to-date: /home/orangepi/follow_camera/install/follow_msg/local/lib/python3.10/dist-packages/follow_msg-0.0.0-py3.10.egg-info
[0.697s] -- Installing: /home/orangepi/follow_camera/install/follow_msg/local/lib/python3.10/dist-packages/follow_msg-0.0.0-py3.10.egg-info/top_level.txt
[0.697s] -- Installing: /home/orangepi/follow_camera/install/follow_msg/local/lib/python3.10/dist-packages/follow_msg-0.0.0-py3.10.egg-info/SOURCES.txt
[0.697s] -- Installing: /home/orangepi/follow_camera/install/follow_msg/local/lib/python3.10/dist-packages/follow_msg-0.0.0-py3.10.egg-info/PKG-INFO
[0.697s] -- Installing: /home/orangepi/follow_camera/install/follow_msg/local/lib/python3.10/dist-packages/follow_msg-0.0.0-py3.10.egg-info/dependency_links.txt
[0.697s] -- Up-to-date: /home/orangepi/follow_camera/install/follow_msg/local/lib/python3.10/dist-packages/follow_msg
[0.698s] -- Up-to-date: /home/orangepi/follow_camera/install/follow_msg/local/lib/python3.10/dist-packages/follow_msg/action
[0.698s] -- Up-to-date: /home/orangepi/follow_camera/install/follow_msg/local/lib/python3.10/dist-packages/follow_msg/action/_reset_tracker_s.c
[0.698s] -- Up-to-date: /home/orangepi/follow_camera/install/follow_msg/local/lib/python3.10/dist-packages/follow_msg/action/_get_red_dot_position_s.c
[0.698s] -- Up-to-date: /home/orangepi/follow_camera/install/follow_msg/local/lib/python3.10/dist-packages/follow_msg/action/_reset_tape_tracker_s.c
[0.698s] -- Up-to-date: /home/orangepi/follow_camera/install/follow_msg/local/lib/python3.10/dist-packages/follow_msg/action/_reset_tracker.py
[0.698s] -- Up-to-date: /home/orangepi/follow_camera/install/follow_msg/local/lib/python3.10/dist-packages/follow_msg/action/_reset_tape_tracker.py
[0.698s] -- Up-to-date: /home/orangepi/follow_camera/install/follow_msg/local/lib/python3.10/dist-packages/follow_msg/action/_track_red_dot.py
[0.698s] -- Up-to-date: /home/orangepi/follow_camera/install/follow_msg/local/lib/python3.10/dist-packages/follow_msg/action/__init__.py
[0.698s] -- Up-to-date: /home/orangepi/follow_camera/install/follow_msg/local/lib/python3.10/dist-packages/follow_msg/action/_track_red_dot_s.c
[0.698s] -- Up-to-date: /home/orangepi/follow_camera/install/follow_msg/local/lib/python3.10/dist-packages/follow_msg/action/_get_red_dot_position.py
[0.698s] -- Up-to-date: /home/orangepi/follow_camera/install/follow_msg/local/lib/python3.10/dist-packages/follow_msg/_follow_msg_s.ep.rosidl_typesupport_c.c
[0.698s] -- Up-to-date: /home/orangepi/follow_camera/install/follow_msg/local/lib/python3.10/dist-packages/follow_msg/follow_msg_s__rosidl_typesupport_c.cpython-310-aarch64-linux-gnu.so
[0.698s] -- Up-to-date: /home/orangepi/follow_camera/install/follow_msg/local/lib/python3.10/dist-packages/follow_msg/__init__.py
[0.698s] -- Up-to-date: /home/orangepi/follow_camera/install/follow_msg/local/lib/python3.10/dist-packages/follow_msg/_follow_msg_s.ep.rosidl_typesupport_fastrtps_c.c
[0.698s] -- Up-to-date: /home/orangepi/follow_camera/install/follow_msg/local/lib/python3.10/dist-packages/follow_msg/libfollow_msg__rosidl_generator_py.so
[0.699s] -- Up-to-date: /home/orangepi/follow_camera/install/follow_msg/local/lib/python3.10/dist-packages/follow_msg/follow_msg_s__rosidl_typesupport_introspection_c.cpython-310-aarch64-linux-gnu.so
[0.699s] -- Up-to-date: /home/orangepi/follow_camera/install/follow_msg/local/lib/python3.10/dist-packages/follow_msg/_follow_msg_s.ep.rosidl_typesupport_introspection_c.c
[0.699s] -- Up-to-date: /home/orangepi/follow_camera/install/follow_msg/local/lib/python3.10/dist-packages/follow_msg/follow_msg_s__rosidl_typesupport_fastrtps_c.cpython-310-aarch64-linux-gnu.so
[0.699s] -- Up-to-date: /home/orangepi/follow_camera/install/follow_msg/local/lib/python3.10/dist-packages/follow_msg/srv
[0.699s] -- Up-to-date: /home/orangepi/follow_camera/install/follow_msg/local/lib/python3.10/dist-packages/follow_msg/srv/_get_red_dot_position_s.c
[0.699s] -- Up-to-date: /home/orangepi/follow_camera/install/follow_msg/local/lib/python3.10/dist-packages/follow_msg/srv/__init__.py
[0.699s] -- Up-to-date: /home/orangepi/follow_camera/install/follow_msg/local/lib/python3.10/dist-packages/follow_msg/srv/_get_red_dot_position.py
[0.732s] Listing '/home/orangepi/follow_camera/install/follow_msg/local/lib/python3.10/dist-packages/follow_msg'...
[0.733s] Listing '/home/orangepi/follow_camera/install/follow_msg/local/lib/python3.10/dist-packages/follow_msg/action'...
[0.733s] Listing '/home/orangepi/follow_camera/install/follow_msg/local/lib/python3.10/dist-packages/follow_msg/srv'...
[0.741s] -- Up-to-date: /home/orangepi/follow_camera/install/follow_msg/local/lib/python3.10/dist-packages/follow_msg/follow_msg_s__rosidl_typesupport_fastrtps_c.cpython-310-aarch64-linux-gnu.so
[0.742s] -- Up-to-date: /home/orangepi/follow_camera/install/follow_msg/local/lib/python3.10/dist-packages/follow_msg/follow_msg_s__rosidl_typesupport_introspection_c.cpython-310-aarch64-linux-gnu.so
[0.742s] -- Up-to-date: /home/orangepi/follow_camera/install/follow_msg/local/lib/python3.10/dist-packages/follow_msg/follow_msg_s__rosidl_typesupport_c.cpython-310-aarch64-linux-gnu.so
[0.743s] -- Up-to-date: /home/orangepi/follow_camera/install/follow_msg/lib/libfollow_msg__rosidl_generator_py.so
[0.744s] -- Up-to-date: /home/orangepi/follow_camera/install/follow_msg/share/follow_msg/action/TrackRedDot.idl
[0.744s] -- Up-to-date: /home/orangepi/follow_camera/install/follow_msg/share/follow_msg/action/ResetTapeTracker.idl
[0.744s] -- Up-to-date: /home/orangepi/follow_camera/install/follow_msg/share/follow_msg/action/ResetTracker.idl
[0.745s] -- Up-to-date: /home/orangepi/follow_camera/install/follow_msg/share/follow_msg/action/GetRedDotPosition.idl
[0.745s] -- Up-to-date: /home/orangepi/follow_camera/install/follow_msg/share/follow_msg/action/TrackRedDot.action
[0.746s] -- Up-to-date: /home/orangepi/follow_camera/install/follow_msg/share/follow_msg/action/ResetTapeTracker.action
[0.747s] -- Up-to-date: /home/orangepi/follow_camera/install/follow_msg/share/follow_msg/action/ResetTracker.action
[0.748s] -- Up-to-date: /home/orangepi/follow_camera/install/follow_msg/share/follow_msg/action/GetRedDotPosition.action
[0.749s] -- Up-to-date: /home/orangepi/follow_camera/install/follow_msg/share/ament_index/resource_index/package_run_dependencies/follow_msg
[0.749s] -- Up-to-date: /home/orangepi/follow_camera/install/follow_msg/share/ament_index/resource_index/parent_prefix_path/follow_msg
[0.749s] -- Up-to-date: /home/orangepi/follow_camera/install/follow_msg/share/follow_msg/environment/ament_prefix_path.sh
[0.749s] -- Up-to-date: /home/orangepi/follow_camera/install/follow_msg/share/follow_msg/environment/ament_prefix_path.dsv
[0.749s] -- Up-to-date: /home/orangepi/follow_camera/install/follow_msg/share/follow_msg/environment/path.sh
[0.749s] -- Up-to-date: /home/orangepi/follow_camera/install/follow_msg/share/follow_msg/environment/path.dsv
[0.750s] -- Up-to-date: /home/orangepi/follow_camera/install/follow_msg/share/follow_msg/local_setup.bash
[0.750s] -- Up-to-date: /home/orangepi/follow_camera/install/follow_msg/share/follow_msg/local_setup.sh
[0.750s] -- Up-to-date: /home/orangepi/follow_camera/install/follow_msg/share/follow_msg/local_setup.zsh
[0.750s] -- Up-to-date: /home/orangepi/follow_camera/install/follow_msg/share/follow_msg/local_setup.dsv
[0.750s] -- Installing: /home/orangepi/follow_camera/install/follow_msg/share/follow_msg/package.dsv
[0.750s] -- Up-to-date: /home/orangepi/follow_camera/install/follow_msg/share/ament_index/resource_index/packages/follow_msg
[0.750s] -- Up-to-date: /home/orangepi/follow_camera/install/follow_msg/share/follow_msg/cmake/export_follow_msg__rosidl_generator_cExport.cmake
[0.750s] -- Up-to-date: /home/orangepi/follow_camera/install/follow_msg/share/follow_msg/cmake/export_follow_msg__rosidl_generator_cExport-noconfig.cmake
[0.750s] -- Up-to-date: /home/orangepi/follow_camera/install/follow_msg/share/follow_msg/cmake/export_follow_msg__rosidl_typesupport_fastrtps_cExport.cmake
[0.750s] -- Up-to-date: /home/orangepi/follow_camera/install/follow_msg/share/follow_msg/cmake/export_follow_msg__rosidl_typesupport_fastrtps_cExport-noconfig.cmake
[0.750s] -- Up-to-date: /home/orangepi/follow_camera/install/follow_msg/share/follow_msg/cmake/follow_msg__rosidl_typesupport_introspection_cExport.cmake
[0.750s] -- Up-to-date: /home/orangepi/follow_camera/install/follow_msg/share/follow_msg/cmake/follow_msg__rosidl_typesupport_introspection_cExport-noconfig.cmake
[0.750s] -- Up-to-date: /home/orangepi/follow_camera/install/follow_msg/share/follow_msg/cmake/follow_msg__rosidl_typesupport_cExport.cmake
[0.751s] -- Up-to-date: /home/orangepi/follow_camera/install/follow_msg/share/follow_msg/cmake/follow_msg__rosidl_typesupport_cExport-noconfig.cmake
[0.751s] -- Up-to-date: /home/orangepi/follow_camera/install/follow_msg/share/follow_msg/cmake/export_follow_msg__rosidl_generator_cppExport.cmake
[0.751s] -- Up-to-date: /home/orangepi/follow_camera/install/follow_msg/share/follow_msg/cmake/export_follow_msg__rosidl_typesupport_fastrtps_cppExport.cmake
[0.751s] -- Up-to-date: /home/orangepi/follow_camera/install/follow_msg/share/follow_msg/cmake/export_follow_msg__rosidl_typesupport_fastrtps_cppExport-noconfig.cmake
[0.751s] -- Up-to-date: /home/orangepi/follow_camera/install/follow_msg/share/follow_msg/cmake/follow_msg__rosidl_typesupport_introspection_cppExport.cmake
[0.751s] -- Up-to-date: /home/orangepi/follow_camera/install/follow_msg/share/follow_msg/cmake/follow_msg__rosidl_typesupport_introspection_cppExport-noconfig.cmake
[0.751s] -- Up-to-date: /home/orangepi/follow_camera/install/follow_msg/share/follow_msg/cmake/follow_msg__rosidl_typesupport_cppExport.cmake
[0.751s] -- Up-to-date: /home/orangepi/follow_camera/install/follow_msg/share/follow_msg/cmake/follow_msg__rosidl_typesupport_cppExport-noconfig.cmake
[0.751s] -- Up-to-date: /home/orangepi/follow_camera/install/follow_msg/share/follow_msg/cmake/export_follow_msg__rosidl_generator_pyExport.cmake
[0.751s] -- Up-to-date: /home/orangepi/follow_camera/install/follow_msg/share/follow_msg/cmake/export_follow_msg__rosidl_generator_pyExport-noconfig.cmake
[0.751s] -- Up-to-date: /home/orangepi/follow_camera/install/follow_msg/share/follow_msg/cmake/rosidl_cmake-extras.cmake
[0.751s] -- Up-to-date: /home/orangepi/follow_camera/install/follow_msg/share/follow_msg/cmake/ament_cmake_export_dependencies-extras.cmake
[0.751s] -- Up-to-date: /home/orangepi/follow_camera/install/follow_msg/share/follow_msg/cmake/ament_cmake_export_include_directories-extras.cmake
[0.752s] -- Up-to-date: /home/orangepi/follow_camera/install/follow_msg/share/follow_msg/cmake/ament_cmake_export_libraries-extras.cmake
[0.752s] -- Up-to-date: /home/orangepi/follow_camera/install/follow_msg/share/follow_msg/cmake/ament_cmake_export_targets-extras.cmake
[0.752s] -- Up-to-date: /home/orangepi/follow_camera/install/follow_msg/share/follow_msg/cmake/rosidl_cmake_export_typesupport_targets-extras.cmake
[0.752s] -- Up-to-date: /home/orangepi/follow_camera/install/follow_msg/share/follow_msg/cmake/rosidl_cmake_export_typesupport_libraries-extras.cmake
[0.752s] -- Up-to-date: /home/orangepi/follow_camera/install/follow_msg/share/follow_msg/cmake/follow_msgConfig.cmake
[0.752s] -- Up-to-date: /home/orangepi/follow_camera/install/follow_msg/share/follow_msg/cmake/follow_msgConfig-version.cmake
[0.752s] -- Up-to-date: /home/orangepi/follow_camera/install/follow_msg/share/follow_msg/package.xml
[0.752s] Invoked command in '/home/orangepi/follow_camera/build/follow_msg' returned '0': CMAKE_PREFIX_PATH=${CMAKE_PREFIX_PATH}:/home/orangepi/follow_camera/install/follow_ros:/home/orangepi/car_ros2/install/rknn_yolo:/opt/ros/humble /usr/bin/cmake --install /home/orangepi/follow_camera/build/follow_msg
