/home/orangepi/follow_camera/install/follow_ros/lib/python3.10/site-packages/follow_ros/Emmv5.py
/home/orangepi/follow_camera/install/follow_ros/lib/python3.10/site-packages/follow_ros/tape_tracker.py
/home/orangepi/follow_camera/install/follow_ros/lib/python3.10/site-packages/follow_ros/__init__.py
/home/orangepi/follow_camera/install/follow_ros/lib/python3.10/site-packages/follow_ros/camer_node.py
/home/orangepi/follow_camera/install/follow_ros/lib/python3.10/site-packages/follow_ros/red_dot_tracker.py
/home/orangepi/follow_camera/install/follow_ros/lib/python3.10/site-packages/follow_ros/reset_controller.py
/home/orangepi/follow_camera/install/follow_ros/lib/python3.10/site-packages/follow_ros/gimbal_controller.py
/home/orangepi/follow_camera/install/follow_ros/lib/python3.10/site-packages/follow_ros/__pycache__/Emmv5.cpython-310.pyc
/home/orangepi/follow_camera/install/follow_ros/lib/python3.10/site-packages/follow_ros/__pycache__/tape_tracker.cpython-310.pyc
/home/orangepi/follow_camera/install/follow_ros/lib/python3.10/site-packages/follow_ros/__pycache__/__init__.cpython-310.pyc
/home/orangepi/follow_camera/install/follow_ros/lib/python3.10/site-packages/follow_ros/__pycache__/camer_node.cpython-310.pyc
/home/orangepi/follow_camera/install/follow_ros/lib/python3.10/site-packages/follow_ros/__pycache__/red_dot_tracker.cpython-310.pyc
/home/orangepi/follow_camera/install/follow_ros/lib/python3.10/site-packages/follow_ros/__pycache__/reset_controller.cpython-310.pyc
/home/orangepi/follow_camera/install/follow_ros/lib/python3.10/site-packages/follow_ros/__pycache__/gimbal_controller.cpython-310.pyc
/home/orangepi/follow_camera/install/follow_ros/share/ament_index/resource_index/packages/follow_ros
/home/orangepi/follow_camera/install/follow_ros/share/follow_ros/package.xml
/home/orangepi/follow_camera/install/follow_ros/share/follow_ros/launch/tracker_system.launch.py
/home/orangepi/follow_camera/install/follow_ros/lib/python3.10/site-packages/follow_ros-0.0.0-py3.10.egg-info/top_level.txt
/home/orangepi/follow_camera/install/follow_ros/lib/python3.10/site-packages/follow_ros-0.0.0-py3.10.egg-info/zip-safe
/home/orangepi/follow_camera/install/follow_ros/lib/python3.10/site-packages/follow_ros-0.0.0-py3.10.egg-info/SOURCES.txt
/home/orangepi/follow_camera/install/follow_ros/lib/python3.10/site-packages/follow_ros-0.0.0-py3.10.egg-info/PKG-INFO
/home/orangepi/follow_camera/install/follow_ros/lib/python3.10/site-packages/follow_ros-0.0.0-py3.10.egg-info/dependency_links.txt
/home/orangepi/follow_camera/install/follow_ros/lib/python3.10/site-packages/follow_ros-0.0.0-py3.10.egg-info/requires.txt
/home/orangepi/follow_camera/install/follow_ros/lib/python3.10/site-packages/follow_ros-0.0.0-py3.10.egg-info/entry_points.txt
/home/orangepi/follow_camera/install/follow_ros/lib/follow_ros/camer_node
/home/orangepi/follow_camera/install/follow_ros/lib/follow_ros/gimbal_controller
/home/orangepi/follow_camera/install/follow_ros/lib/follow_ros/red_dot_tracker
/home/orangepi/follow_camera/install/follow_ros/lib/follow_ros/reset_controller
/home/orangepi/follow_camera/install/follow_ros/lib/follow_ros/tape_tracker
