[1.139s] Invoking command in '/home/orangepi/follow_camera/src/follow_ros': PYTHONPATH=/home/orangepi/follow_camera/build/follow_ros/prefix_override:/usr/lib/python3/dist-packages/colcon_core/task/python/colcon_distutils_commands:/home/orangepi/follow_camera/install/follow_ros/lib/python3.10/site-packages:${PYTHONPATH} /usr/bin/python3 -W ignore:setup.py install is deprecated -W ignore:easy_install command is deprecated setup.py egg_info --egg-base ../../build/follow_ros build --build-base /home/orangepi/follow_camera/build/follow_ros/build install --record /home/orangepi/follow_camera/build/follow_ros/install.log --single-version-externally-managed install_data
[1.490s] running egg_info
[1.491s] writing ../../build/follow_ros/follow_ros.egg-info/PKG-INFO
[1.491s] writing dependency_links to ../../build/follow_ros/follow_ros.egg-info/dependency_links.txt
[1.491s] writing entry points to ../../build/follow_ros/follow_ros.egg-info/entry_points.txt
[1.492s] writing requirements to ../../build/follow_ros/follow_ros.egg-info/requires.txt
[1.492s] writing top-level names to ../../build/follow_ros/follow_ros.egg-info/top_level.txt
[1.495s] reading manifest file '../../build/follow_ros/follow_ros.egg-info/SOURCES.txt'
[1.496s] writing manifest file '../../build/follow_ros/follow_ros.egg-info/SOURCES.txt'
[1.496s] running build
[1.497s] running build_py
[1.497s] running install
[1.498s] running install_lib
[1.500s] running install_data
[1.500s] running install_egg_info
[1.503s] removing '/home/orangepi/follow_camera/install/follow_ros/lib/python3.10/site-packages/follow_ros-0.0.0-py3.10.egg-info' (and everything under it)
[1.504s] Copying ../../build/follow_ros/follow_ros.egg-info to /home/orangepi/follow_camera/install/follow_ros/lib/python3.10/site-packages/follow_ros-0.0.0-py3.10.egg-info
[1.504s] running install_scripts
[1.546s] Installing camer_node script to /home/orangepi/follow_camera/install/follow_ros/lib/follow_ros
[1.546s] Installing gimbal_controller script to /home/orangepi/follow_camera/install/follow_ros/lib/follow_ros
[1.547s] Installing red_dot_tracker script to /home/orangepi/follow_camera/install/follow_ros/lib/follow_ros
[1.547s] Installing reset_controller script to /home/orangepi/follow_camera/install/follow_ros/lib/follow_ros
[1.547s] Installing tape_tracker script to /home/orangepi/follow_camera/install/follow_ros/lib/follow_ros
[1.548s] writing list of installed files to '/home/orangepi/follow_camera/build/follow_ros/install.log'
[1.648s] Invoked command in '/home/orangepi/follow_camera/src/follow_ros' returned '0': PYTHONPATH=/home/orangepi/follow_camera/build/follow_ros/prefix_override:/usr/lib/python3/dist-packages/colcon_core/task/python/colcon_distutils_commands:/home/orangepi/follow_camera/install/follow_ros/lib/python3.10/site-packages:${PYTHONPATH} /usr/bin/python3 -W ignore:setup.py install is deprecated -W ignore:easy_install command is deprecated setup.py egg_info --egg-base ../../build/follow_ros build --build-base /home/orangepi/follow_camera/build/follow_ros/build install --record /home/orangepi/follow_camera/build/follow_ros/install.log --single-version-externally-managed install_data
